<?xml version="1.0" encoding="UTF-8"?>
<!-- Generated by org.testng.reporters.JUnitReportReporter -->
<testsuite hostname="EPINHYDW0D30" failures="0" tests="2" name="scenarioOutline.TestLoginPage" time="28.571" errors="0" timestamp="2022-03-01T12:01:32 IST" skipped="0">
  <testcase classname="scenarioOutline.TestLoginPage" name="runScenario" time="18.683"/>
  <system-out/>
  <testcase classname="scenarioOutline.TestLoginPage" name="runScenario" time="9.888"/>
  <system-out/>
</testsuite> <!-- scenarioOutline.TestLoginPage -->
