<?xml version="1.0" encoding="UTF-8"?>
<!-- Generated by org.testng.reporters.JUnitReportReporter -->
<testsuite hostname="EPINHYDW0D30" failures="0" tests="38" name="calculator.TestCalculator" time="1.417" errors="1" timestamp="2022-03-03T13:07:40 IST" skipped="1">
  <testcase classname="calculator.TestCalculator" name="runScenario" time="0.027"/>
  <system-out/>
  <testcase classname="calculator.TestCalculator" name="runScenario" time="0.119"/>
  <system-out/>
  <testcase classname="calculator.TestCalculator" name="runScenario" time="0.039"/>
  <system-out/>
  <testcase classname="calculator.TestCalculator" name="runScenario" time="0.043"/>
  <system-out/>
  <testcase classname="calculator.TestCalculator" name="runScenario" time="0.026"/>
  <system-out/>
  <testcase classname="calculator.TestCalculator" name="runScenario" time="0.040"/>
  <system-out/>
  <testcase classname="calculator.TestCalculator" name="runScenario" time="0.092"/>
  <system-out/>
  <testcase classname="calculator.TestCalculator" name="runScenario" time="0.043"/>
  <system-out/>
  <testcase classname="calculator.TestCalculator" name="runScenario" time="0.025"/>
  <system-out/>
  <testcase classname="calculator.TestCalculator" name="runScenario" time="0.021"/>
  <system-out/>
  <testcase classname="calculator.TestCalculator" name="runScenario" time="0.022"/>
  <system-out/>
  <testcase classname="calculator.TestCalculator" name="runScenario" time="0.028"/>
  <system-out/>
  <testcase classname="calculator.TestCalculator" name="runScenario" time="0.047"/>
  <system-out/>
  <testcase classname="calculator.TestCalculator" name="runScenario" time="0.034"/>
  <system-out/>
  <testcase classname="calculator.TestCalculator" name="runScenario" time="0.035"/>
  <system-out/>
  <testcase classname="calculator.TestCalculator" name="runScenario" time="0.077"/>
  <system-out/>
  <testcase classname="calculator.TestCalculator" name="runScenario" time="0.023"/>
  <system-out/>
  <testcase classname="calculator.TestCalculator" name="runScenario" time="0.029"/>
  <system-out/>
  <testcase classname="calculator.TestCalculator" name="runScenario" time="0.042"/>
  <system-out/>
  <testcase classname="calculator.TestCalculator" name="runScenario" time="0.039"/>
  <system-out/>
  <testcase classname="calculator.TestCalculator" name="runScenario" time="0.034"/>
  <system-out/>
  <testcase classname="calculator.TestCalculator" name="runScenario" time="0.006">
    <error message="Step [Library has following book] is defined with 1 parameters at &#039;calculator.StepDefinitionCalculator.library_has_following_book(io.cucumber.datatable.DataTable)&#039;.
However, the gherkin step has 0 arguments.
Step text: Library has following book" type="io.cucumber.core.exception.CucumberException">
      <![CDATA[io.cucumber.core.exception.CucumberException: Step [Library has following book] is defined with 1 parameters at 'calculator.StepDefinitionCalculator.library_has_following_book(io.cucumber.datatable.DataTable)'.
However, the gherkin step has 0 arguments.
Step text: Library has following book
at io.cucumber.core.runner.PickleStepDefinitionMatch.arityMismatch(PickleStepDefinitionMatch.java:83)
at io.cucumber.core.runner.PickleStepDefinitionMatch.runStep(PickleStepDefinitionMatch.java:42)
at io.cucumber.core.runner.ExecutionMode$1.execute(ExecutionMode.java:10)
at io.cucumber.core.runner.TestStep.executeStep(TestStep.java:86)
at io.cucumber.core.runner.TestStep.run(TestStep.java:57)
at io.cucumber.core.runner.PickleStepTestStep.run(PickleStepTestStep.java:51)
at io.cucumber.core.runner.TestCase.run(TestCase.java:95)
at io.cucumber.core.runner.Runner.runPickle(Runner.java:75)
at io.cucumber.testng.TestNGCucumberRunner.lambda$runScenario$1(TestNGCucumberRunner.java:132)
at io.cucumber.core.runtime.CucumberExecutionContext.lambda$runTestCase$3(CucumberExecutionContext.java:151)
at io.cucumber.core.runtime.RethrowingThrowableCollector.executeAndThrow(RethrowingThrowableCollector.java:23)
at io.cucumber.core.runtime.CucumberExecutionContext.runTestCase(CucumberExecutionContext.java:151)
at io.cucumber.testng.TestNGCucumberRunner.runScenario(TestNGCucumberRunner.java:129)
at io.cucumber.testng.AbstractTestNGCucumberTests.runScenario(AbstractTestNGCucumberTests.java:35)
at jdk.internal.reflect.GeneratedMethodAccessor1.invoke(Unknown Source)
at java.base/jdk.internal.reflect.DelegatingMethodAccessorImpl.invoke(DelegatingMethodAccessorImpl.java:43)
at java.base/java.lang.reflect.Method.invoke(Method.java:568)
at org.testng.internal.invokers.MethodInvocationHelper.invokeMethod(MethodInvocationHelper.java:135)
at org.testng.internal.invokers.TestInvoker.invokeMethod(TestInvoker.java:673)
at org.testng.internal.invokers.TestInvoker.invokeTestMethod(TestInvoker.java:220)
at org.testng.internal.invokers.MethodRunner.runInSequence(MethodRunner.java:50)
at org.testng.internal.invokers.TestInvoker$MethodInvocationAgent.invoke(TestInvoker.java:945)
at org.testng.internal.invokers.TestInvoker.invokeTestMethods(TestInvoker.java:193)
at org.testng.internal.invokers.TestMethodWorker.invokeTestMethods(TestMethodWorker.java:146)
at org.testng.internal.invokers.TestMethodWorker.run(TestMethodWorker.java:128)
at java.base/java.util.ArrayList.forEach(ArrayList.java:1511)
at org.testng.TestRunner.privateRun(TestRunner.java:808)
at org.testng.TestRunner.run(TestRunner.java:603)
at org.testng.SuiteRunner.runTest(SuiteRunner.java:429)
at org.testng.SuiteRunner.runSequentially(SuiteRunner.java:423)
at org.testng.SuiteRunner.privateRun(SuiteRunner.java:383)
at org.testng.SuiteRunner.run(SuiteRunner.java:326)
at org.testng.SuiteRunnerWorker.runSuite(SuiteRunnerWorker.java:52)
at org.testng.SuiteRunnerWorker.run(SuiteRunnerWorker.java:95)
at org.testng.TestNG.runSuitesSequentially(TestNG.java:1249)
at org.testng.TestNG.runSuitesLocally(TestNG.java:1169)
at org.testng.TestNG.runSuites(TestNG.java:1092)
at org.testng.TestNG.run(TestNG.java:1060)
at org.testng.remote.AbstractRemoteTestNG.run(AbstractRemoteTestNG.java:115)
at org.testng.remote.RemoteTestNG.initAndRun(RemoteTestNG.java:251)
at org.testng.remote.RemoteTestNG.main(RemoteTestNG.java:77)
]]>
    </error>
  </testcase> <!-- runScenario -->
  <system-out/>
  <testcase classname="calculator.TestCalculator" name="runScenario" time="0.037"/>
  <system-out/>
  <testcase classname="calculator.TestCalculator" name="runScenario" time="0.034"/>
  <system-out/>
  <testcase classname="calculator.TestCalculator" name="runScenario" time="0.008"/>
  <system-out/>
  <testcase classname="calculator.TestCalculator" name="runScenario" time="0.023"/>
  <system-out/>
  <testcase classname="calculator.TestCalculator" name="runScenario" time="0.075"/>
  <system-out/>
  <testcase classname="calculator.TestCalculator" name="runScenario" time="0.023"/>
  <system-out/>
  <testcase classname="calculator.TestCalculator" name="runScenario" time="0.026"/>
  <system-out/>
  <testcase classname="calculator.TestCalculator" name="runScenario" time="0.028"/>
  <system-out/>
  <testcase classname="calculator.TestCalculator" name="runScenario" time="0.024"/>
  <system-out/>
  <testcase classname="calculator.TestCalculator" name="runScenario" time="0.037"/>
  <system-out/>
  <testcase classname="calculator.TestCalculator" name="runScenario" time="0.092"/>
  <system-out/>
  <testcase classname="calculator.TestCalculator" name="runScenario" time="0.028"/>
  <system-out/>
  <testcase classname="calculator.TestCalculator" name="runScenario" time="0.039"/>
  <system-out/>
  <testcase classname="calculator.TestCalculator" name="runScenario" time="0.025"/>
  <system-out/>
  <testcase classname="calculator.TestCalculator" name="runScenario" time="0.027"/>
  <system-out/>
  <testcase classname="calculator.TestCalculator" name="met">
    <skipped/>
  </testcase> <!-- met -->
  <system-out/>
</testsuite> <!-- calculator.TestCalculator -->
