<?xml version="1.0" encoding="UTF-8"?>
<!-- Generated by org.testng.reporters.JUnitReportReporter -->
<testsuite hostname="EPINHYDW0D30" failures="0" tests="2" name="practice.TestRunner" time="55.728" errors="0" timestamp="2022-03-06T12:41:29 IST" skipped="0">
  <testcase classname="practice.TestRunner" name="runScenario" time="12.562"/>
  <system-out/>
  <testcase classname="practice.TestRunner" name="runScenario" time="43.166"/>
  <system-out/>
</testsuite> <!-- practice.TestRunner -->
