<?xml version="1.0" encoding="UTF-8"?>
<!-- Generated by org.testng.reporters.JUnitReportReporter -->
<testsuite hostname="EPINHYDW0D30" failures="0" tests="2" name="calculator.TestCalculatorWithCucumbertestRunner" time="0.095" errors="0" timestamp="2022-03-02T15:31:47 IST" skipped="0">
  <testcase classname="calculator.TestCalculatorWithCucumbertestRunner" name="testCucumberScenario" time="0.086"/>
  <system-out/>
  <testcase classname="calculator.TestCalculatorWithCucumbertestRunner" name="testCucumberScenario" time="0.009"/>
  <system-out/>
</testsuite> <!-- calculator.TestCalculatorWithCucumbertestRunner -->
