<?xml version="1.0" encoding="UTF-8"?>
<!-- Generated by org.testng.reporters.JUnitReportReporter -->
<testsuite hostname="EPINHYDW0D30" failures="0" tests="3" name="practice.TestRunner" time="50.574" errors="0" timestamp="2022-03-01T10:26:01 IST" skipped="0">
  <testcase classname="practice.TestRunner" name="runScenario" time="17.294"/>
  <system-out/>
  <testcase classname="practice.TestRunner" name="runScenario" time="31.693"/>
  <system-out/>
  <testcase classname="practice.TestRunner" name="runScenario" time="1.587"/>
  <system-out/>
</testsuite> <!-- practice.TestRunner -->
