<?xml version="1.0" encoding="UTF-8"?>
<!-- Generated by org.testng.reporters.JUnitReportReporter -->
<testsuite hostname="EPINHYDW0D30" failures="0" tests="4" name="TestAutomation.BDDUsingCucumber.TestLoginPage" time="33.889" errors="0" timestamp="2022-03-01T13:01:40 IST" skipped="0">
  <testcase classname="TestAutomation.BDDUsingCucumber.TestLoginPage" name="runScenario" time="12.818"/>
  <system-out/>
  <testcase classname="TestAutomation.BDDUsingCucumber.TestLoginPage" name="runScenario" time="8.650"/>
  <system-out/>
  <testcase classname="TestAutomation.BDDUsingCucumber.TestLoginPage" name="runScenario" time="5.854"/>
  <system-out/>
  <testcase classname="TestAutomation.BDDUsingCucumber.TestLoginPage" name="runScenario" time="6.567"/>
  <system-out/>
</testsuite> <!-- TestAutomation.BDDUsingCucumber.TestLoginPage -->
