<?xml version="1.0" encoding="UTF-8"?>
<!-- Generated by org.testng.reporters.JUnitReportReporter -->
<testsuite hostname="EPINHYDW0D30" failures="0" tests="1" name="hubnode.TestOrangeHRMLoginPage" time="0.473" errors="0" timestamp="2022-02-22T17:08:13 IST" skipped="0">
  <testcase classname="hubnode.TestOrangeHRMLoginPage" name="testLoginFunctionality" time="0.473"/>
  <system-out/>
</testsuite> <!-- hubnode.TestOrangeHRMLoginPage -->
