<?xml version="1.0" encoding="UTF-8"?>
<!-- Generated by org.testng.reporters.JUnitReportReporter -->
<testsuite hostname="EPINHYDW0D30" failures="0" tests="2" name="TestAutomation.TestNG.TestIgnore" time="0.002" errors="0" timestamp="2022-02-09T10:08:40 IST" skipped="1">
  <testcase classname="TestAutomation.TestNG.TestIgnore" name="testApp1" time="0.002"/>
  <system-out/>
  <testcase classname="TestAutomation.TestNG.TestIgnore" name="testApp2">
    <skipped/>
  </testcase> <!-- testApp2 -->
  <system-out/>
</testsuite> <!-- TestAutomation.TestNG.TestIgnore -->
