<?xml version="1.0" encoding="UTF-8"?>
<!-- Generated by org.testng.reporters.JUnitReportReporter -->
<testsuite hostname="EPINHYDW0D30" failures="0" tests="2" name="TestAutomation.TestNG.TestCatalogue2" time="0.007" errors="0" timestamp="2022-02-09T12:53:35 IST" skipped="0">
  <testcase classname="TestAutomation.TestNG.TestCatalogue2" name="testCatalogueAddBook" time="0.007"/>
  <system-out/>
  <testcase classname="TestAutomation.TestNG.TestCatalogue2" name="testCatalogueRemoveBook" time="0.000"/>
  <system-out/>
</testsuite> <!-- TestAutomation.TestNG.TestCatalogue2 -->
