<?xml version="1.0" encoding="UTF-8"?>
<!-- Generated by org.testng.reporters.JUnitReportReporter -->
<testsuite hostname="EPINHYDW0D30" failures="0" tests="23" name="TestAutomation.TestNG.TestCatalogue" time="0.028" errors="0" timestamp="2022-03-05T12:49:04 IST" skipped="0">
  <testcase classname="TestAutomation.TestNG.TestCatalogue" name="testCatalogueAddBooks" time="0.001"/>
  <system-out/>
  <testcase classname="TestAutomation.TestNG.TestCatalogue" name="testCatalogueAddBooks" time="0.002"/>
  <system-out/>
  <testcase classname="TestAutomation.TestNG.TestCatalogue" name="testCatalogueAddBooks" time="0.001"/>
  <system-out/>
  <testcase classname="TestAutomation.TestNG.TestCatalogue" name="testCatalogueAddBook" time="0.002"/>
  <system-out/>
  <testcase classname="TestAutomation.TestNG.TestCatalogue" name="testCatalogueAddBooks" time="0.001"/>
  <system-out/>
  <testcase classname="TestAutomation.TestNG.TestCatalogue" name="testCatalogueSearchByAuthorname" time="0.001"/>
  <system-out/>
  <testcase classname="TestAutomation.TestNG.TestCatalogue" name="testARemoveNewlyAddedBook" time="0.001"/>
  <system-out/>
  <testcase classname="TestAutomation.TestNG.TestCatalogue" name="testCatalogueAddBooks" time="0.001"/>
  <system-out/>
  <testcase classname="TestAutomation.TestNG.TestCatalogue" name="testCatalogueAddBooks" time="0.000"/>
  <system-out/>
  <testcase classname="TestAutomation.TestNG.TestCatalogue" name="testARemoveNewlyAddedBook2" time="0.000"/>
  <system-out/>
  <testcase classname="TestAutomation.TestNG.TestCatalogue" name="testCatalogueSearchByBookNamewhichDoesNotExist" time="0.002"/>
  <system-out/>
  <testcase classname="TestAutomation.TestNG.TestCatalogue" name="testCatalogueAddBooks" time="0.001"/>
  <system-out/>
  <testcase classname="TestAutomation.TestNG.TestCatalogue" name="testAddToLibraryWithSupportedObject" time="0.000"/>
  <system-out/>
  <testcase classname="TestAutomation.TestNG.TestCatalogue" name="testCatalogueAddBooks" time="0.002"/>
  <system-out/>
  <testcase classname="TestAutomation.TestNG.TestCatalogue" name="testCatalogueRemoveBook" time="0.000"/>
  <system-out/>
  <testcase classname="TestAutomation.TestNG.TestCatalogue" name="testCatalogueAddBooks" time="0.002"/>
  <system-out/>
  <testcase classname="TestAutomation.TestNG.TestCatalogue" name="testAddToLibraryWithUnsupportedObject" time="0.005"/>
  <system-out/>
  <testcase classname="TestAutomation.TestNG.TestCatalogue" name="testCatalogueAddBooks" time="0.001"/>
  <system-out/>
  <testcase classname="TestAutomation.TestNG.TestCatalogue" name="testCatalogueSearchByBookNamePara" time="0.001"/>
  <system-out/>
  <testcase classname="TestAutomation.TestNG.TestCatalogue" name="testCatalogueRemoveNonExistingBook" time="0.001"/>
  <system-out/>
  <testcase classname="TestAutomation.TestNG.TestCatalogue" name="testCatalogueSearchByAuthornameWhchDoesNotExist" time="0.001"/>
  <system-out/>
  <testcase classname="TestAutomation.TestNG.TestCatalogue" name="testCatalogueSearchByBookName" time="0.001"/>
  <system-out/>
  <testcase classname="TestAutomation.TestNG.TestCatalogue" name="testCatalogueAddBooks" time="0.001"/>
  <system-out/>
</testsuite> <!-- TestAutomation.TestNG.TestCatalogue -->
