<?xml version="1.0" encoding="UTF-8"?>
<!-- Generated by org.testng.reporters.JUnitReportReporter -->
<testsuite hostname="EPINHYDW0D30" failures="0" tests="13" name="TestAutomation.TestNG.TestLibrary" time="0.015" errors="0" timestamp="2022-02-10T22:37:55 IST" skipped="0">
  <testcase classname="TestAutomation.TestNG.TestLibrary" name="testAddMember" time="0.001"/>
  <system-out/>
  <testcase classname="TestAutomation.TestNG.TestLibrary" name="testAddBook" time="0.001"/>
  <system-out/>
  <testcase classname="TestAutomation.TestNG.TestLibrary" name="testFindMemberById" time="0.000"/>
  <system-out/>
  <testcase classname="TestAutomation.TestNG.TestLibrary" name="testFindBookById" time="0.000"/>
  <system-out/>
  <testcase classname="TestAutomation.TestNG.TestLibrary" name="testAddToLibrary" time="0.001"/>
  <system-out/>
  <testcase classname="TestAutomation.TestNG.TestLibrary" name="testAssignBookToMember" time="0.001"/>
  <system-out/>
  <testcase classname="TestAutomation.TestNG.TestLibrary" name="testRemoveBook" time="0.001"/>
  <system-out/>
  <testcase classname="TestAutomation.TestNG.TestLibrary" name="testAddMember" time="0.000"/>
  <system-out/>
  <testcase classname="TestAutomation.TestNG.TestLibrary" name="testActivateUser" time="0.009"/>
  <system-out/>
  <testcase classname="TestAutomation.TestNG.TestLibrary" name="testSearchByBookName" time="0.001"/>
  <system-out/>
  <testcase classname="TestAutomation.TestNG.TestLibrary" name="testdeActivateUser" time="0.000"/>
  <system-out/>
  <testcase classname="TestAutomation.TestNG.TestLibrary" name="testAddMember" time="0.000"/>
  <system-out/>
  <testcase classname="TestAutomation.TestNG.TestLibrary" name="testIssueBook" time="0.000"/>
  <system-out/>
</testsuite> <!-- TestAutomation.TestNG.TestLibrary -->
