<?xml version="1.0" encoding="UTF-8"?>
<!-- Generated by org.testng.reporters.JUnitReportReporter -->
<testsuite hostname="EPINHYDW0D30" failures="0" tests="2" name="TestAutomation.TestNG.AppTest" time="0.005" errors="0" timestamp="2022-02-09T10:08:40 IST" skipped="0">
  <testcase classname="TestAutomation.TestNG.AppTest" name="testApp2" time="0.001"/>
  <system-out/>
  <testcase classname="TestAutomation.TestNG.AppTest" name="testApp1" time="0.004"/>
  <system-out/>
</testsuite> <!-- TestAutomation.TestNG.AppTest -->
