<?xml version="1.0" encoding="UTF-8"?>
<!-- Generated by org.testng.reporters.JUnitReportReporter -->
<testsuite hostname="EPINHYDW0D30" failures="0" tests="11" name="TestAutomation.RestApiTestingProject.TestOrangeHRMAPiTests" time="25.114" errors="0" timestamp="2022-03-09T20:01:17 IST" skipped="0">
  <testcase classname="TestAutomation.RestApiTestingProject.TestOrangeHRMAPiTests" name="testAttendanceSheet" time="3.130"/>
  <system-out/>
  <testcase classname="TestAutomation.RestApiTestingProject.TestOrangeHRMAPiTests" name="testAttendanceSheetWithId" time="2.835"/>
  <system-out/>
  <testcase classname="TestAutomation.RestApiTestingProject.TestOrangeHRMAPiTests" name="testTotalhoursBefore" time="2.556"/>
  <system-out/>
  <testcase classname="TestAutomation.RestApiTestingProject.TestOrangeHRMAPiTests" name="testValidPunchIn" time="1.887"/>
  <system-out/>
  <testcase classname="TestAutomation.RestApiTestingProject.TestOrangeHRMAPiTests" name="testInvalidPunchIn" time="2.267"/>
  <system-out/>
  <testcase classname="TestAutomation.RestApiTestingProject.TestOrangeHRMAPiTests" name="testValidPunchOut" time="2.168"/>
  <system-out/>
  <testcase classname="TestAutomation.RestApiTestingProject.TestOrangeHRMAPiTests" name="testTotalhoursAfter" time="2.001"/>
  <system-out/>
  <testcase classname="TestAutomation.RestApiTestingProject.TestOrangeHRMAPiTests" name="testInvalidPunchOut" time="2.211"/>
  <system-out/>
  <testcase classname="TestAutomation.RestApiTestingProject.TestOrangeHRMAPiTests" name="testOverlappingPunchIn" time="1.949"/>
  <system-out/>
  <testcase classname="TestAutomation.RestApiTestingProject.TestOrangeHRMAPiTests" name="testDelete" time="1.535"/>
  <system-out/>
  <testcase classname="TestAutomation.RestApiTestingProject.TestOrangeHRMAPiTests" name="testTotalhoursAfterDelete" time="2.575"/>
  <system-out/>
</testsuite> <!-- TestAutomation.RestApiTestingProject.TestOrangeHRMAPiTests -->
