<?xml version="1.0" encoding="UTF-8"?>
<!-- Generated by org.testng.reporters.JUnitReportReporter -->
<testsuite hostname="EPINHYDW0D30" failures="0" tests="5" name="uiAutomation.TestOrangeHrmUsingSelenium" time="87.745" errors="0" timestamp="2022-03-10T20:56:57 IST" skipped="0">
  <testcase classname="uiAutomation.TestOrangeHrmUsingSelenium" name="testLoginPage" time="14.847"/>
  <system-out/>
  <testcase classname="uiAutomation.TestOrangeHrmUsingSelenium" name="testDeletePunchInOutRecordsAndGetTotalHoursBeforePunch" time="20.461"/>
  <system-out/>
  <testcase classname="uiAutomation.TestOrangeHrmUsingSelenium" name="testPunchInOutAndVerifyPunchOutTimeGreaterThanPunchInTime" time="34.320"/>
  <system-out/>
  <testcase classname="uiAutomation.TestOrangeHrmUsingSelenium" name="testOverlappingMessage" time="2.951"/>
  <system-out/>
  <testcase classname="uiAutomation.TestOrangeHrmUsingSelenium" name="testTotalHoursAfterPunchAndVerify" time="15.166"/>
  <system-out/>
</testsuite> <!-- uiAutomation.TestOrangeHrmUsingSelenium -->
