<?xml version="1.0" encoding="UTF-8"?>
<!-- Generated by org.testng.reporters.JUnitReportReporter -->
<testsuite hostname="EPINHYDW0D30" failures="0" tests="6" name="TestAutomation.RestApiTestingProject.TestOrangeHRM" time="12.017" errors="0" timestamp="2022-03-08T21:51:25 IST" skipped="0">
  <testcase classname="TestAutomation.RestApiTestingProject.TestOrangeHRM" name="testAttendanceSheet" time="2.859"/>
  <system-out/>
  <testcase classname="TestAutomation.RestApiTestingProject.TestOrangeHRM" name="testAttendanceSheetWithIdResponse" time="2.134"/>
  <system-out/>
  <testcase classname="TestAutomation.RestApiTestingProject.TestOrangeHRM" name="testPunchInOutConfig" time="1.581"/>
  <system-out/>
  <testcase classname="TestAutomation.RestApiTestingProject.TestOrangeHRM" name="testPunchIn" time="1.942"/>
  <system-out/>
  <testcase classname="TestAutomation.RestApiTestingProject.TestOrangeHRM" name="testPunchOut" time="1.895"/>
  <system-out/>
  <testcase classname="TestAutomation.RestApiTestingProject.TestOrangeHRM" name="testDelete" time="1.606"/>
  <system-out/>
</testsuite> <!-- TestAutomation.RestApiTestingProject.TestOrangeHRM -->
