<?xml version="1.0" encoding="UTF-8"?>
<!-- Generated by org.testng.reporters.JUnitReportReporter -->
<testsuite hostname="EPINHYDW0D30" failures="0" tests="4" name="uiAutomation.TestOrangeHrmUsingSelenium" time="38.715" errors="0" timestamp="2022-03-09T23:10:02 IST" skipped="0">
  <testcase classname="uiAutomation.TestOrangeHrmUsingSelenium" name="testLoginPage" time="7.694"/>
  <system-out/>
  <testcase classname="uiAutomation.TestOrangeHrmUsingSelenium" name="testDashboardPage" time="5.341"/>
  <system-out/>
  <testcase classname="uiAutomation.TestOrangeHrmUsingSelenium" name="testAttendanceSheetPage" time="5.152"/>
  <system-out/>
  <testcase classname="uiAutomation.TestOrangeHrmUsingSelenium" name="testPunchInAndOutPage" time="20.528"/>
  <system-out/>
</testsuite> <!-- uiAutomation.TestOrangeHrmUsingSelenium -->
