<?xml version="1.0" encoding="UTF-8"?>
<!-- Generated by org.testng.reporters.JUnitReportReporter -->
<testsuite hostname="EPINHYDW0D30" failures="0" tests="5" name="TestAutomation.DatabaseTesting.DatabaseTestPractice" time="0.147" errors="0" timestamp="2022-02-27T23:06:41 IST" skipped="0">
  <testcase classname="TestAutomation.DatabaseTesting.DatabaseTestPractice" name="testSPCityByCountry" time="0.055"/>
  <system-out/>
  <testcase classname="TestAutomation.DatabaseTesting.DatabaseTestPractice" name="testSPCityCountsByCountry" time="0.013"/>
  <system-out/>
  <testcase classname="TestAutomation.DatabaseTesting.DatabaseTestPractice" name="testStoredProcedureExistence" time="0.003"/>
  <system-out/>
  <testcase classname="TestAutomation.DatabaseTesting.DatabaseTestPractice" name="testTrigger" time="0.012"/>
  <system-out/>
  <testcase classname="TestAutomation.DatabaseTesting.DatabaseTestPractice" name="testSPCityDetails" time="0.064"/>
  <system-out/>
</testsuite> <!-- TestAutomation.DatabaseTesting.DatabaseTestPractice -->
