<?xml version="1.0" encoding="UTF-8"?>
<!-- Generated by org.testng.reporters.JUnitReportReporter -->
<testsuite hostname="EPINHYDW0D30" failures="0" tests="5" name="TestAutomation.DatabaseTesting.DatabaseTest" time="0.294" errors="0" timestamp="2022-02-27T01:03:41 IST" skipped="0">
  <testcase classname="TestAutomation.DatabaseTesting.DatabaseTest" name="testSPCityByCountry" time="0.105"/>
  <system-out/>
  <testcase classname="TestAutomation.DatabaseTesting.DatabaseTest" name="testSPCityCountsByCountry" time="0.025"/>
  <system-out/>
  <testcase classname="TestAutomation.DatabaseTesting.DatabaseTest" name="testStoredProcedureExistence" time="0.008"/>
  <system-out/>
  <testcase classname="TestAutomation.DatabaseTesting.DatabaseTest" name="testTrigger" time="0.009"/>
  <system-out/>
  <testcase classname="TestAutomation.DatabaseTesting.DatabaseTest" name="testSPCityDetails" time="0.147"/>
  <system-out/>
</testsuite> <!-- TestAutomation.DatabaseTesting.DatabaseTest -->
