<?xml version="1.0" encoding="UTF-8"?>
<!-- Generated by org.testng.reporters.JUnitReportReporter -->
<testsuite hostname="EPINHYDW0D30" failures="0" tests="7" name="TestAutomation.DatabaseTesting.DatabaseAssignment" time="0.056" errors="0" timestamp="2022-02-28T12:51:35 IST" skipped="0">
  <testcase classname="TestAutomation.DatabaseTesting.DatabaseAssignment" name="checkAllTablesAvailability" time="0.041"/>
  <system-out/>
  <testcase classname="TestAutomation.DatabaseTesting.DatabaseAssignment" name="testColumnSize" time="0.002"/>
  <system-out/>
  <testcase classname="TestAutomation.DatabaseTesting.DatabaseAssignment" name="testColumnDatatypes" time="0.003"/>
  <system-out/>
  <testcase classname="TestAutomation.DatabaseTesting.DatabaseAssignment" name="testColumnPrimarykeyAndOtherConstraints" time="0.002"/>
  <system-out/>
  <testcase classname="TestAutomation.DatabaseTesting.DatabaseAssignment" name="testNoOfColumns" time="0.003"/>
  <system-out/>
  <testcase classname="TestAutomation.DatabaseTesting.DatabaseAssignment" name="testColumnNullableValue" time="0.002"/>
  <system-out/>
  <testcase classname="TestAutomation.DatabaseTesting.DatabaseAssignment" name="testAllColumnsInTableExists" time="0.003"/>
  <system-out/>
</testsuite> <!-- TestAutomation.DatabaseTesting.DatabaseAssignment -->
