<?xml version="1.0" encoding="UTF-8"?>
<!-- Generated by org.testng.reporters.JUnitReportReporter -->
<testsuite hostname="EPINHYDW0D30" failures="0" tests="1" name="TestAutomation.DatabaseTesting.DatabaseAssignmentFunction" time="0.054" errors="0" timestamp="2022-02-27T23:06:55 IST" skipped="0">
  <testcase classname="TestAutomation.DatabaseTesting.DatabaseAssignmentFunction" name="testCityNameStartsWithI" time="0.054"/>
  <system-out/>
</testsuite> <!-- TestAutomation.DatabaseTesting.DatabaseAssignmentFunction -->
