<?xml version="1.0" encoding="UTF-8"?>
<!-- Generated by org.testng.reporters.JUnitReportReporter -->
<testsuite hostname="EPINHYDW0D30" failures="0" tests="1" name="TestAutomation.Selenium.Testdriver" time="3.670" errors="0" timestamp="2022-02-16T22:52:09 IST" skipped="0">
  <testcase classname="TestAutomation.Selenium.Testdriver" name="testdriver" time="3.670"/>
  <system-out/>
</testsuite> <!-- TestAutomation.Selenium.Testdriver -->
