<?xml version="1.0" encoding="UTF-8"?>
<!-- Generated by org.testng.reporters.JUnitReportReporter -->
<testsuite hostname="EPINHYDW0D30" failures="0" tests="1" name="TestAutomation.Selenium.TestWebDriver" time="23.448" errors="0" timestamp="2022-02-14T16:50:03 IST" skipped="0">
  <testcase classname="TestAutomation.Selenium.TestWebDriver" name="LoadWebDriver" time="23.448"/>
  <system-out/>
</testsuite> <!-- TestAutomation.Selenium.TestWebDriver -->
