<?xml version="1.0" encoding="UTF-8"?>
<!-- Generated by org.testng.reporters.JUnitReportReporter -->
<testsuite hostname="EPINHYDW0D30" failures="0" tests="1" name="actionsandJS.LoginDemo" time="4.681" errors="0" timestamp="2022-02-18T11:19:40 IST" skipped="0">
  <testcase classname="actionsandJS.LoginDemo" name="method" time="4.681"/>
  <system-out/>
</testsuite> <!-- actionsandJS.LoginDemo -->
