<?xml version="1.0" encoding="UTF-8"?>
<!-- Generated by org.testng.reporters.JUnitReportReporter -->
<testsuite hostname="EPINHYDW0D30" failures="0" tests="1" name="TestAutomation.Selenium.TestAssignment" time="68.914" errors="0" timestamp="2022-02-16T00:31:09 IST" skipped="0">
  <testcase classname="TestAutomation.Selenium.TestAssignment" name="login" time="68.914"/>
  <system-out/>
</testsuite> <!-- TestAutomation.Selenium.TestAssignment -->
