<?xml version="1.0" encoding="UTF-8"?>
<!-- Generated by org.testng.reporters.JUnitReportReporter -->
<testsuite hostname="EPINHYDW0D30" failures="0" tests="1" name="TestAutomation.Selenium.TestExplicit" time="39.225" errors="0" timestamp="2022-02-16T16:50:57 IST" skipped="0">
  <testcase classname="TestAutomation.Selenium.TestExplicit" name="method" time="39.225"/>
  <system-out/>
</testsuite> <!-- TestAutomation.Selenium.TestExplicit -->
