<?xml version="1.0" encoding="UTF-8"?>
<!-- Generated by org.testng.reporters.JUnitReportReporter -->
<testsuite hostname="EPINHYDW0D30" failures="0" tests="1" name="TestAutomation.Selenium.OrangeHRMPOM.InvalidCredentialsTask" time="39.405" errors="0" timestamp="2022-02-17T22:27:07 IST" skipped="0">
  <testcase classname="TestAutomation.Selenium.OrangeHRMPOM.InvalidCredentialsTask" name="testLoginFunctionalityForWrongPassword" time="39.405"/>
  <system-out/>
</testsuite> <!-- TestAutomation.Selenium.OrangeHRMPOM.InvalidCredentialsTask -->
