<?xml version="1.0" encoding="UTF-8"?>
<!-- Generated by org.testng.reporters.JUnitReportReporter -->
<testsuite hostname="EPINHYDW0D30" failures="0" tests="1" name="TestAutomation.Selenium.TestAssign2" time="54.501" errors="0" timestamp="2022-02-16T11:58:36 IST" skipped="0">
  <testcase classname="TestAutomation.Selenium.TestAssign2" name="method" time="54.501"/>
  <system-out/>
</testsuite> <!-- TestAutomation.Selenium.TestAssign2 -->
