<?xml version="1.0" encoding="UTF-8"?>
<!-- Generated by org.testng.reporters.JUnitReportReporter -->
<testsuite hostname="EPINHYDW0D30" failures="0" tests="1" name="TestAutomation.Selenium.TestAssignment" time="67.751" errors="0" timestamp="2022-02-16T10:46:09 IST" skipped="0">
  <testcase classname="TestAutomation.Selenium.TestAssignment" name="login" time="67.751"/>
  <system-out/>
</testsuite> <!-- TestAutomation.Selenium.TestAssignment -->
