<?xml version="1.0" encoding="UTF-8"?>
<!-- Generated by org.testng.reporters.JUnitReportReporter -->
<testsuite hostname="EPINHYDW0D30" failures="0" tests="1" name="TestAutomation.Selenium.OrangeHRMPOM.RadiobuttonTask" time="20.102" errors="0" timestamp="2022-02-18T09:36:54 IST" skipped="0">
  <testcase classname="TestAutomation.Selenium.OrangeHRMPOM.RadiobuttonTask" name="testRadioandCheckbox" time="20.102"/>
  <system-out/>
</testsuite> <!-- TestAutomation.Selenium.OrangeHRMPOM.RadiobuttonTask -->
