<?xml version="1.0" encoding="UTF-8"?>
<!-- Generated by org.testng.reporters.JUnitReportReporter -->
<testsuite hostname="EPINHYDW0D30" failures="0" tests="1" name="TestAutomation.Selenium.OrangeHRMPOM.testOrangeHRMLoginPage" time="24.216" errors="0" timestamp="2022-02-17T15:57:14 IST" skipped="0">
  <testcase classname="TestAutomation.Selenium.OrangeHRMPOM.testOrangeHRMLoginPage" name="testloginFunctionality" time="24.216"/>
  <system-out/>
</testsuite> <!-- TestAutomation.Selenium.OrangeHRMPOM.testOrangeHRMLoginPage -->
