<?xml version="1.0" encoding="UTF-8"?>
<!-- Generated by org.testng.reporters.JUnitReportReporter -->
<testsuite hostname="EPINHYDW0D30" failures="0" tests="1" name="actionsandJS.LoginPageJSTestcases" time="4.209" errors="1" timestamp="2022-02-18T16:49:08 IST" skipped="0">
  <testcase classname="actionsandJS.LoginPageJSTestcases" name="loginUsingJS" time="4.209">
    <error type="java.lang.StackOverflowError">
      <![CDATA[java.lang.StackOverflowError
at actionsandJS.LoginPageJS.checkUserNameJS(LoginPageJS.java:39)
at actionsandJS.LoginPageJS.checkUserNameJS(LoginPageJS.java:39)
at actionsandJS.LoginPageJS.checkUserNameJS(LoginPageJS.java:39)
at actionsandJS.LoginPageJS.checkUserNameJS(LoginPageJS.java:39)
at actionsandJS.LoginPageJS.checkUserNameJS(LoginPageJS.java:39)
at actionsandJS.LoginPageJS.checkUserNameJS(LoginPageJS.java:39)
at actionsandJS.LoginPageJS.checkUserNameJS(LoginPageJS.java:39)
at actionsandJS.LoginPageJS.checkUserNameJS(LoginPageJS.java:39)
at actionsandJS.LoginPageJS.checkUserNameJS(LoginPageJS.java:39)
at actionsandJS.LoginPageJS.checkUserNameJS(LoginPageJS.java:39)
at actionsandJS.LoginPageJS.checkUserNameJS(LoginPageJS.java:39)
at actionsandJS.LoginPageJS.checkUserNameJS(LoginPageJS.java:39)
at actionsandJS.LoginPageJS.checkUserNameJS(LoginPageJS.java:39)
at actionsandJS.LoginPageJS.checkUserNameJS(LoginPageJS.java:39)
at actionsandJS.LoginPageJS.checkUserNameJS(LoginPageJS.java:39)
at actionsandJS.LoginPageJS.checkUserNameJS(LoginPageJS.java:39)
at actionsandJS.LoginPageJS.checkUserNameJS(LoginPageJS.java:39)
at actionsandJS.LoginPageJS.checkUserNameJS(LoginPageJS.java:39)
at actionsandJS.LoginPageJS.checkUserNameJS(LoginPageJS.java:39)
at actionsandJS.LoginPageJS.checkUserNameJS(LoginPageJS.java:39)
at actionsandJS.LoginPageJS.checkUserNameJS(LoginPageJS.java:39)
at actionsandJS.LoginPageJS.checkUserNameJS(LoginPageJS.java:39)
at actionsandJS.LoginPageJS.checkUserNameJS(LoginPageJS.java:39)
at actionsandJS.LoginPageJS.checkUserNameJS(LoginPageJS.java:39)
at actionsandJS.LoginPageJS.checkUserNameJS(LoginPageJS.java:39)
at actionsandJS.LoginPageJS.checkUserNameJS(LoginPageJS.java:39)
at actionsandJS.LoginPageJS.checkUserNameJS(LoginPageJS.java:39)
at actionsandJS.LoginPageJS.checkUserNameJS(LoginPageJS.java:39)
at actionsandJS.LoginPageJS.checkUserNameJS(LoginPageJS.java:39)
at actionsandJS.LoginPageJS.checkUserNameJS(LoginPageJS.java:39)
at actionsandJS.LoginPageJS.checkUserNameJS(LoginPageJS.java:39)
at actionsandJS.LoginPageJS.checkUserNameJS(LoginPageJS.java:39)
at actionsandJS.LoginPageJS.checkUserNameJS(LoginPageJS.java:39)
at actionsandJS.LoginPageJS.checkUserNameJS(LoginPageJS.java:39)
at actionsandJS.LoginPageJS.checkUserNameJS(LoginPageJS.java:39)
at actionsandJS.LoginPageJS.checkUserNameJS(LoginPageJS.java:39)
at actionsandJS.LoginPageJS.checkUserNameJS(LoginPageJS.java:39)
at actionsandJS.LoginPageJS.checkUserNameJS(LoginPageJS.java:39)
at actionsandJS.LoginPageJS.checkUserNameJS(LoginPageJS.java:39)
at actionsandJS.LoginPageJS.checkUserNameJS(LoginPageJS.java:39)
at actionsandJS.LoginPageJS.checkUserNameJS(LoginPageJS.java:39)
at actionsandJS.LoginPageJS.checkUserNameJS(LoginPageJS.java:39)
at actionsandJS.LoginPageJS.checkUserNameJS(LoginPageJS.java:39)
at actionsandJS.LoginPageJS.checkUserNameJS(LoginPageJS.java:39)
at actionsandJS.LoginPageJS.checkUserNameJS(LoginPageJS.java:39)
at actionsandJS.LoginPageJS.checkUserNameJS(LoginPageJS.java:39)
at actionsandJS.LoginPageJS.checkUserNameJS(LoginPageJS.java:39)
at actionsandJS.LoginPageJS.checkUserNameJS(LoginPageJS.java:39)
at actionsandJS.LoginPageJS.checkUserNameJS(LoginPageJS.java:39)
at actionsandJS.LoginPageJS.checkUserNameJS(LoginPageJS.java:39)
at actionsandJS.LoginPageJS.checkUserNameJS(LoginPageJS.java:39)
at actionsandJS.LoginPageJS.checkUserNameJS(LoginPageJS.java:39)
at actionsandJS.LoginPageJS.checkUserNameJS(LoginPageJS.java:39)
at actionsandJS.LoginPageJS.checkUserNameJS(LoginPageJS.java:39)
at actionsandJS.LoginPageJS.checkUserNameJS(LoginPageJS.java:39)
at actionsandJS.LoginPageJS.checkUserNameJS(LoginPageJS.java:39)
at actionsandJS.LoginPageJS.checkUserNameJS(LoginPageJS.java:39)
at actionsandJS.LoginPageJS.checkUserNameJS(LoginPageJS.java:39)
at actionsandJS.LoginPageJS.checkUserNameJS(LoginPageJS.java:39)
at actionsandJS.LoginPageJS.checkUserNameJS(LoginPageJS.java:39)
at actionsandJS.LoginPageJS.checkUserNameJS(LoginPageJS.java:39)
at actionsandJS.LoginPageJS.checkUserNameJS(LoginPageJS.java:39)
at actionsandJS.LoginPageJS.checkUserNameJS(LoginPageJS.java:39)
at actionsandJS.LoginPageJS.checkUserNameJS(LoginPageJS.java:39)
at actionsandJS.LoginPageJS.checkUserNameJS(LoginPageJS.java:39)
at actionsandJS.LoginPageJS.checkUserNameJS(LoginPageJS.java:39)
at actionsandJS.LoginPageJS.checkUserNameJS(LoginPageJS.java:39)
at actionsandJS.LoginPageJS.checkUserNameJS(LoginPageJS.java:39)
at actionsandJS.LoginPageJS.checkUserNameJS(LoginPageJS.java:39)
at actionsandJS.LoginPageJS.checkUserNameJS(LoginPageJS.java:39)
at actionsandJS.LoginPageJS.checkUserNameJS(LoginPageJS.java:39)
at actionsandJS.LoginPageJS.checkUserNameJS(LoginPageJS.java:39)
at actionsandJS.LoginPageJS.checkUserNameJS(LoginPageJS.java:39)
at actionsandJS.LoginPageJS.checkUserNameJS(LoginPageJS.java:39)
at actionsandJS.LoginPageJS.checkUserNameJS(LoginPageJS.java:39)
at actionsandJS.LoginPageJS.checkUserNameJS(LoginPageJS.java:39)
at actionsandJS.LoginPageJS.checkUserNameJS(LoginPageJS.java:39)
at actionsandJS.LoginPageJS.checkUserNameJS(LoginPageJS.java:39)
at actionsandJS.LoginPageJS.checkUserNameJS(LoginPageJS.java:39)
at actionsandJS.LoginPageJS.checkUserNameJS(LoginPageJS.java:39)
at actionsandJS.LoginPageJS.checkUserNameJS(LoginPageJS.java:39)
at actionsandJS.LoginPageJS.checkUserNameJS(LoginPageJS.java:39)
at actionsandJS.LoginPageJS.checkUserNameJS(LoginPageJS.java:39)
at actionsandJS.LoginPageJS.checkUserNameJS(LoginPageJS.java:39)
at actionsandJS.LoginPageJS.checkUserNameJS(LoginPageJS.java:39)
at actionsandJS.LoginPageJS.checkUserNameJS(LoginPageJS.java:39)
at actionsandJS.LoginPageJS.checkUserNameJS(LoginPageJS.java:39)
at actionsandJS.LoginPageJS.checkUserNameJS(LoginPageJS.java:39)
at actionsandJS.LoginPageJS.checkUserNameJS(LoginPageJS.java:39)
at actionsandJS.LoginPageJS.checkUserNameJS(LoginPageJS.java:39)
at actionsandJS.LoginPageJS.checkUserNameJS(LoginPageJS.java:39)
at actionsandJS.LoginPageJS.checkUserNameJS(LoginPageJS.java:39)
at actionsandJS.LoginPageJS.checkUserNameJS(LoginPageJS.java:39)
at actionsandJS.LoginPageJS.checkUserNameJS(LoginPageJS.java:39)
at actionsandJS.LoginPageJS.checkUserNameJS(LoginPageJS.java:39)
at actionsandJS.LoginPageJS.checkUserNameJS(LoginPageJS.java:39)
at actionsandJS.LoginPageJS.checkUserNameJS(LoginPageJS.java:39)
at actionsandJS.LoginPageJS.checkUserNameJS(LoginPageJS.java:39)
at actionsandJS.LoginPageJS.checkUserNameJS(LoginPageJS.java:39)
at actionsandJS.LoginPageJS.checkUserNameJS(LoginPageJS.java:39)
at actionsandJS.LoginPageJS.checkUserNameJS(LoginPageJS.java:39)
at actionsandJS.LoginPageJS.checkUserNameJS(LoginPageJS.java:39)
at actionsandJS.LoginPageJS.checkUserNameJS(LoginPageJS.java:39)
at actionsandJS.LoginPageJS.checkUserNameJS(LoginPageJS.java:39)
at actionsandJS.LoginPageJS.checkUserNameJS(LoginPageJS.java:39)
at actionsandJS.LoginPageJS.checkUserNameJS(LoginPageJS.java:39)
at actionsandJS.LoginPageJS.checkUserNameJS(LoginPageJS.java:39)
at actionsandJS.LoginPageJS.checkUserNameJS(LoginPageJS.java:39)
at actionsandJS.LoginPageJS.checkUserNameJS(LoginPageJS.java:39)
at actionsandJS.LoginPageJS.checkUserNameJS(LoginPageJS.java:39)
at actionsandJS.LoginPageJS.checkUserNameJS(LoginPageJS.java:39)
at actionsandJS.LoginPageJS.checkUserNameJS(LoginPageJS.java:39)
at actionsandJS.LoginPageJS.checkUserNameJS(LoginPageJS.java:39)
at actionsandJS.LoginPageJS.checkUserNameJS(LoginPageJS.java:39)
at actionsandJS.LoginPageJS.checkUserNameJS(LoginPageJS.java:39)
at actionsandJS.LoginPageJS.checkUserNameJS(LoginPageJS.java:39)
at actionsandJS.LoginPageJS.checkUserNameJS(LoginPageJS.java:39)
at actionsandJS.LoginPageJS.checkUserNameJS(LoginPageJS.java:39)
at actionsandJS.LoginPageJS.checkUserNameJS(LoginPageJS.java:39)
at actionsandJS.LoginPageJS.checkUserNameJS(LoginPageJS.java:39)
at actionsandJS.LoginPageJS.checkUserNameJS(LoginPageJS.java:39)
at actionsandJS.LoginPageJS.checkUserNameJS(LoginPageJS.java:39)
at actionsandJS.LoginPageJS.checkUserNameJS(LoginPageJS.java:39)
at actionsandJS.LoginPageJS.checkUserNameJS(LoginPageJS.java:39)
at actionsandJS.LoginPageJS.checkUserNameJS(LoginPageJS.java:39)
at actionsandJS.LoginPageJS.checkUserNameJS(LoginPageJS.java:39)
at actionsandJS.LoginPageJS.checkUserNameJS(LoginPageJS.java:39)
at actionsandJS.LoginPageJS.checkUserNameJS(LoginPageJS.java:39)
at actionsandJS.LoginPageJS.checkUserNameJS(LoginPageJS.java:39)
at actionsandJS.LoginPageJS.checkUserNameJS(LoginPageJS.java:39)
at actionsandJS.LoginPageJS.checkUserNameJS(LoginPageJS.java:39)
at actionsandJS.LoginPageJS.checkUserNameJS(LoginPageJS.java:39)
at actionsandJS.LoginPageJS.checkUserNameJS(LoginPageJS.java:39)
at actionsandJS.LoginPageJS.checkUserNameJS(LoginPageJS.java:39)
at actionsandJS.LoginPageJS.checkUserNameJS(LoginPageJS.java:39)
at actionsandJS.LoginPageJS.checkUserNameJS(LoginPageJS.java:39)
at actionsandJS.LoginPageJS.checkUserNameJS(LoginPageJS.java:39)
at actionsandJS.LoginPageJS.checkUserNameJS(LoginPageJS.java:39)
at actionsandJS.LoginPageJS.checkUserNameJS(LoginPageJS.java:39)
at actionsandJS.LoginPageJS.checkUserNameJS(LoginPageJS.java:39)
at actionsandJS.LoginPageJS.checkUserNameJS(LoginPageJS.java:39)
at actionsandJS.LoginPageJS.checkUserNameJS(LoginPageJS.java:39)
at actionsandJS.LoginPageJS.checkUserNameJS(LoginPageJS.java:39)
at actionsandJS.LoginPageJS.checkUserNameJS(LoginPageJS.java:39)
at actionsandJS.LoginPageJS.checkUserNameJS(LoginPageJS.java:39)
at actionsandJS.LoginPageJS.checkUserNameJS(LoginPageJS.java:39)
at actionsandJS.LoginPageJS.checkUserNameJS(LoginPageJS.java:39)
at actionsandJS.LoginPageJS.checkUserNameJS(LoginPageJS.java:39)
at actionsandJS.LoginPageJS.checkUserNameJS(LoginPageJS.java:39)
at actionsandJS.LoginPageJS.checkUserNameJS(LoginPageJS.java:39)
at actionsandJS.LoginPageJS.checkUserNameJS(LoginPageJS.java:39)
at actionsandJS.LoginPageJS.checkUserNameJS(LoginPageJS.java:39)
at actionsandJS.LoginPageJS.checkUserNameJS(LoginPageJS.java:39)
at actionsandJS.LoginPageJS.checkUserNameJS(LoginPageJS.java:39)
at actionsandJS.LoginPageJS.checkUserNameJS(LoginPageJS.java:39)
at actionsandJS.LoginPageJS.checkUserNameJS(LoginPageJS.java:39)
at actionsandJS.LoginPageJS.checkUserNameJS(LoginPageJS.java:39)
at actionsandJS.LoginPageJS.checkUserNameJS(LoginPageJS.java:39)
at actionsandJS.LoginPageJS.checkUserNameJS(LoginPageJS.java:39)
at actionsandJS.LoginPageJS.checkUserNameJS(LoginPageJS.java:39)
at actionsandJS.LoginPageJS.checkUserNameJS(LoginPageJS.java:39)
at actionsandJS.LoginPageJS.checkUserNameJS(LoginPageJS.java:39)
at actionsandJS.LoginPageJS.checkUserNameJS(LoginPageJS.java:39)
at actionsandJS.LoginPageJS.checkUserNameJS(LoginPageJS.java:39)
at actionsandJS.LoginPageJS.checkUserNameJS(LoginPageJS.java:39)
at actionsandJS.LoginPageJS.checkUserNameJS(LoginPageJS.java:39)
at actionsandJS.LoginPageJS.checkUserNameJS(LoginPageJS.java:39)
at actionsandJS.LoginPageJS.checkUserNameJS(LoginPageJS.java:39)
at actionsandJS.LoginPageJS.checkUserNameJS(LoginPageJS.java:39)
at actionsandJS.LoginPageJS.checkUserNameJS(LoginPageJS.java:39)
at actionsandJS.LoginPageJS.checkUserNameJS(LoginPageJS.java:39)
at actionsandJS.LoginPageJS.checkUserNameJS(LoginPageJS.java:39)
at actionsandJS.LoginPageJS.checkUserNameJS(LoginPageJS.java:39)
at actionsandJS.LoginPageJS.checkUserNameJS(LoginPageJS.java:39)
at actionsandJS.LoginPageJS.checkUserNameJS(LoginPageJS.java:39)
at actionsandJS.LoginPageJS.checkUserNameJS(LoginPageJS.java:39)
at actionsandJS.LoginPageJS.checkUserNameJS(LoginPageJS.java:39)
at actionsandJS.LoginPageJS.checkUserNameJS(LoginPageJS.java:39)
at actionsandJS.LoginPageJS.checkUserNameJS(LoginPageJS.java:39)
at actionsandJS.LoginPageJS.checkUserNameJS(LoginPageJS.java:39)
at actionsandJS.LoginPageJS.checkUserNameJS(LoginPageJS.java:39)
at actionsandJS.LoginPageJS.checkUserNameJS(LoginPageJS.java:39)
at actionsandJS.LoginPageJS.checkUserNameJS(LoginPageJS.java:39)
at actionsandJS.LoginPageJS.checkUserNameJS(LoginPageJS.java:39)
at actionsandJS.LoginPageJS.checkUserNameJS(LoginPageJS.java:39)
at actionsandJS.LoginPageJS.checkUserNameJS(LoginPageJS.java:39)
at actionsandJS.LoginPageJS.checkUserNameJS(LoginPageJS.java:39)
at actionsandJS.LoginPageJS.checkUserNameJS(LoginPageJS.java:39)
at actionsandJS.LoginPageJS.checkUserNameJS(LoginPageJS.java:39)
at actionsandJS.LoginPageJS.checkUserNameJS(LoginPageJS.java:39)
at actionsandJS.LoginPageJS.checkUserNameJS(LoginPageJS.java:39)
at actionsandJS.LoginPageJS.checkUserNameJS(LoginPageJS.java:39)
at actionsandJS.LoginPageJS.checkUserNameJS(LoginPageJS.java:39)
at actionsandJS.LoginPageJS.checkUserNameJS(LoginPageJS.java:39)
at actionsandJS.LoginPageJS.checkUserNameJS(LoginPageJS.java:39)
at actionsandJS.LoginPageJS.checkUserNameJS(LoginPageJS.java:39)
at actionsandJS.LoginPageJS.checkUserNameJS(LoginPageJS.java:39)
at actionsandJS.LoginPageJS.checkUserNameJS(LoginPageJS.java:39)
at actionsandJS.LoginPageJS.checkUserNameJS(LoginPageJS.java:39)
at actionsandJS.LoginPageJS.checkUserNameJS(LoginPageJS.java:39)
at actionsandJS.LoginPageJS.checkUserNameJS(LoginPageJS.java:39)
at actionsandJS.LoginPageJS.checkUserNameJS(LoginPageJS.java:39)
at actionsandJS.LoginPageJS.checkUserNameJS(LoginPageJS.java:39)
at actionsandJS.LoginPageJS.checkUserNameJS(LoginPageJS.java:39)
at actionsandJS.LoginPageJS.checkUserNameJS(LoginPageJS.java:39)
at actionsandJS.LoginPageJS.checkUserNameJS(LoginPageJS.java:39)
at actionsandJS.LoginPageJS.checkUserNameJS(LoginPageJS.java:39)
at actionsandJS.LoginPageJS.checkUserNameJS(LoginPageJS.java:39)
at actionsandJS.LoginPageJS.checkUserNameJS(LoginPageJS.java:39)
at actionsandJS.LoginPageJS.checkUserNameJS(LoginPageJS.java:39)
at actionsandJS.LoginPageJS.checkUserNameJS(LoginPageJS.java:39)
at actionsandJS.LoginPageJS.checkUserNameJS(LoginPageJS.java:39)
at actionsandJS.LoginPageJS.checkUserNameJS(LoginPageJS.java:39)
at actionsandJS.LoginPageJS.checkUserNameJS(LoginPageJS.java:39)
at actionsandJS.LoginPageJS.checkUserNameJS(LoginPageJS.java:39)
at actionsandJS.LoginPageJS.checkUserNameJS(LoginPageJS.java:39)
at actionsandJS.LoginPageJS.checkUserNameJS(LoginPageJS.java:39)
at actionsandJS.LoginPageJS.checkUserNameJS(LoginPageJS.java:39)
at actionsandJS.LoginPageJS.checkUserNameJS(LoginPageJS.java:39)
at actionsandJS.LoginPageJS.checkUserNameJS(LoginPageJS.java:39)
at actionsandJS.LoginPageJS.checkUserNameJS(LoginPageJS.java:39)
at actionsandJS.LoginPageJS.checkUserNameJS(LoginPageJS.java:39)
at actionsandJS.LoginPageJS.checkUserNameJS(LoginPageJS.java:39)
at actionsandJS.LoginPageJS.checkUserNameJS(LoginPageJS.java:39)
at actionsandJS.LoginPageJS.checkUserNameJS(LoginPageJS.java:39)
at actionsandJS.LoginPageJS.checkUserNameJS(LoginPageJS.java:39)
at actionsandJS.LoginPageJS.checkUserNameJS(LoginPageJS.java:39)
at actionsandJS.LoginPageJS.checkUserNameJS(LoginPageJS.java:39)
at actionsandJS.LoginPageJS.checkUserNameJS(LoginPageJS.java:39)
at actionsandJS.LoginPageJS.checkUserNameJS(LoginPageJS.java:39)
at actionsandJS.LoginPageJS.checkUserNameJS(LoginPageJS.java:39)
at actionsandJS.LoginPageJS.checkUserNameJS(LoginPageJS.java:39)
at actionsandJS.LoginPageJS.checkUserNameJS(LoginPageJS.java:39)
at actionsandJS.LoginPageJS.checkUserNameJS(LoginPageJS.java:39)
at actionsandJS.LoginPageJS.checkUserNameJS(LoginPageJS.java:39)
at actionsandJS.LoginPageJS.checkUserNameJS(LoginPageJS.java:39)
at actionsandJS.LoginPageJS.checkUserNameJS(LoginPageJS.java:39)
at actionsandJS.LoginPageJS.checkUserNameJS(LoginPageJS.java:39)
at actionsandJS.LoginPageJS.checkUserNameJS(LoginPageJS.java:39)
at actionsandJS.LoginPageJS.checkUserNameJS(LoginPageJS.java:39)
at actionsandJS.LoginPageJS.checkUserNameJS(LoginPageJS.java:39)
at actionsandJS.LoginPageJS.checkUserNameJS(LoginPageJS.java:39)
at actionsandJS.LoginPageJS.checkUserNameJS(LoginPageJS.java:39)
at actionsandJS.LoginPageJS.checkUserNameJS(LoginPageJS.java:39)
at actionsandJS.LoginPageJS.checkUserNameJS(LoginPageJS.java:39)
at actionsandJS.LoginPageJS.checkUserNameJS(LoginPageJS.java:39)
at actionsandJS.LoginPageJS.checkUserNameJS(LoginPageJS.java:39)
at actionsandJS.LoginPageJS.checkUserNameJS(LoginPageJS.java:39)
at actionsandJS.LoginPageJS.checkUserNameJS(LoginPageJS.java:39)
at actionsandJS.LoginPageJS.checkUserNameJS(LoginPageJS.java:39)
at actionsandJS.LoginPageJS.checkUserNameJS(LoginPageJS.java:39)
at actionsandJS.LoginPageJS.checkUserNameJS(LoginPageJS.java:39)
at actionsandJS.LoginPageJS.checkUserNameJS(LoginPageJS.java:39)
at actionsandJS.LoginPageJS.checkUserNameJS(LoginPageJS.java:39)
at actionsandJS.LoginPageJS.checkUserNameJS(LoginPageJS.java:39)
at actionsandJS.LoginPageJS.checkUserNameJS(LoginPageJS.java:39)
at actionsandJS.LoginPageJS.checkUserNameJS(LoginPageJS.java:39)
at actionsandJS.LoginPageJS.checkUserNameJS(LoginPageJS.java:39)
at actionsandJS.LoginPageJS.checkUserNameJS(LoginPageJS.java:39)
at actionsandJS.LoginPageJS.checkUserNameJS(LoginPageJS.java:39)
at actionsandJS.LoginPageJS.checkUserNameJS(LoginPageJS.java:39)
at actionsandJS.LoginPageJS.checkUserNameJS(LoginPageJS.java:39)
at actionsandJS.LoginPageJS.checkUserNameJS(LoginPageJS.java:39)
at actionsandJS.LoginPageJS.checkUserNameJS(LoginPageJS.java:39)
at actionsandJS.LoginPageJS.checkUserNameJS(LoginPageJS.java:39)
at actionsandJS.LoginPageJS.checkUserNameJS(LoginPageJS.java:39)
at actionsandJS.LoginPageJS.checkUserNameJS(LoginPageJS.java:39)
at actionsandJS.LoginPageJS.checkUserNameJS(LoginPageJS.java:39)
at actionsandJS.LoginPageJS.checkUserNameJS(LoginPageJS.java:39)
at actionsandJS.LoginPageJS.checkUserNameJS(LoginPageJS.java:39)
at actionsandJS.LoginPageJS.checkUserNameJS(LoginPageJS.java:39)
at actionsandJS.LoginPageJS.checkUserNameJS(LoginPageJS.java:39)
at actionsandJS.LoginPageJS.checkUserNameJS(LoginPageJS.java:39)
at actionsandJS.LoginPageJS.checkUserNameJS(LoginPageJS.java:39)
at actionsandJS.LoginPageJS.checkUserNameJS(LoginPageJS.java:39)
at actionsandJS.LoginPageJS.checkUserNameJS(LoginPageJS.java:39)
at actionsandJS.LoginPageJS.checkUserNameJS(LoginPageJS.java:39)
at actionsandJS.LoginPageJS.checkUserNameJS(LoginPageJS.java:39)
at actionsandJS.LoginPageJS.checkUserNameJS(LoginPageJS.java:39)
at actionsandJS.LoginPageJS.checkUserNameJS(LoginPageJS.java:39)
at actionsandJS.LoginPageJS.checkUserNameJS(LoginPageJS.java:39)
at actionsandJS.LoginPageJS.checkUserNameJS(LoginPageJS.java:39)
at actionsandJS.LoginPageJS.checkUserNameJS(LoginPageJS.java:39)
at actionsandJS.LoginPageJS.checkUserNameJS(LoginPageJS.java:39)
at actionsandJS.LoginPageJS.checkUserNameJS(LoginPageJS.java:39)
at actionsandJS.LoginPageJS.checkUserNameJS(LoginPageJS.java:39)
at actionsandJS.LoginPageJS.checkUserNameJS(LoginPageJS.java:39)
at actionsandJS.LoginPageJS.checkUserNameJS(LoginPageJS.java:39)
at actionsandJS.LoginPageJS.checkUserNameJS(LoginPageJS.java:39)
at actionsandJS.LoginPageJS.checkUserNameJS(LoginPageJS.java:39)
at actionsandJS.LoginPageJS.checkUserNameJS(LoginPageJS.java:39)
at actionsandJS.LoginPageJS.checkUserNameJS(LoginPageJS.java:39)
at actionsandJS.LoginPageJS.checkUserNameJS(LoginPageJS.java:39)
at actionsandJS.LoginPageJS.checkUserNameJS(LoginPageJS.java:39)
at actionsandJS.LoginPageJS.checkUserNameJS(LoginPageJS.java:39)
at actionsandJS.LoginPageJS.checkUserNameJS(LoginPageJS.java:39)
at actionsandJS.LoginPageJS.checkUserNameJS(LoginPageJS.java:39)
at actionsandJS.LoginPageJS.checkUserNameJS(LoginPageJS.java:39)
at actionsandJS.LoginPageJS.checkUserNameJS(LoginPageJS.java:39)
at actionsandJS.LoginPageJS.checkUserNameJS(LoginPageJS.java:39)
at actionsandJS.LoginPageJS.checkUserNameJS(LoginPageJS.java:39)
at actionsandJS.LoginPageJS.checkUserNameJS(LoginPageJS.java:39)
at actionsandJS.LoginPageJS.checkUserNameJS(LoginPageJS.java:39)
at actionsandJS.LoginPageJS.checkUserNameJS(LoginPageJS.java:39)
at actionsandJS.LoginPageJS.checkUserNameJS(LoginPageJS.java:39)
at actionsandJS.LoginPageJS.checkUserNameJS(LoginPageJS.java:39)
at actionsandJS.LoginPageJS.checkUserNameJS(LoginPageJS.java:39)
at actionsandJS.LoginPageJS.checkUserNameJS(LoginPageJS.java:39)
at actionsandJS.LoginPageJS.checkUserNameJS(LoginPageJS.java:39)
at actionsandJS.LoginPageJS.checkUserNameJS(LoginPageJS.java:39)
at actionsandJS.LoginPageJS.checkUserNameJS(LoginPageJS.java:39)
at actionsandJS.LoginPageJS.checkUserNameJS(LoginPageJS.java:39)
at actionsandJS.LoginPageJS.checkUserNameJS(LoginPageJS.java:39)
at actionsandJS.LoginPageJS.checkUserNameJS(LoginPageJS.java:39)
at actionsandJS.LoginPageJS.checkUserNameJS(LoginPageJS.java:39)
at actionsandJS.LoginPageJS.checkUserNameJS(LoginPageJS.java:39)
at actionsandJS.LoginPageJS.checkUserNameJS(LoginPageJS.java:39)
at actionsandJS.LoginPageJS.checkUserNameJS(LoginPageJS.java:39)
at actionsandJS.LoginPageJS.checkUserNameJS(LoginPageJS.java:39)
at actionsandJS.LoginPageJS.checkUserNameJS(LoginPageJS.java:39)
at actionsandJS.LoginPageJS.checkUserNameJS(LoginPageJS.java:39)
at actionsandJS.LoginPageJS.checkUserNameJS(LoginPageJS.java:39)
at actionsandJS.LoginPageJS.checkUserNameJS(LoginPageJS.java:39)
at actionsandJS.LoginPageJS.checkUserNameJS(LoginPageJS.java:39)
at actionsandJS.LoginPageJS.checkUserNameJS(LoginPageJS.java:39)
at actionsandJS.LoginPageJS.checkUserNameJS(LoginPageJS.java:39)
at actionsandJS.LoginPageJS.checkUserNameJS(LoginPageJS.java:39)
at actionsandJS.LoginPageJS.checkUserNameJS(LoginPageJS.java:39)
at actionsandJS.LoginPageJS.checkUserNameJS(LoginPageJS.java:39)
at actionsandJS.LoginPageJS.checkUserNameJS(LoginPageJS.java:39)
at actionsandJS.LoginPageJS.checkUserNameJS(LoginPageJS.java:39)
at actionsandJS.LoginPageJS.checkUserNameJS(LoginPageJS.java:39)
at actionsandJS.LoginPageJS.checkUserNameJS(LoginPageJS.java:39)
at actionsandJS.LoginPageJS.checkUserNameJS(LoginPageJS.java:39)
at actionsandJS.LoginPageJS.checkUserNameJS(LoginPageJS.java:39)
at actionsandJS.LoginPageJS.checkUserNameJS(LoginPageJS.java:39)
at actionsandJS.LoginPageJS.checkUserNameJS(LoginPageJS.java:39)
at actionsandJS.LoginPageJS.checkUserNameJS(LoginPageJS.java:39)
at actionsandJS.LoginPageJS.checkUserNameJS(LoginPageJS.java:39)
at actionsandJS.LoginPageJS.checkUserNameJS(LoginPageJS.java:39)
at actionsandJS.LoginPageJS.checkUserNameJS(LoginPageJS.java:39)
at actionsandJS.LoginPageJS.checkUserNameJS(LoginPageJS.java:39)
at actionsandJS.LoginPageJS.checkUserNameJS(LoginPageJS.java:39)
at actionsandJS.LoginPageJS.checkUserNameJS(LoginPageJS.java:39)
at actionsandJS.LoginPageJS.checkUserNameJS(LoginPageJS.java:39)
at actionsandJS.LoginPageJS.checkUserNameJS(LoginPageJS.java:39)
at actionsandJS.LoginPageJS.checkUserNameJS(LoginPageJS.java:39)
at actionsandJS.LoginPageJS.checkUserNameJS(LoginPageJS.java:39)
at actionsandJS.LoginPageJS.checkUserNameJS(LoginPageJS.java:39)
at actionsandJS.LoginPageJS.checkUserNameJS(LoginPageJS.java:39)
at actionsandJS.LoginPageJS.checkUserNameJS(LoginPageJS.java:39)
at actionsandJS.LoginPageJS.checkUserNameJS(LoginPageJS.java:39)
at actionsandJS.LoginPageJS.checkUserNameJS(LoginPageJS.java:39)
at actionsandJS.LoginPageJS.checkUserNameJS(LoginPageJS.java:39)
at actionsandJS.LoginPageJS.checkUserNameJS(LoginPageJS.java:39)
at actionsandJS.LoginPageJS.checkUserNameJS(LoginPageJS.java:39)
at actionsandJS.LoginPageJS.checkUserNameJS(LoginPageJS.java:39)
at actionsandJS.LoginPageJS.checkUserNameJS(LoginPageJS.java:39)
at actionsandJS.LoginPageJS.checkUserNameJS(LoginPageJS.java:39)
at actionsandJS.LoginPageJS.checkUserNameJS(LoginPageJS.java:39)
at actionsandJS.LoginPageJS.checkUserNameJS(LoginPageJS.java:39)
at actionsandJS.LoginPageJS.checkUserNameJS(LoginPageJS.java:39)
at actionsandJS.LoginPageJS.checkUserNameJS(LoginPageJS.java:39)
at actionsandJS.LoginPageJS.checkUserNameJS(LoginPageJS.java:39)
at actionsandJS.LoginPageJS.checkUserNameJS(LoginPageJS.java:39)
at actionsandJS.LoginPageJS.checkUserNameJS(LoginPageJS.java:39)
at actionsandJS.LoginPageJS.checkUserNameJS(LoginPageJS.java:39)
at actionsandJS.LoginPageJS.checkUserNameJS(LoginPageJS.java:39)
at actionsandJS.LoginPageJS.checkUserNameJS(LoginPageJS.java:39)
at actionsandJS.LoginPageJS.checkUserNameJS(LoginPageJS.java:39)
at actionsandJS.LoginPageJS.checkUserNameJS(LoginPageJS.java:39)
at actionsandJS.LoginPageJS.checkUserNameJS(LoginPageJS.java:39)
at actionsandJS.LoginPageJS.checkUserNameJS(LoginPageJS.java:39)
at actionsandJS.LoginPageJS.checkUserNameJS(LoginPageJS.java:39)
at actionsandJS.LoginPageJS.checkUserNameJS(LoginPageJS.java:39)
at actionsandJS.LoginPageJS.checkUserNameJS(LoginPageJS.java:39)
at actionsandJS.LoginPageJS.checkUserNameJS(LoginPageJS.java:39)
at actionsandJS.LoginPageJS.checkUserNameJS(LoginPageJS.java:39)
at actionsandJS.LoginPageJS.checkUserNameJS(LoginPageJS.java:39)
at actionsandJS.LoginPageJS.checkUserNameJS(LoginPageJS.java:39)
at actionsandJS.LoginPageJS.checkUserNameJS(LoginPageJS.java:39)
at actionsandJS.LoginPageJS.checkUserNameJS(LoginPageJS.java:39)
at actionsandJS.LoginPageJS.checkUserNameJS(LoginPageJS.java:39)
at actionsandJS.LoginPageJS.checkUserNameJS(LoginPageJS.java:39)
at actionsandJS.LoginPageJS.checkUserNameJS(LoginPageJS.java:39)
at actionsandJS.LoginPageJS.checkUserNameJS(LoginPageJS.java:39)
at actionsandJS.LoginPageJS.checkUserNameJS(LoginPageJS.java:39)
at actionsandJS.LoginPageJS.checkUserNameJS(LoginPageJS.java:39)
at actionsandJS.LoginPageJS.checkUserNameJS(LoginPageJS.java:39)
at actionsandJS.LoginPageJS.checkUserNameJS(LoginPageJS.java:39)
at actionsandJS.LoginPageJS.checkUserNameJS(LoginPageJS.java:39)
at actionsandJS.LoginPageJS.checkUserNameJS(LoginPageJS.java:39)
at actionsandJS.LoginPageJS.checkUserNameJS(LoginPageJS.java:39)
at actionsandJS.LoginPageJS.checkUserNameJS(LoginPageJS.java:39)
at actionsandJS.LoginPageJS.checkUserNameJS(LoginPageJS.java:39)
at actionsandJS.LoginPageJS.checkUserNameJS(LoginPageJS.java:39)
at actionsandJS.LoginPageJS.checkUserNameJS(LoginPageJS.java:39)
at actionsandJS.LoginPageJS.checkUserNameJS(LoginPageJS.java:39)
at actionsandJS.LoginPageJS.checkUserNameJS(LoginPageJS.java:39)
at actionsandJS.LoginPageJS.checkUserNameJS(LoginPageJS.java:39)
at actionsandJS.LoginPageJS.checkUserNameJS(LoginPageJS.java:39)
at actionsandJS.LoginPageJS.checkUserNameJS(LoginPageJS.java:39)
at actionsandJS.LoginPageJS.checkUserNameJS(LoginPageJS.java:39)
at actionsandJS.LoginPageJS.checkUserNameJS(LoginPageJS.java:39)
at actionsandJS.LoginPageJS.checkUserNameJS(LoginPageJS.java:39)
at actionsandJS.LoginPageJS.checkUserNameJS(LoginPageJS.java:39)
at actionsandJS.LoginPageJS.checkUserNameJS(LoginPageJS.java:39)
at actionsandJS.LoginPageJS.checkUserNameJS(LoginPageJS.java:39)
at actionsandJS.LoginPageJS.checkUserNameJS(LoginPageJS.java:39)
at actionsandJS.LoginPageJS.checkUserNameJS(LoginPageJS.java:39)
at actionsandJS.LoginPageJS.checkUserNameJS(LoginPageJS.java:39)
at actionsandJS.LoginPageJS.checkUserNameJS(LoginPageJS.java:39)
at actionsandJS.LoginPageJS.checkUserNameJS(LoginPageJS.java:39)
at actionsandJS.LoginPageJS.checkUserNameJS(LoginPageJS.java:39)
at actionsandJS.LoginPageJS.checkUserNameJS(LoginPageJS.java:39)
at actionsandJS.LoginPageJS.checkUserNameJS(LoginPageJS.java:39)
at actionsandJS.LoginPageJS.checkUserNameJS(LoginPageJS.java:39)
at actionsandJS.LoginPageJS.checkUserNameJS(LoginPageJS.java:39)
at actionsandJS.LoginPageJS.checkUserNameJS(LoginPageJS.java:39)
at actionsandJS.LoginPageJS.checkUserNameJS(LoginPageJS.java:39)
at actionsandJS.LoginPageJS.checkUserNameJS(LoginPageJS.java:39)
at actionsandJS.LoginPageJS.checkUserNameJS(LoginPageJS.java:39)
at actionsandJS.LoginPageJS.checkUserNameJS(LoginPageJS.java:39)
at actionsandJS.LoginPageJS.checkUserNameJS(LoginPageJS.java:39)
at actionsandJS.LoginPageJS.checkUserNameJS(LoginPageJS.java:39)
at actionsandJS.LoginPageJS.checkUserNameJS(LoginPageJS.java:39)
at actionsandJS.LoginPageJS.checkUserNameJS(LoginPageJS.java:39)
at actionsandJS.LoginPageJS.checkUserNameJS(LoginPageJS.java:39)
at actionsandJS.LoginPageJS.checkUserNameJS(LoginPageJS.java:39)
at actionsandJS.LoginPageJS.checkUserNameJS(LoginPageJS.java:39)
at actionsandJS.LoginPageJS.checkUserNameJS(LoginPageJS.java:39)
at actionsandJS.LoginPageJS.checkUserNameJS(LoginPageJS.java:39)
at actionsandJS.LoginPageJS.checkUserNameJS(LoginPageJS.java:39)
at actionsandJS.LoginPageJS.checkUserNameJS(LoginPageJS.java:39)
at actionsandJS.LoginPageJS.checkUserNameJS(LoginPageJS.java:39)
at actionsandJS.LoginPageJS.checkUserNameJS(LoginPageJS.java:39)
at actionsandJS.LoginPageJS.checkUserNameJS(LoginPageJS.java:39)
at actionsandJS.LoginPageJS.checkUserNameJS(LoginPageJS.java:39)
at actionsandJS.LoginPageJS.checkUserNameJS(LoginPageJS.java:39)
at actionsandJS.LoginPageJS.checkUserNameJS(LoginPageJS.java:39)
at actionsandJS.LoginPageJS.checkUserNameJS(LoginPageJS.java:39)
at actionsandJS.LoginPageJS.checkUserNameJS(LoginPageJS.java:39)
at actionsandJS.LoginPageJS.checkUserNameJS(LoginPageJS.java:39)
at actionsandJS.LoginPageJS.checkUserNameJS(LoginPageJS.java:39)
at actionsandJS.LoginPageJS.checkUserNameJS(LoginPageJS.java:39)
at actionsandJS.LoginPageJS.checkUserNameJS(LoginPageJS.java:39)
at actionsandJS.LoginPageJS.checkUserNameJS(LoginPageJS.java:39)
at actionsandJS.LoginPageJS.checkUserNameJS(LoginPageJS.java:39)
at actionsandJS.LoginPageJS.checkUserNameJS(LoginPageJS.java:39)
at actionsandJS.LoginPageJS.checkUserNameJS(LoginPageJS.java:39)
at actionsandJS.LoginPageJS.checkUserNameJS(LoginPageJS.java:39)
at actionsandJS.LoginPageJS.checkUserNameJS(LoginPageJS.java:39)
at actionsandJS.LoginPageJS.checkUserNameJS(LoginPageJS.java:39)
at actionsandJS.LoginPageJS.checkUserNameJS(LoginPageJS.java:39)
at actionsandJS.LoginPageJS.checkUserNameJS(LoginPageJS.java:39)
at actionsandJS.LoginPageJS.checkUserNameJS(LoginPageJS.java:39)
at actionsandJS.LoginPageJS.checkUserNameJS(LoginPageJS.java:39)
at actionsandJS.LoginPageJS.checkUserNameJS(LoginPageJS.java:39)
at actionsandJS.LoginPageJS.checkUserNameJS(LoginPageJS.java:39)
at actionsandJS.LoginPageJS.checkUserNameJS(LoginPageJS.java:39)
at actionsandJS.LoginPageJS.checkUserNameJS(LoginPageJS.java:39)
at actionsandJS.LoginPageJS.checkUserNameJS(LoginPageJS.java:39)
at actionsandJS.LoginPageJS.checkUserNameJS(LoginPageJS.java:39)
at actionsandJS.LoginPageJS.checkUserNameJS(LoginPageJS.java:39)
at actionsandJS.LoginPageJS.checkUserNameJS(LoginPageJS.java:39)
at actionsandJS.LoginPageJS.checkUserNameJS(LoginPageJS.java:39)
at actionsandJS.LoginPageJS.checkUserNameJS(LoginPageJS.java:39)
at actionsandJS.LoginPageJS.checkUserNameJS(LoginPageJS.java:39)
at actionsandJS.LoginPageJS.checkUserNameJS(LoginPageJS.java:39)
at actionsandJS.LoginPageJS.checkUserNameJS(LoginPageJS.java:39)
at actionsandJS.LoginPageJS.checkUserNameJS(LoginPageJS.java:39)
at actionsandJS.LoginPageJS.checkUserNameJS(LoginPageJS.java:39)
at actionsandJS.LoginPageJS.checkUserNameJS(LoginPageJS.java:39)
at actionsandJS.LoginPageJS.checkUserNameJS(LoginPageJS.java:39)
at actionsandJS.LoginPageJS.checkUserNameJS(LoginPageJS.java:39)
at actionsandJS.LoginPageJS.checkUserNameJS(LoginPageJS.java:39)
at actionsandJS.LoginPageJS.checkUserNameJS(LoginPageJS.java:39)
at actionsandJS.LoginPageJS.checkUserNameJS(LoginPageJS.java:39)
at actionsandJS.LoginPageJS.checkUserNameJS(LoginPageJS.java:39)
at actionsandJS.LoginPageJS.checkUserNameJS(LoginPageJS.java:39)
at actionsandJS.LoginPageJS.checkUserNameJS(LoginPageJS.java:39)
at actionsandJS.LoginPageJS.checkUserNameJS(LoginPageJS.java:39)
at actionsandJS.LoginPageJS.checkUserNameJS(LoginPageJS.java:39)
at actionsandJS.LoginPageJS.checkUserNameJS(LoginPageJS.java:39)
at actionsandJS.LoginPageJS.checkUserNameJS(LoginPageJS.java:39)
at actionsandJS.LoginPageJS.checkUserNameJS(LoginPageJS.java:39)
at actionsandJS.LoginPageJS.checkUserNameJS(LoginPageJS.java:39)
at actionsandJS.LoginPageJS.checkUserNameJS(LoginPageJS.java:39)
at actionsandJS.LoginPageJS.checkUserNameJS(LoginPageJS.java:39)
at actionsandJS.LoginPageJS.checkUserNameJS(LoginPageJS.java:39)
at actionsandJS.LoginPageJS.checkUserNameJS(LoginPageJS.java:39)
at actionsandJS.LoginPageJS.checkUserNameJS(LoginPageJS.java:39)
at actionsandJS.LoginPageJS.checkUserNameJS(LoginPageJS.java:39)
at actionsandJS.LoginPageJS.checkUserNameJS(LoginPageJS.java:39)
at actionsandJS.LoginPageJS.checkUserNameJS(LoginPageJS.java:39)
at actionsandJS.LoginPageJS.checkUserNameJS(LoginPageJS.java:39)
at actionsandJS.LoginPageJS.checkUserNameJS(LoginPageJS.java:39)
at actionsandJS.LoginPageJS.checkUserNameJS(LoginPageJS.java:39)
at actionsandJS.LoginPageJS.checkUserNameJS(LoginPageJS.java:39)
at actionsandJS.LoginPageJS.checkUserNameJS(LoginPageJS.java:39)
at actionsandJS.LoginPageJS.checkUserNameJS(LoginPageJS.java:39)
at actionsandJS.LoginPageJS.checkUserNameJS(LoginPageJS.java:39)
at actionsandJS.LoginPageJS.checkUserNameJS(LoginPageJS.java:39)
at actionsandJS.LoginPageJS.checkUserNameJS(LoginPageJS.java:39)
at actionsandJS.LoginPageJS.checkUserNameJS(LoginPageJS.java:39)
at actionsandJS.LoginPageJS.checkUserNameJS(LoginPageJS.java:39)
at actionsandJS.LoginPageJS.checkUserNameJS(LoginPageJS.java:39)
at actionsandJS.LoginPageJS.checkUserNameJS(LoginPageJS.java:39)
at actionsandJS.LoginPageJS.checkUserNameJS(LoginPageJS.java:39)
at actionsandJS.LoginPageJS.checkUserNameJS(LoginPageJS.java:39)
at actionsandJS.LoginPageJS.checkUserNameJS(LoginPageJS.java:39)
at actionsandJS.LoginPageJS.checkUserNameJS(LoginPageJS.java:39)
at actionsandJS.LoginPageJS.checkUserNameJS(LoginPageJS.java:39)
at actionsandJS.LoginPageJS.checkUserNameJS(LoginPageJS.java:39)
at actionsandJS.LoginPageJS.checkUserNameJS(LoginPageJS.java:39)
at actionsandJS.LoginPageJS.checkUserNameJS(LoginPageJS.java:39)
at actionsandJS.LoginPageJS.checkUserNameJS(LoginPageJS.java:39)
at actionsandJS.LoginPageJS.checkUserNameJS(LoginPageJS.java:39)
at actionsandJS.LoginPageJS.checkUserNameJS(LoginPageJS.java:39)
at actionsandJS.LoginPageJS.checkUserNameJS(LoginPageJS.java:39)
at actionsandJS.LoginPageJS.checkUserNameJS(LoginPageJS.java:39)
at actionsandJS.LoginPageJS.checkUserNameJS(LoginPageJS.java:39)
at actionsandJS.LoginPageJS.checkUserNameJS(LoginPageJS.java:39)
at actionsandJS.LoginPageJS.checkUserNameJS(LoginPageJS.java:39)
at actionsandJS.LoginPageJS.checkUserNameJS(LoginPageJS.java:39)
at actionsandJS.LoginPageJS.checkUserNameJS(LoginPageJS.java:39)
at actionsandJS.LoginPageJS.checkUserNameJS(LoginPageJS.java:39)
at actionsandJS.LoginPageJS.checkUserNameJS(LoginPageJS.java:39)
at actionsandJS.LoginPageJS.checkUserNameJS(LoginPageJS.java:39)
at actionsandJS.LoginPageJS.checkUserNameJS(LoginPageJS.java:39)
at actionsandJS.LoginPageJS.checkUserNameJS(LoginPageJS.java:39)
at actionsandJS.LoginPageJS.checkUserNameJS(LoginPageJS.java:39)
at actionsandJS.LoginPageJS.checkUserNameJS(LoginPageJS.java:39)
at actionsandJS.LoginPageJS.checkUserNameJS(LoginPageJS.java:39)
at actionsandJS.LoginPageJS.checkUserNameJS(LoginPageJS.java:39)
at actionsandJS.LoginPageJS.checkUserNameJS(LoginPageJS.java:39)
at actionsandJS.LoginPageJS.checkUserNameJS(LoginPageJS.java:39)
at actionsandJS.LoginPageJS.checkUserNameJS(LoginPageJS.java:39)
at actionsandJS.LoginPageJS.checkUserNameJS(LoginPageJS.java:39)
at actionsandJS.LoginPageJS.checkUserNameJS(LoginPageJS.java:39)
at actionsandJS.LoginPageJS.checkUserNameJS(LoginPageJS.java:39)
at actionsandJS.LoginPageJS.checkUserNameJS(LoginPageJS.java:39)
at actionsandJS.LoginPageJS.checkUserNameJS(LoginPageJS.java:39)
at actionsandJS.LoginPageJS.checkUserNameJS(LoginPageJS.java:39)
at actionsandJS.LoginPageJS.checkUserNameJS(LoginPageJS.java:39)
at actionsandJS.LoginPageJS.checkUserNameJS(LoginPageJS.java:39)
at actionsandJS.LoginPageJS.checkUserNameJS(LoginPageJS.java:39)
at actionsandJS.LoginPageJS.checkUserNameJS(LoginPageJS.java:39)
at actionsandJS.LoginPageJS.checkUserNameJS(LoginPageJS.java:39)
at actionsandJS.LoginPageJS.checkUserNameJS(LoginPageJS.java:39)
at actionsandJS.LoginPageJS.checkUserNameJS(LoginPageJS.java:39)
at actionsandJS.LoginPageJS.checkUserNameJS(LoginPageJS.java:39)
at actionsandJS.LoginPageJS.checkUserNameJS(LoginPageJS.java:39)
at actionsandJS.LoginPageJS.checkUserNameJS(LoginPageJS.java:39)
at actionsandJS.LoginPageJS.checkUserNameJS(LoginPageJS.java:39)
at actionsandJS.LoginPageJS.checkUserNameJS(LoginPageJS.java:39)
at actionsandJS.LoginPageJS.checkUserNameJS(LoginPageJS.java:39)
at actionsandJS.LoginPageJS.checkUserNameJS(LoginPageJS.java:39)
at actionsandJS.LoginPageJS.checkUserNameJS(LoginPageJS.java:39)
at actionsandJS.LoginPageJS.checkUserNameJS(LoginPageJS.java:39)
at actionsandJS.LoginPageJS.checkUserNameJS(LoginPageJS.java:39)
at actionsandJS.LoginPageJS.checkUserNameJS(LoginPageJS.java:39)
at actionsandJS.LoginPageJS.checkUserNameJS(LoginPageJS.java:39)
at actionsandJS.LoginPageJS.checkUserNameJS(LoginPageJS.java:39)
at actionsandJS.LoginPageJS.checkUserNameJS(LoginPageJS.java:39)
at actionsandJS.LoginPageJS.checkUserNameJS(LoginPageJS.java:39)
at actionsandJS.LoginPageJS.checkUserNameJS(LoginPageJS.java:39)
at actionsandJS.LoginPageJS.checkUserNameJS(LoginPageJS.java:39)
at actionsandJS.LoginPageJS.checkUserNameJS(LoginPageJS.java:39)
at actionsandJS.LoginPageJS.checkUserNameJS(LoginPageJS.java:39)
at actionsandJS.LoginPageJS.checkUserNameJS(LoginPageJS.java:39)
at actionsandJS.LoginPageJS.checkUserNameJS(LoginPageJS.java:39)
at actionsandJS.LoginPageJS.checkUserNameJS(LoginPageJS.java:39)
at actionsandJS.LoginPageJS.checkUserNameJS(LoginPageJS.java:39)
at actionsandJS.LoginPageJS.checkUserNameJS(LoginPageJS.java:39)
at actionsandJS.LoginPageJS.checkUserNameJS(LoginPageJS.java:39)
at actionsandJS.LoginPageJS.checkUserNameJS(LoginPageJS.java:39)
at actionsandJS.LoginPageJS.checkUserNameJS(LoginPageJS.java:39)
at actionsandJS.LoginPageJS.checkUserNameJS(LoginPageJS.java:39)
at actionsandJS.LoginPageJS.checkUserNameJS(LoginPageJS.java:39)
at actionsandJS.LoginPageJS.checkUserNameJS(LoginPageJS.java:39)
at actionsandJS.LoginPageJS.checkUserNameJS(LoginPageJS.java:39)
at actionsandJS.LoginPageJS.checkUserNameJS(LoginPageJS.java:39)
at actionsandJS.LoginPageJS.checkUserNameJS(LoginPageJS.java:39)
at actionsandJS.LoginPageJS.checkUserNameJS(LoginPageJS.java:39)
at actionsandJS.LoginPageJS.checkUserNameJS(LoginPageJS.java:39)
at actionsandJS.LoginPageJS.checkUserNameJS(LoginPageJS.java:39)
at actionsandJS.LoginPageJS.checkUserNameJS(LoginPageJS.java:39)
at actionsandJS.LoginPageJS.checkUserNameJS(LoginPageJS.java:39)
at actionsandJS.LoginPageJS.checkUserNameJS(LoginPageJS.java:39)
at actionsandJS.LoginPageJS.checkUserNameJS(LoginPageJS.java:39)
at actionsandJS.LoginPageJS.checkUserNameJS(LoginPageJS.java:39)
at actionsandJS.LoginPageJS.checkUserNameJS(LoginPageJS.java:39)
at actionsandJS.LoginPageJS.checkUserNameJS(LoginPageJS.java:39)
at actionsandJS.LoginPageJS.checkUserNameJS(LoginPageJS.java:39)
at actionsandJS.LoginPageJS.checkUserNameJS(LoginPageJS.java:39)
at actionsandJS.LoginPageJS.checkUserNameJS(LoginPageJS.java:39)
at actionsandJS.LoginPageJS.checkUserNameJS(LoginPageJS.java:39)
at actionsandJS.LoginPageJS.checkUserNameJS(LoginPageJS.java:39)
at actionsandJS.LoginPageJS.checkUserNameJS(LoginPageJS.java:39)
at actionsandJS.LoginPageJS.checkUserNameJS(LoginPageJS.java:39)
at actionsandJS.LoginPageJS.checkUserNameJS(LoginPageJS.java:39)
at actionsandJS.LoginPageJS.checkUserNameJS(LoginPageJS.java:39)
at actionsandJS.LoginPageJS.checkUserNameJS(LoginPageJS.java:39)
at actionsandJS.LoginPageJS.checkUserNameJS(LoginPageJS.java:39)
at actionsandJS.LoginPageJS.checkUserNameJS(LoginPageJS.java:39)
at actionsandJS.LoginPageJS.checkUserNameJS(LoginPageJS.java:39)
at actionsandJS.LoginPageJS.checkUserNameJS(LoginPageJS.java:39)
at actionsandJS.LoginPageJS.checkUserNameJS(LoginPageJS.java:39)
at actionsandJS.LoginPageJS.checkUserNameJS(LoginPageJS.java:39)
at actionsandJS.LoginPageJS.checkUserNameJS(LoginPageJS.java:39)
at actionsandJS.LoginPageJS.checkUserNameJS(LoginPageJS.java:39)
at actionsandJS.LoginPageJS.checkUserNameJS(LoginPageJS.java:39)
at actionsandJS.LoginPageJS.checkUserNameJS(LoginPageJS.java:39)
at actionsandJS.LoginPageJS.checkUserNameJS(LoginPageJS.java:39)
at actionsandJS.LoginPageJS.checkUserNameJS(LoginPageJS.java:39)
at actionsandJS.LoginPageJS.checkUserNameJS(LoginPageJS.java:39)
at actionsandJS.LoginPageJS.checkUserNameJS(LoginPageJS.java:39)
at actionsandJS.LoginPageJS.checkUserNameJS(LoginPageJS.java:39)
at actionsandJS.LoginPageJS.checkUserNameJS(LoginPageJS.java:39)
at actionsandJS.LoginPageJS.checkUserNameJS(LoginPageJS.java:39)
at actionsandJS.LoginPageJS.checkUserNameJS(LoginPageJS.java:39)
at actionsandJS.LoginPageJS.checkUserNameJS(LoginPageJS.java:39)
at actionsandJS.LoginPageJS.checkUserNameJS(LoginPageJS.java:39)
at actionsandJS.LoginPageJS.checkUserNameJS(LoginPageJS.java:39)
at actionsandJS.LoginPageJS.checkUserNameJS(LoginPageJS.java:39)
at actionsandJS.LoginPageJS.checkUserNameJS(LoginPageJS.java:39)
at actionsandJS.LoginPageJS.checkUserNameJS(LoginPageJS.java:39)
at actionsandJS.LoginPageJS.checkUserNameJS(LoginPageJS.java:39)
at actionsandJS.LoginPageJS.checkUserNameJS(LoginPageJS.java:39)
at actionsandJS.LoginPageJS.checkUserNameJS(LoginPageJS.java:39)
at actionsandJS.LoginPageJS.checkUserNameJS(LoginPageJS.java:39)
at actionsandJS.LoginPageJS.checkUserNameJS(LoginPageJS.java:39)
at actionsandJS.LoginPageJS.checkUserNameJS(LoginPageJS.java:39)
at actionsandJS.LoginPageJS.checkUserNameJS(LoginPageJS.java:39)
at actionsandJS.LoginPageJS.checkUserNameJS(LoginPageJS.java:39)
at actionsandJS.LoginPageJS.checkUserNameJS(LoginPageJS.java:39)
at actionsandJS.LoginPageJS.checkUserNameJS(LoginPageJS.java:39)
at actionsandJS.LoginPageJS.checkUserNameJS(LoginPageJS.java:39)
at actionsandJS.LoginPageJS.checkUserNameJS(LoginPageJS.java:39)
at actionsandJS.LoginPageJS.checkUserNameJS(LoginPageJS.java:39)
at actionsandJS.LoginPageJS.checkUserNameJS(LoginPageJS.java:39)
at actionsandJS.LoginPageJS.checkUserNameJS(LoginPageJS.java:39)
at actionsandJS.LoginPageJS.checkUserNameJS(LoginPageJS.java:39)
at actionsandJS.LoginPageJS.checkUserNameJS(LoginPageJS.java:39)
at actionsandJS.LoginPageJS.checkUserNameJS(LoginPageJS.java:39)
at actionsandJS.LoginPageJS.checkUserNameJS(LoginPageJS.java:39)
at actionsandJS.LoginPageJS.checkUserNameJS(LoginPageJS.java:39)
at actionsandJS.LoginPageJS.checkUserNameJS(LoginPageJS.java:39)
at actionsandJS.LoginPageJS.checkUserNameJS(LoginPageJS.java:39)
at actionsandJS.LoginPageJS.checkUserNameJS(LoginPageJS.java:39)
at actionsandJS.LoginPageJS.checkUserNameJS(LoginPageJS.java:39)
at actionsandJS.LoginPageJS.checkUserNameJS(LoginPageJS.java:39)
at actionsandJS.LoginPageJS.checkUserNameJS(LoginPageJS.java:39)
at actionsandJS.LoginPageJS.checkUserNameJS(LoginPageJS.java:39)
at actionsandJS.LoginPageJS.checkUserNameJS(LoginPageJS.java:39)
at actionsandJS.LoginPageJS.checkUserNameJS(LoginPageJS.java:39)
at actionsandJS.LoginPageJS.checkUserNameJS(LoginPageJS.java:39)
at actionsandJS.LoginPageJS.checkUserNameJS(LoginPageJS.java:39)
at actionsandJS.LoginPageJS.checkUserNameJS(LoginPageJS.java:39)
at actionsandJS.LoginPageJS.checkUserNameJS(LoginPageJS.java:39)
at actionsandJS.LoginPageJS.checkUserNameJS(LoginPageJS.java:39)
at actionsandJS.LoginPageJS.checkUserNameJS(LoginPageJS.java:39)
at actionsandJS.LoginPageJS.checkUserNameJS(LoginPageJS.java:39)
at actionsandJS.LoginPageJS.checkUserNameJS(LoginPageJS.java:39)
at actionsandJS.LoginPageJS.checkUserNameJS(LoginPageJS.java:39)
at actionsandJS.LoginPageJS.checkUserNameJS(LoginPageJS.java:39)
at actionsandJS.LoginPageJS.checkUserNameJS(LoginPageJS.java:39)
at actionsandJS.LoginPageJS.checkUserNameJS(LoginPageJS.java:39)
at actionsandJS.LoginPageJS.checkUserNameJS(LoginPageJS.java:39)
at actionsandJS.LoginPageJS.checkUserNameJS(LoginPageJS.java:39)
at actionsandJS.LoginPageJS.checkUserNameJS(LoginPageJS.java:39)
at actionsandJS.LoginPageJS.checkUserNameJS(LoginPageJS.java:39)
at actionsandJS.LoginPageJS.checkUserNameJS(LoginPageJS.java:39)
at actionsandJS.LoginPageJS.checkUserNameJS(LoginPageJS.java:39)
at actionsandJS.LoginPageJS.checkUserNameJS(LoginPageJS.java:39)
at actionsandJS.LoginPageJS.checkUserNameJS(LoginPageJS.java:39)
at actionsandJS.LoginPageJS.checkUserNameJS(LoginPageJS.java:39)
at actionsandJS.LoginPageJS.checkUserNameJS(LoginPageJS.java:39)
at actionsandJS.LoginPageJS.checkUserNameJS(LoginPageJS.java:39)
at actionsandJS.LoginPageJS.checkUserNameJS(LoginPageJS.java:39)
at actionsandJS.LoginPageJS.checkUserNameJS(LoginPageJS.java:39)
at actionsandJS.LoginPageJS.checkUserNameJS(LoginPageJS.java:39)
at actionsandJS.LoginPageJS.checkUserNameJS(LoginPageJS.java:39)
at actionsandJS.LoginPageJS.checkUserNameJS(LoginPageJS.java:39)
at actionsandJS.LoginPageJS.checkUserNameJS(LoginPageJS.java:39)
at actionsandJS.LoginPageJS.checkUserNameJS(LoginPageJS.java:39)
at actionsandJS.LoginPageJS.checkUserNameJS(LoginPageJS.java:39)
at actionsandJS.LoginPageJS.checkUserNameJS(LoginPageJS.java:39)
at actionsandJS.LoginPageJS.checkUserNameJS(LoginPageJS.java:39)
at actionsandJS.LoginPageJS.checkUserNameJS(LoginPageJS.java:39)
at actionsandJS.LoginPageJS.checkUserNameJS(LoginPageJS.java:39)
at actionsandJS.LoginPageJS.checkUserNameJS(LoginPageJS.java:39)
at actionsandJS.LoginPageJS.checkUserNameJS(LoginPageJS.java:39)
at actionsandJS.LoginPageJS.checkUserNameJS(LoginPageJS.java:39)
at actionsandJS.LoginPageJS.checkUserNameJS(LoginPageJS.java:39)
at actionsandJS.LoginPageJS.checkUserNameJS(LoginPageJS.java:39)
at actionsandJS.LoginPageJS.checkUserNameJS(LoginPageJS.java:39)
at actionsandJS.LoginPageJS.checkUserNameJS(LoginPageJS.java:39)
at actionsandJS.LoginPageJS.checkUserNameJS(LoginPageJS.java:39)
at actionsandJS.LoginPageJS.checkUserNameJS(LoginPageJS.java:39)
at actionsandJS.LoginPageJS.checkUserNameJS(LoginPageJS.java:39)
at actionsandJS.LoginPageJS.checkUserNameJS(LoginPageJS.java:39)
at actionsandJS.LoginPageJS.checkUserNameJS(LoginPageJS.java:39)
at actionsandJS.LoginPageJS.checkUserNameJS(LoginPageJS.java:39)
at actionsandJS.LoginPageJS.checkUserNameJS(LoginPageJS.java:39)
at actionsandJS.LoginPageJS.checkUserNameJS(LoginPageJS.java:39)
at actionsandJS.LoginPageJS.checkUserNameJS(LoginPageJS.java:39)
at actionsandJS.LoginPageJS.checkUserNameJS(LoginPageJS.java:39)
at actionsandJS.LoginPageJS.checkUserNameJS(LoginPageJS.java:39)
at actionsandJS.LoginPageJS.checkUserNameJS(LoginPageJS.java:39)
at actionsandJS.LoginPageJS.checkUserNameJS(LoginPageJS.java:39)
at actionsandJS.LoginPageJS.checkUserNameJS(LoginPageJS.java:39)
at actionsandJS.LoginPageJS.checkUserNameJS(LoginPageJS.java:39)
at actionsandJS.LoginPageJS.checkUserNameJS(LoginPageJS.java:39)
at actionsandJS.LoginPageJS.checkUserNameJS(LoginPageJS.java:39)
at actionsandJS.LoginPageJS.checkUserNameJS(LoginPageJS.java:39)
at actionsandJS.LoginPageJS.checkUserNameJS(LoginPageJS.java:39)
at actionsandJS.LoginPageJS.checkUserNameJS(LoginPageJS.java:39)
at actionsandJS.LoginPageJS.checkUserNameJS(LoginPageJS.java:39)
at actionsandJS.LoginPageJS.checkUserNameJS(LoginPageJS.java:39)
at actionsandJS.LoginPageJS.checkUserNameJS(LoginPageJS.java:39)
at actionsandJS.LoginPageJS.checkUserNameJS(LoginPageJS.java:39)
at actionsandJS.LoginPageJS.checkUserNameJS(LoginPageJS.java:39)
at actionsandJS.LoginPageJS.checkUserNameJS(LoginPageJS.java:39)
at actionsandJS.LoginPageJS.checkUserNameJS(LoginPageJS.java:39)
at actionsandJS.LoginPageJS.checkUserNameJS(LoginPageJS.java:39)
at actionsandJS.LoginPageJS.checkUserNameJS(LoginPageJS.java:39)
at actionsandJS.LoginPageJS.checkUserNameJS(LoginPageJS.java:39)
at actionsandJS.LoginPageJS.checkUserNameJS(LoginPageJS.java:39)
at actionsandJS.LoginPageJS.checkUserNameJS(LoginPageJS.java:39)
at actionsandJS.LoginPageJS.checkUserNameJS(LoginPageJS.java:39)
at actionsandJS.LoginPageJS.checkUserNameJS(LoginPageJS.java:39)
at actionsandJS.LoginPageJS.checkUserNameJS(LoginPageJS.java:39)
at actionsandJS.LoginPageJS.checkUserNameJS(LoginPageJS.java:39)
at actionsandJS.LoginPageJS.checkUserNameJS(LoginPageJS.java:39)
at actionsandJS.LoginPageJS.checkUserNameJS(LoginPageJS.java:39)
at actionsandJS.LoginPageJS.checkUserNameJS(LoginPageJS.java:39)
at actionsandJS.LoginPageJS.checkUserNameJS(LoginPageJS.java:39)
at actionsandJS.LoginPageJS.checkUserNameJS(LoginPageJS.java:39)
at actionsandJS.LoginPageJS.checkUserNameJS(LoginPageJS.java:39)
at actionsandJS.LoginPageJS.checkUserNameJS(LoginPageJS.java:39)
at actionsandJS.LoginPageJS.checkUserNameJS(LoginPageJS.java:39)
at actionsandJS.LoginPageJS.checkUserNameJS(LoginPageJS.java:39)
at actionsandJS.LoginPageJS.checkUserNameJS(LoginPageJS.java:39)
at actionsandJS.LoginPageJS.checkUserNameJS(LoginPageJS.java:39)
at actionsandJS.LoginPageJS.checkUserNameJS(LoginPageJS.java:39)
at actionsandJS.LoginPageJS.checkUserNameJS(LoginPageJS.java:39)
at actionsandJS.LoginPageJS.checkUserNameJS(LoginPageJS.java:39)
at actionsandJS.LoginPageJS.checkUserNameJS(LoginPageJS.java:39)
at actionsandJS.LoginPageJS.checkUserNameJS(LoginPageJS.java:39)
at actionsandJS.LoginPageJS.checkUserNameJS(LoginPageJS.java:39)
at actionsandJS.LoginPageJS.checkUserNameJS(LoginPageJS.java:39)
at actionsandJS.LoginPageJS.checkUserNameJS(LoginPageJS.java:39)
at actionsandJS.LoginPageJS.checkUserNameJS(LoginPageJS.java:39)
at actionsandJS.LoginPageJS.checkUserNameJS(LoginPageJS.java:39)
at actionsandJS.LoginPageJS.checkUserNameJS(LoginPageJS.java:39)
at actionsandJS.LoginPageJS.checkUserNameJS(LoginPageJS.java:39)
at actionsandJS.LoginPageJS.checkUserNameJS(LoginPageJS.java:39)
at actionsandJS.LoginPageJS.checkUserNameJS(LoginPageJS.java:39)
at actionsandJS.LoginPageJS.checkUserNameJS(LoginPageJS.java:39)
at actionsandJS.LoginPageJS.checkUserNameJS(LoginPageJS.java:39)
at actionsandJS.LoginPageJS.checkUserNameJS(LoginPageJS.java:39)
at actionsandJS.LoginPageJS.checkUserNameJS(LoginPageJS.java:39)
at actionsandJS.LoginPageJS.checkUserNameJS(LoginPageJS.java:39)
at actionsandJS.LoginPageJS.checkUserNameJS(LoginPageJS.java:39)
at actionsandJS.LoginPageJS.checkUserNameJS(LoginPageJS.java:39)
at actionsandJS.LoginPageJS.checkUserNameJS(LoginPageJS.java:39)
at actionsandJS.LoginPageJS.checkUserNameJS(LoginPageJS.java:39)
at actionsandJS.LoginPageJS.checkUserNameJS(LoginPageJS.java:39)
at actionsandJS.LoginPageJS.checkUserNameJS(LoginPageJS.java:39)
at actionsandJS.LoginPageJS.checkUserNameJS(LoginPageJS.java:39)
at actionsandJS.LoginPageJS.checkUserNameJS(LoginPageJS.java:39)
at actionsandJS.LoginPageJS.checkUserNameJS(LoginPageJS.java:39)
at actionsandJS.LoginPageJS.checkUserNameJS(LoginPageJS.java:39)
at actionsandJS.LoginPageJS.checkUserNameJS(LoginPageJS.java:39)
at actionsandJS.LoginPageJS.checkUserNameJS(LoginPageJS.java:39)
at actionsandJS.LoginPageJS.checkUserNameJS(LoginPageJS.java:39)
at actionsandJS.LoginPageJS.checkUserNameJS(LoginPageJS.java:39)
at actionsandJS.LoginPageJS.checkUserNameJS(LoginPageJS.java:39)
at actionsandJS.LoginPageJS.checkUserNameJS(LoginPageJS.java:39)
at actionsandJS.LoginPageJS.checkUserNameJS(LoginPageJS.java:39)
at actionsandJS.LoginPageJS.checkUserNameJS(LoginPageJS.java:39)
at actionsandJS.LoginPageJS.checkUserNameJS(LoginPageJS.java:39)
at actionsandJS.LoginPageJS.checkUserNameJS(LoginPageJS.java:39)
at actionsandJS.LoginPageJS.checkUserNameJS(LoginPageJS.java:39)
at actionsandJS.LoginPageJS.checkUserNameJS(LoginPageJS.java:39)
at actionsandJS.LoginPageJS.checkUserNameJS(LoginPageJS.java:39)
at actionsandJS.LoginPageJS.checkUserNameJS(LoginPageJS.java:39)
at actionsandJS.LoginPageJS.checkUserNameJS(LoginPageJS.java:39)
at actionsandJS.LoginPageJS.checkUserNameJS(LoginPageJS.java:39)
at actionsandJS.LoginPageJS.checkUserNameJS(LoginPageJS.java:39)
at actionsandJS.LoginPageJS.checkUserNameJS(LoginPageJS.java:39)
at actionsandJS.LoginPageJS.checkUserNameJS(LoginPageJS.java:39)
at actionsandJS.LoginPageJS.checkUserNameJS(LoginPageJS.java:39)
at actionsandJS.LoginPageJS.checkUserNameJS(LoginPageJS.java:39)
at actionsandJS.LoginPageJS.checkUserNameJS(LoginPageJS.java:39)
at actionsandJS.LoginPageJS.checkUserNameJS(LoginPageJS.java:39)
at actionsandJS.LoginPageJS.checkUserNameJS(LoginPageJS.java:39)
at actionsandJS.LoginPageJS.checkUserNameJS(LoginPageJS.java:39)
at actionsandJS.LoginPageJS.checkUserNameJS(LoginPageJS.java:39)
at actionsandJS.LoginPageJS.checkUserNameJS(LoginPageJS.java:39)
at actionsandJS.LoginPageJS.checkUserNameJS(LoginPageJS.java:39)
at actionsandJS.LoginPageJS.checkUserNameJS(LoginPageJS.java:39)
at actionsandJS.LoginPageJS.checkUserNameJS(LoginPageJS.java:39)
at actionsandJS.LoginPageJS.checkUserNameJS(LoginPageJS.java:39)
at actionsandJS.LoginPageJS.checkUserNameJS(LoginPageJS.java:39)
at actionsandJS.LoginPageJS.checkUserNameJS(LoginPageJS.java:39)
at actionsandJS.LoginPageJS.checkUserNameJS(LoginPageJS.java:39)
at actionsandJS.LoginPageJS.checkUserNameJS(LoginPageJS.java:39)
at actionsandJS.LoginPageJS.checkUserNameJS(LoginPageJS.java:39)
at actionsandJS.LoginPageJS.checkUserNameJS(LoginPageJS.java:39)
at actionsandJS.LoginPageJS.checkUserNameJS(LoginPageJS.java:39)
at actionsandJS.LoginPageJS.checkUserNameJS(LoginPageJS.java:39)
at actionsandJS.LoginPageJS.checkUserNameJS(LoginPageJS.java:39)
at actionsandJS.LoginPageJS.checkUserNameJS(LoginPageJS.java:39)
at actionsandJS.LoginPageJS.checkUserNameJS(LoginPageJS.java:39)
at actionsandJS.LoginPageJS.checkUserNameJS(LoginPageJS.java:39)
at actionsandJS.LoginPageJS.checkUserNameJS(LoginPageJS.java:39)
at actionsandJS.LoginPageJS.checkUserNameJS(LoginPageJS.java:39)
at actionsandJS.LoginPageJS.checkUserNameJS(LoginPageJS.java:39)
at actionsandJS.LoginPageJS.checkUserNameJS(LoginPageJS.java:39)
at actionsandJS.LoginPageJS.checkUserNameJS(LoginPageJS.java:39)
at actionsandJS.LoginPageJS.checkUserNameJS(LoginPageJS.java:39)
at actionsandJS.LoginPageJS.checkUserNameJS(LoginPageJS.java:39)
at actionsandJS.LoginPageJS.checkUserNameJS(LoginPageJS.java:39)
at actionsandJS.LoginPageJS.checkUserNameJS(LoginPageJS.java:39)
at actionsandJS.LoginPageJS.checkUserNameJS(LoginPageJS.java:39)
at actionsandJS.LoginPageJS.checkUserNameJS(LoginPageJS.java:39)
at actionsandJS.LoginPageJS.checkUserNameJS(LoginPageJS.java:39)
at actionsandJS.LoginPageJS.checkUserNameJS(LoginPageJS.java:39)
at actionsandJS.LoginPageJS.checkUserNameJS(LoginPageJS.java:39)
at actionsandJS.LoginPageJS.checkUserNameJS(LoginPageJS.java:39)
at actionsandJS.LoginPageJS.checkUserNameJS(LoginPageJS.java:39)
at actionsandJS.LoginPageJS.checkUserNameJS(LoginPageJS.java:39)
at actionsandJS.LoginPageJS.checkUserNameJS(LoginPageJS.java:39)
at actionsandJS.LoginPageJS.checkUserNameJS(LoginPageJS.java:39)
at actionsandJS.LoginPageJS.checkUserNameJS(LoginPageJS.java:39)
at actionsandJS.LoginPageJS.checkUserNameJS(LoginPageJS.java:39)
at actionsandJS.LoginPageJS.checkUserNameJS(LoginPageJS.java:39)
at actionsandJS.LoginPageJS.checkUserNameJS(LoginPageJS.java:39)
at actionsandJS.LoginPageJS.checkUserNameJS(LoginPageJS.java:39)
at actionsandJS.LoginPageJS.checkUserNameJS(LoginPageJS.java:39)
at actionsandJS.LoginPageJS.checkUserNameJS(LoginPageJS.java:39)
at actionsandJS.LoginPageJS.checkUserNameJS(LoginPageJS.java:39)
at actionsandJS.LoginPageJS.checkUserNameJS(LoginPageJS.java:39)
at actionsandJS.LoginPageJS.checkUserNameJS(LoginPageJS.java:39)
at actionsandJS.LoginPageJS.checkUserNameJS(LoginPageJS.java:39)
at actionsandJS.LoginPageJS.checkUserNameJS(LoginPageJS.java:39)
at actionsandJS.LoginPageJS.checkUserNameJS(LoginPageJS.java:39)
at actionsandJS.LoginPageJS.checkUserNameJS(LoginPageJS.java:39)
at actionsandJS.LoginPageJS.checkUserNameJS(LoginPageJS.java:39)
at actionsandJS.LoginPageJS.checkUserNameJS(LoginPageJS.java:39)
at actionsandJS.LoginPageJS.checkUserNameJS(LoginPageJS.java:39)
at actionsandJS.LoginPageJS.checkUserNameJS(LoginPageJS.java:39)
at actionsandJS.LoginPageJS.checkUserNameJS(LoginPageJS.java:39)
at actionsandJS.LoginPageJS.checkUserNameJS(LoginPageJS.java:39)
at actionsandJS.LoginPageJS.checkUserNameJS(LoginPageJS.java:39)
at actionsandJS.LoginPageJS.checkUserNameJS(LoginPageJS.java:39)
at actionsandJS.LoginPageJS.checkUserNameJS(LoginPageJS.java:39)
at actionsandJS.LoginPageJS.checkUserNameJS(LoginPageJS.java:39)
at actionsandJS.LoginPageJS.checkUserNameJS(LoginPageJS.java:39)
at actionsandJS.LoginPageJS.checkUserNameJS(LoginPageJS.java:39)
at actionsandJS.LoginPageJS.checkUserNameJS(LoginPageJS.java:39)
at actionsandJS.LoginPageJS.checkUserNameJS(LoginPageJS.java:39)
at actionsandJS.LoginPageJS.checkUserNameJS(LoginPageJS.java:39)
at actionsandJS.LoginPageJS.checkUserNameJS(LoginPageJS.java:39)
at actionsandJS.LoginPageJS.checkUserNameJS(LoginPageJS.java:39)
at actionsandJS.LoginPageJS.checkUserNameJS(LoginPageJS.java:39)
at actionsandJS.LoginPageJS.checkUserNameJS(LoginPageJS.java:39)
at actionsandJS.LoginPageJS.checkUserNameJS(LoginPageJS.java:39)
at actionsandJS.LoginPageJS.checkUserNameJS(LoginPageJS.java:39)
at actionsandJS.LoginPageJS.checkUserNameJS(LoginPageJS.java:39)
at actionsandJS.LoginPageJS.checkUserNameJS(LoginPageJS.java:39)
at actionsandJS.LoginPageJS.checkUserNameJS(LoginPageJS.java:39)
at actionsandJS.LoginPageJS.checkUserNameJS(LoginPageJS.java:39)
at actionsandJS.LoginPageJS.checkUserNameJS(LoginPageJS.java:39)
at actionsandJS.LoginPageJS.checkUserNameJS(LoginPageJS.java:39)
at actionsandJS.LoginPageJS.checkUserNameJS(LoginPageJS.java:39)
at actionsandJS.LoginPageJS.checkUserNameJS(LoginPageJS.java:39)
at actionsandJS.LoginPageJS.checkUserNameJS(LoginPageJS.java:39)
at actionsandJS.LoginPageJS.checkUserNameJS(LoginPageJS.java:39)
at actionsandJS.LoginPageJS.checkUserNameJS(LoginPageJS.java:39)
at actionsandJS.LoginPageJS.checkUserNameJS(LoginPageJS.java:39)
at actionsandJS.LoginPageJS.checkUserNameJS(LoginPageJS.java:39)
at actionsandJS.LoginPageJS.checkUserNameJS(LoginPageJS.java:39)
at actionsandJS.LoginPageJS.checkUserNameJS(LoginPageJS.java:39)
at actionsandJS.LoginPageJS.checkUserNameJS(LoginPageJS.java:39)
at actionsandJS.LoginPageJS.checkUserNameJS(LoginPageJS.java:39)
at actionsandJS.LoginPageJS.checkUserNameJS(LoginPageJS.java:39)
at actionsandJS.LoginPageJS.checkUserNameJS(LoginPageJS.java:39)
at actionsandJS.LoginPageJS.checkUserNameJS(LoginPageJS.java:39)
at actionsandJS.LoginPageJS.checkUserNameJS(LoginPageJS.java:39)
at actionsandJS.LoginPageJS.checkUserNameJS(LoginPageJS.java:39)
at actionsandJS.LoginPageJS.checkUserNameJS(LoginPageJS.java:39)
at actionsandJS.LoginPageJS.checkUserNameJS(LoginPageJS.java:39)
at actionsandJS.LoginPageJS.checkUserNameJS(LoginPageJS.java:39)
at actionsandJS.LoginPageJS.checkUserNameJS(LoginPageJS.java:39)
at actionsandJS.LoginPageJS.checkUserNameJS(LoginPageJS.java:39)
at actionsandJS.LoginPageJS.checkUserNameJS(LoginPageJS.java:39)
at actionsandJS.LoginPageJS.checkUserNameJS(LoginPageJS.java:39)
at actionsandJS.LoginPageJS.checkUserNameJS(LoginPageJS.java:39)
at actionsandJS.LoginPageJS.checkUserNameJS(LoginPageJS.java:39)
at actionsandJS.LoginPageJS.checkUserNameJS(LoginPageJS.java:39)
at actionsandJS.LoginPageJS.checkUserNameJS(LoginPageJS.java:39)
at actionsandJS.LoginPageJS.checkUserNameJS(LoginPageJS.java:39)
at actionsandJS.LoginPageJS.checkUserNameJS(LoginPageJS.java:39)
at actionsandJS.LoginPageJS.checkUserNameJS(LoginPageJS.java:39)
at actionsandJS.LoginPageJS.checkUserNameJS(LoginPageJS.java:39)
at actionsandJS.LoginPageJS.checkUserNameJS(LoginPageJS.java:39)
at actionsandJS.LoginPageJS.checkUserNameJS(LoginPageJS.java:39)
at actionsandJS.LoginPageJS.checkUserNameJS(LoginPageJS.java:39)
at actionsandJS.LoginPageJS.checkUserNameJS(LoginPageJS.java:39)
at actionsandJS.LoginPageJS.checkUserNameJS(LoginPageJS.java:39)
at actionsandJS.LoginPageJS.checkUserNameJS(LoginPageJS.java:39)
at actionsandJS.LoginPageJS.checkUserNameJS(LoginPageJS.java:39)
at actionsandJS.LoginPageJS.checkUserNameJS(LoginPageJS.java:39)
at actionsandJS.LoginPageJS.checkUserNameJS(LoginPageJS.java:39)
at actionsandJS.LoginPageJS.checkUserNameJS(LoginPageJS.java:39)
at actionsandJS.LoginPageJS.checkUserNameJS(LoginPageJS.java:39)
at actionsandJS.LoginPageJS.checkUserNameJS(LoginPageJS.java:39)
at actionsandJS.LoginPageJS.checkUserNameJS(LoginPageJS.java:39)
at actionsandJS.LoginPageJS.checkUserNameJS(LoginPageJS.java:39)
at actionsandJS.LoginPageJS.checkUserNameJS(LoginPageJS.java:39)
at actionsandJS.LoginPageJS.checkUserNameJS(LoginPageJS.java:39)
at actionsandJS.LoginPageJS.checkUserNameJS(LoginPageJS.java:39)
at actionsandJS.LoginPageJS.checkUserNameJS(LoginPageJS.java:39)
at actionsandJS.LoginPageJS.checkUserNameJS(LoginPageJS.java:39)
at actionsandJS.LoginPageJS.checkUserNameJS(LoginPageJS.java:39)
at actionsandJS.LoginPageJS.checkUserNameJS(LoginPageJS.java:39)
at actionsandJS.LoginPageJS.checkUserNameJS(LoginPageJS.java:39)
at actionsandJS.LoginPageJS.checkUserNameJS(LoginPageJS.java:39)
at actionsandJS.LoginPageJS.checkUserNameJS(LoginPageJS.java:39)
at actionsandJS.LoginPageJS.checkUserNameJS(LoginPageJS.java:39)
at actionsandJS.LoginPageJS.checkUserNameJS(LoginPageJS.java:39)
at actionsandJS.LoginPageJS.checkUserNameJS(LoginPageJS.java:39)
at actionsandJS.LoginPageJS.checkUserNameJS(LoginPageJS.java:39)
at actionsandJS.LoginPageJS.checkUserNameJS(LoginPageJS.java:39)
at actionsandJS.LoginPageJS.checkUserNameJS(LoginPageJS.java:39)
at actionsandJS.LoginPageJS.checkUserNameJS(LoginPageJS.java:39)
at actionsandJS.LoginPageJS.checkUserNameJS(LoginPageJS.java:39)
at actionsandJS.LoginPageJS.checkUserNameJS(LoginPageJS.java:39)
at actionsandJS.LoginPageJS.checkUserNameJS(LoginPageJS.java:39)
at actionsandJS.LoginPageJS.checkUserNameJS(LoginPageJS.java:39)
at actionsandJS.LoginPageJS.checkUserNameJS(LoginPageJS.java:39)
at actionsandJS.LoginPageJS.checkUserNameJS(LoginPageJS.java:39)
at actionsandJS.LoginPageJS.checkUserNameJS(LoginPageJS.java:39)
at actionsandJS.LoginPageJS.checkUserNameJS(LoginPageJS.java:39)
at actionsandJS.LoginPageJS.checkUserNameJS(LoginPageJS.java:39)
at actionsandJS.LoginPageJS.checkUserNameJS(LoginPageJS.java:39)
at actionsandJS.LoginPageJS.checkUserNameJS(LoginPageJS.java:39)
at actionsandJS.LoginPageJS.checkUserNameJS(LoginPageJS.java:39)
at actionsandJS.LoginPageJS.checkUserNameJS(LoginPageJS.java:39)
at actionsandJS.LoginPageJS.checkUserNameJS(LoginPageJS.java:39)
at actionsandJS.LoginPageJS.checkUserNameJS(LoginPageJS.java:39)
at actionsandJS.LoginPageJS.checkUserNameJS(LoginPageJS.java:39)
at actionsandJS.LoginPageJS.checkUserNameJS(LoginPageJS.java:39)
at actionsandJS.LoginPageJS.checkUserNameJS(LoginPageJS.java:39)
at actionsandJS.LoginPageJS.checkUserNameJS(LoginPageJS.java:39)
at actionsandJS.LoginPageJS.checkUserNameJS(LoginPageJS.java:39)
at actionsandJS.LoginPageJS.checkUserNameJS(LoginPageJS.java:39)
at actionsandJS.LoginPageJS.checkUserNameJS(LoginPageJS.java:39)
at actionsandJS.LoginPageJS.checkUserNameJS(LoginPageJS.java:39)
at actionsandJS.LoginPageJS.checkUserNameJS(LoginPageJS.java:39)
at actionsandJS.LoginPageJS.checkUserNameJS(LoginPageJS.java:39)
at actionsandJS.LoginPageJS.checkUserNameJS(LoginPageJS.java:39)
at actionsandJS.LoginPageJS.checkUserNameJS(LoginPageJS.java:39)
at actionsandJS.LoginPageJS.checkUserNameJS(LoginPageJS.java:39)
at actionsandJS.LoginPageJS.checkUserNameJS(LoginPageJS.java:39)
at actionsandJS.LoginPageJS.checkUserNameJS(LoginPageJS.java:39)
at actionsandJS.LoginPageJS.checkUserNameJS(LoginPageJS.java:39)
at actionsandJS.LoginPageJS.checkUserNameJS(LoginPageJS.java:39)
at actionsandJS.LoginPageJS.checkUserNameJS(LoginPageJS.java:39)
at actionsandJS.LoginPageJS.checkUserNameJS(LoginPageJS.java:39)
at actionsandJS.LoginPageJS.checkUserNameJS(LoginPageJS.java:39)
at actionsandJS.LoginPageJS.checkUserNameJS(LoginPageJS.java:39)
at actionsandJS.LoginPageJS.checkUserNameJS(LoginPageJS.java:39)
at actionsandJS.LoginPageJS.checkUserNameJS(LoginPageJS.java:39)
at actionsandJS.LoginPageJS.checkUserNameJS(LoginPageJS.java:39)
at actionsandJS.LoginPageJS.checkUserNameJS(LoginPageJS.java:39)
at actionsandJS.LoginPageJS.checkUserNameJS(LoginPageJS.java:39)
at actionsandJS.LoginPageJS.checkUserNameJS(LoginPageJS.java:39)
at actionsandJS.LoginPageJS.checkUserNameJS(LoginPageJS.java:39)
at actionsandJS.LoginPageJS.checkUserNameJS(LoginPageJS.java:39)
at actionsandJS.LoginPageJS.checkUserNameJS(LoginPageJS.java:39)
at actionsandJS.LoginPageJS.checkUserNameJS(LoginPageJS.java:39)
at actionsandJS.LoginPageJS.checkUserNameJS(LoginPageJS.java:39)
at actionsandJS.LoginPageJS.checkUserNameJS(LoginPageJS.java:39)
at actionsandJS.LoginPageJS.checkUserNameJS(LoginPageJS.java:39)
at actionsandJS.LoginPageJS.checkUserNameJS(LoginPageJS.java:39)
at actionsandJS.LoginPageJS.checkUserNameJS(LoginPageJS.java:39)
at actionsandJS.LoginPageJS.checkUserNameJS(LoginPageJS.java:39)
at actionsandJS.LoginPageJS.checkUserNameJS(LoginPageJS.java:39)
at actionsandJS.LoginPageJS.checkUserNameJS(LoginPageJS.java:39)
at actionsandJS.LoginPageJS.checkUserNameJS(LoginPageJS.java:39)
at actionsandJS.LoginPageJS.checkUserNameJS(LoginPageJS.java:39)
at actionsandJS.LoginPageJS.checkUserNameJS(LoginPageJS.java:39)
at actionsandJS.LoginPageJS.checkUserNameJS(LoginPageJS.java:39)
at actionsandJS.LoginPageJS.checkUserNameJS(LoginPageJS.java:39)
at actionsandJS.LoginPageJS.checkUserNameJS(LoginPageJS.java:39)
at actionsandJS.LoginPageJS.checkUserNameJS(LoginPageJS.java:39)
at actionsandJS.LoginPageJS.checkUserNameJS(LoginPageJS.java:39)
at actionsandJS.LoginPageJS.checkUserNameJS(LoginPageJS.java:39)
at actionsandJS.LoginPageJS.checkUserNameJS(LoginPageJS.java:39)
at actionsandJS.LoginPageJS.checkUserNameJS(LoginPageJS.java:39)
at actionsandJS.LoginPageJS.checkUserNameJS(LoginPageJS.java:39)
at actionsandJS.LoginPageJS.checkUserNameJS(LoginPageJS.java:39)
at actionsandJS.LoginPageJS.checkUserNameJS(LoginPageJS.java:39)
at actionsandJS.LoginPageJS.checkUserNameJS(LoginPageJS.java:39)
at actionsandJS.LoginPageJS.checkUserNameJS(LoginPageJS.java:39)
at actionsandJS.LoginPageJS.checkUserNameJS(LoginPageJS.java:39)
at actionsandJS.LoginPageJS.checkUserNameJS(LoginPageJS.java:39)
at actionsandJS.LoginPageJS.checkUserNameJS(LoginPageJS.java:39)
at actionsandJS.LoginPageJS.checkUserNameJS(LoginPageJS.java:39)
at actionsandJS.LoginPageJS.checkUserNameJS(LoginPageJS.java:39)
at actionsandJS.LoginPageJS.checkUserNameJS(LoginPageJS.java:39)
at actionsandJS.LoginPageJS.checkUserNameJS(LoginPageJS.java:39)
at actionsandJS.LoginPageJS.checkUserNameJS(LoginPageJS.java:39)
at actionsandJS.LoginPageJS.checkUserNameJS(LoginPageJS.java:39)
at actionsandJS.LoginPageJS.checkUserNameJS(LoginPageJS.java:39)
at actionsandJS.LoginPageJS.checkUserNameJS(LoginPageJS.java:39)
at actionsandJS.LoginPageJS.checkUserNameJS(LoginPageJS.java:39)
at actionsandJS.LoginPageJS.checkUserNameJS(LoginPageJS.java:39)
at actionsandJS.LoginPageJS.checkUserNameJS(LoginPageJS.java:39)
]]>
    </error>
  </testcase> <!-- loginUsingJS -->
  <system-out/>
</testsuite> <!-- actionsandJS.LoginPageJSTestcases -->
