<?xml version="1.0" encoding="UTF-8"?>
<!-- Generated by org.testng.reporters.JUnitReportReporter -->
<testsuite hostname="EPINHYDW0D30" failures="0" tests="1" name="TestAutomation.Selenium.InvalidCredentialsTask" time="8.778" errors="0" timestamp="2022-02-17T16:14:04 IST" skipped="0">
  <testcase classname="TestAutomation.Selenium.InvalidCredentialsTask" name="testdriver" time="8.778"/>
  <system-out/>
</testsuite> <!-- TestAutomation.Selenium.InvalidCredentialsTask -->
