<?xml version="1.0" encoding="UTF-8"?>
<!-- Generated by org.testng.reporters.JUnitReportReporter -->
<testsuite hostname="EPINHYDW0D30" failures="0" tests="2" name="TestAutomation.Selenium.OrangeHRMPOM.LeaveLoginPageTest" time="90.065" errors="0" timestamp="2022-02-22T21:45:49 IST" skipped="0">
  <testcase classname="TestAutomation.Selenium.OrangeHRMPOM.LeaveLoginPageTest" name="testLeaveApply" time="47.918"/>
  <system-out/>
  <testcase classname="TestAutomation.Selenium.OrangeHRMPOM.LeaveLoginPageTest" name="testLeaveList" time="42.147"/>
  <system-out/>
</testsuite> <!-- TestAutomation.Selenium.OrangeHRMPOM.LeaveLoginPageTest -->
