<?xml version="1.0" encoding="UTF-8"?>
<!-- Generated by org.testng.reporters.JUnitReportReporter -->
<testsuite hostname="EPINHYDW0D30" failures="0" tests="1" name="TestAutomation.Selenium.TestBrowser" time="15.448" errors="0" timestamp="2022-02-15T16:11:36 IST" skipped="0">
  <testcase classname="TestAutomation.Selenium.TestBrowser" name="LoadWebDriverUsingXpath" time="15.448"/>
  <system-out/>
</testsuite> <!-- TestAutomation.Selenium.TestBrowser -->
