<?xml version="1.0" encoding="UTF-8"?>
<!-- Generated by org.testng.reporters.JUnitReportReporter -->
<testsuite hostname="EPINHYDW0D30" failures="0" tests="1" name="TestAutomation.Selenium.Testdriver" time="14.656" errors="0" timestamp="2022-02-17T21:58:38 IST" skipped="0">
  <testcase classname="TestAutomation.Selenium.Testdriver" name="testdriver" time="14.656"/>
  <system-out/>
</testsuite> <!-- TestAutomation.Selenium.Testdriver -->
