<?xml version="1.0" encoding="UTF-8"?>
<!-- Generated by org.testng.reporters.JUnitReportReporter -->
<testsuite hostname="EPINHYDW0D30" failures="0" tests="1" name="guru99.TestGuru99Alerts" time="13.125" errors="1" timestamp="2022-02-18T16:32:22 IST" skipped="0">
  <testcase classname="guru99.TestGuru99Alerts" name="handlingWindows" time="13.125">
    <error type="java.lang.StackOverflowError">
      <![CDATA[java.lang.StackOverflowError
at guru99.LoginGuru.sendEmailId(LoginGuru.java:60)
at guru99.LoginGuru.sendEmailId(LoginGuru.java:60)
at guru99.LoginGuru.sendEmailId(LoginGuru.java:60)
at guru99.LoginGuru.sendEmailId(LoginGuru.java:60)
at guru99.LoginGuru.sendEmailId(LoginGuru.java:60)
at guru99.LoginGuru.sendEmailId(LoginGuru.java:60)
at guru99.LoginGuru.sendEmailId(LoginGuru.java:60)
at guru99.LoginGuru.sendEmailId(LoginGuru.java:60)
at guru99.LoginGuru.sendEmailId(LoginGuru.java:60)
at guru99.LoginGuru.sendEmailId(LoginGuru.java:60)
at guru99.LoginGuru.sendEmailId(LoginGuru.java:60)
at guru99.LoginGuru.sendEmailId(LoginGuru.java:60)
at guru99.LoginGuru.sendEmailId(LoginGuru.java:60)
at guru99.LoginGuru.sendEmailId(LoginGuru.java:60)
at guru99.LoginGuru.sendEmailId(LoginGuru.java:60)
at guru99.LoginGuru.sendEmailId(LoginGuru.java:60)
at guru99.LoginGuru.sendEmailId(LoginGuru.java:60)
at guru99.LoginGuru.sendEmailId(LoginGuru.java:60)
at guru99.LoginGuru.sendEmailId(LoginGuru.java:60)
at guru99.LoginGuru.sendEmailId(LoginGuru.java:60)
at guru99.LoginGuru.sendEmailId(LoginGuru.java:60)
at guru99.LoginGuru.sendEmailId(LoginGuru.java:60)
at guru99.LoginGuru.sendEmailId(LoginGuru.java:60)
at guru99.LoginGuru.sendEmailId(LoginGuru.java:60)
at guru99.LoginGuru.sendEmailId(LoginGuru.java:60)
at guru99.LoginGuru.sendEmailId(LoginGuru.java:60)
at guru99.LoginGuru.sendEmailId(LoginGuru.java:60)
at guru99.LoginGuru.sendEmailId(LoginGuru.java:60)
at guru99.LoginGuru.sendEmailId(LoginGuru.java:60)
at guru99.LoginGuru.sendEmailId(LoginGuru.java:60)
at guru99.LoginGuru.sendEmailId(LoginGuru.java:60)
at guru99.LoginGuru.sendEmailId(LoginGuru.java:60)
at guru99.LoginGuru.sendEmailId(LoginGuru.java:60)
at guru99.LoginGuru.sendEmailId(LoginGuru.java:60)
at guru99.LoginGuru.sendEmailId(LoginGuru.java:60)
at guru99.LoginGuru.sendEmailId(LoginGuru.java:60)
at guru99.LoginGuru.sendEmailId(LoginGuru.java:60)
at guru99.LoginGuru.sendEmailId(LoginGuru.java:60)
at guru99.LoginGuru.sendEmailId(LoginGuru.java:60)
at guru99.LoginGuru.sendEmailId(LoginGuru.java:60)
at guru99.LoginGuru.sendEmailId(LoginGuru.java:60)
at guru99.LoginGuru.sendEmailId(LoginGuru.java:60)
at guru99.LoginGuru.sendEmailId(LoginGuru.java:60)
at guru99.LoginGuru.sendEmailId(LoginGuru.java:60)
at guru99.LoginGuru.sendEmailId(LoginGuru.java:60)
at guru99.LoginGuru.sendEmailId(LoginGuru.java:60)
at guru99.LoginGuru.sendEmailId(LoginGuru.java:60)
at guru99.LoginGuru.sendEmailId(LoginGuru.java:60)
at guru99.LoginGuru.sendEmailId(LoginGuru.java:60)
at guru99.LoginGuru.sendEmailId(LoginGuru.java:60)
at guru99.LoginGuru.sendEmailId(LoginGuru.java:60)
at guru99.LoginGuru.sendEmailId(LoginGuru.java:60)
at guru99.LoginGuru.sendEmailId(LoginGuru.java:60)
at guru99.LoginGuru.sendEmailId(LoginGuru.java:60)
at guru99.LoginGuru.sendEmailId(LoginGuru.java:60)
at guru99.LoginGuru.sendEmailId(LoginGuru.java:60)
at guru99.LoginGuru.sendEmailId(LoginGuru.java:60)
at guru99.LoginGuru.sendEmailId(LoginGuru.java:60)
at guru99.LoginGuru.sendEmailId(LoginGuru.java:60)
at guru99.LoginGuru.sendEmailId(LoginGuru.java:60)
at guru99.LoginGuru.sendEmailId(LoginGuru.java:60)
at guru99.LoginGuru.sendEmailId(LoginGuru.java:60)
at guru99.LoginGuru.sendEmailId(LoginGuru.java:60)
at guru99.LoginGuru.sendEmailId(LoginGuru.java:60)
at guru99.LoginGuru.sendEmailId(LoginGuru.java:60)
at guru99.LoginGuru.sendEmailId(LoginGuru.java:60)
at guru99.LoginGuru.sendEmailId(LoginGuru.java:60)
at guru99.LoginGuru.sendEmailId(LoginGuru.java:60)
at guru99.LoginGuru.sendEmailId(LoginGuru.java:60)
at guru99.LoginGuru.sendEmailId(LoginGuru.java:60)
at guru99.LoginGuru.sendEmailId(LoginGuru.java:60)
at guru99.LoginGuru.sendEmailId(LoginGuru.java:60)
at guru99.LoginGuru.sendEmailId(LoginGuru.java:60)
at guru99.LoginGuru.sendEmailId(LoginGuru.java:60)
at guru99.LoginGuru.sendEmailId(LoginGuru.java:60)
at guru99.LoginGuru.sendEmailId(LoginGuru.java:60)
at guru99.LoginGuru.sendEmailId(LoginGuru.java:60)
at guru99.LoginGuru.sendEmailId(LoginGuru.java:60)
at guru99.LoginGuru.sendEmailId(LoginGuru.java:60)
at guru99.LoginGuru.sendEmailId(LoginGuru.java:60)
at guru99.LoginGuru.sendEmailId(LoginGuru.java:60)
at guru99.LoginGuru.sendEmailId(LoginGuru.java:60)
at guru99.LoginGuru.sendEmailId(LoginGuru.java:60)
at guru99.LoginGuru.sendEmailId(LoginGuru.java:60)
at guru99.LoginGuru.sendEmailId(LoginGuru.java:60)
at guru99.LoginGuru.sendEmailId(LoginGuru.java:60)
at guru99.LoginGuru.sendEmailId(LoginGuru.java:60)
at guru99.LoginGuru.sendEmailId(LoginGuru.java:60)
at guru99.LoginGuru.sendEmailId(LoginGuru.java:60)
at guru99.LoginGuru.sendEmailId(LoginGuru.java:60)
at guru99.LoginGuru.sendEmailId(LoginGuru.java:60)
at guru99.LoginGuru.sendEmailId(LoginGuru.java:60)
at guru99.LoginGuru.sendEmailId(LoginGuru.java:60)
at guru99.LoginGuru.sendEmailId(LoginGuru.java:60)
at guru99.LoginGuru.sendEmailId(LoginGuru.java:60)
at guru99.LoginGuru.sendEmailId(LoginGuru.java:60)
at guru99.LoginGuru.sendEmailId(LoginGuru.java:60)
at guru99.LoginGuru.sendEmailId(LoginGuru.java:60)
at guru99.LoginGuru.sendEmailId(LoginGuru.java:60)
at guru99.LoginGuru.sendEmailId(LoginGuru.java:60)
at guru99.LoginGuru.sendEmailId(LoginGuru.java:60)
at guru99.LoginGuru.sendEmailId(LoginGuru.java:60)
at guru99.LoginGuru.sendEmailId(LoginGuru.java:60)
at guru99.LoginGuru.sendEmailId(LoginGuru.java:60)
at guru99.LoginGuru.sendEmailId(LoginGuru.java:60)
at guru99.LoginGuru.sendEmailId(LoginGuru.java:60)
at guru99.LoginGuru.sendEmailId(LoginGuru.java:60)
at guru99.LoginGuru.sendEmailId(LoginGuru.java:60)
at guru99.LoginGuru.sendEmailId(LoginGuru.java:60)
at guru99.LoginGuru.sendEmailId(LoginGuru.java:60)
at guru99.LoginGuru.sendEmailId(LoginGuru.java:60)
at guru99.LoginGuru.sendEmailId(LoginGuru.java:60)
at guru99.LoginGuru.sendEmailId(LoginGuru.java:60)
at guru99.LoginGuru.sendEmailId(LoginGuru.java:60)
at guru99.LoginGuru.sendEmailId(LoginGuru.java:60)
at guru99.LoginGuru.sendEmailId(LoginGuru.java:60)
at guru99.LoginGuru.sendEmailId(LoginGuru.java:60)
at guru99.LoginGuru.sendEmailId(LoginGuru.java:60)
at guru99.LoginGuru.sendEmailId(LoginGuru.java:60)
at guru99.LoginGuru.sendEmailId(LoginGuru.java:60)
at guru99.LoginGuru.sendEmailId(LoginGuru.java:60)
at guru99.LoginGuru.sendEmailId(LoginGuru.java:60)
at guru99.LoginGuru.sendEmailId(LoginGuru.java:60)
at guru99.LoginGuru.sendEmailId(LoginGuru.java:60)
at guru99.LoginGuru.sendEmailId(LoginGuru.java:60)
at guru99.LoginGuru.sendEmailId(LoginGuru.java:60)
at guru99.LoginGuru.sendEmailId(LoginGuru.java:60)
at guru99.LoginGuru.sendEmailId(LoginGuru.java:60)
at guru99.LoginGuru.sendEmailId(LoginGuru.java:60)
at guru99.LoginGuru.sendEmailId(LoginGuru.java:60)
at guru99.LoginGuru.sendEmailId(LoginGuru.java:60)
at guru99.LoginGuru.sendEmailId(LoginGuru.java:60)
at guru99.LoginGuru.sendEmailId(LoginGuru.java:60)
at guru99.LoginGuru.sendEmailId(LoginGuru.java:60)
at guru99.LoginGuru.sendEmailId(LoginGuru.java:60)
at guru99.LoginGuru.sendEmailId(LoginGuru.java:60)
at guru99.LoginGuru.sendEmailId(LoginGuru.java:60)
at guru99.LoginGuru.sendEmailId(LoginGuru.java:60)
at guru99.LoginGuru.sendEmailId(LoginGuru.java:60)
at guru99.LoginGuru.sendEmailId(LoginGuru.java:60)
at guru99.LoginGuru.sendEmailId(LoginGuru.java:60)
at guru99.LoginGuru.sendEmailId(LoginGuru.java:60)
at guru99.LoginGuru.sendEmailId(LoginGuru.java:60)
at guru99.LoginGuru.sendEmailId(LoginGuru.java:60)
at guru99.LoginGuru.sendEmailId(LoginGuru.java:60)
at guru99.LoginGuru.sendEmailId(LoginGuru.java:60)
at guru99.LoginGuru.sendEmailId(LoginGuru.java:60)
at guru99.LoginGuru.sendEmailId(LoginGuru.java:60)
at guru99.LoginGuru.sendEmailId(LoginGuru.java:60)
at guru99.LoginGuru.sendEmailId(LoginGuru.java:60)
at guru99.LoginGuru.sendEmailId(LoginGuru.java:60)
at guru99.LoginGuru.sendEmailId(LoginGuru.java:60)
at guru99.LoginGuru.sendEmailId(LoginGuru.java:60)
at guru99.LoginGuru.sendEmailId(LoginGuru.java:60)
at guru99.LoginGuru.sendEmailId(LoginGuru.java:60)
at guru99.LoginGuru.sendEmailId(LoginGuru.java:60)
at guru99.LoginGuru.sendEmailId(LoginGuru.java:60)
at guru99.LoginGuru.sendEmailId(LoginGuru.java:60)
at guru99.LoginGuru.sendEmailId(LoginGuru.java:60)
at guru99.LoginGuru.sendEmailId(LoginGuru.java:60)
at guru99.LoginGuru.sendEmailId(LoginGuru.java:60)
at guru99.LoginGuru.sendEmailId(LoginGuru.java:60)
at guru99.LoginGuru.sendEmailId(LoginGuru.java:60)
at guru99.LoginGuru.sendEmailId(LoginGuru.java:60)
at guru99.LoginGuru.sendEmailId(LoginGuru.java:60)
at guru99.LoginGuru.sendEmailId(LoginGuru.java:60)
at guru99.LoginGuru.sendEmailId(LoginGuru.java:60)
at guru99.LoginGuru.sendEmailId(LoginGuru.java:60)
at guru99.LoginGuru.sendEmailId(LoginGuru.java:60)
at guru99.LoginGuru.sendEmailId(LoginGuru.java:60)
at guru99.LoginGuru.sendEmailId(LoginGuru.java:60)
at guru99.LoginGuru.sendEmailId(LoginGuru.java:60)
at guru99.LoginGuru.sendEmailId(LoginGuru.java:60)
at guru99.LoginGuru.sendEmailId(LoginGuru.java:60)
at guru99.LoginGuru.sendEmailId(LoginGuru.java:60)
at guru99.LoginGuru.sendEmailId(LoginGuru.java:60)
at guru99.LoginGuru.sendEmailId(LoginGuru.java:60)
at guru99.LoginGuru.sendEmailId(LoginGuru.java:60)
at guru99.LoginGuru.sendEmailId(LoginGuru.java:60)
at guru99.LoginGuru.sendEmailId(LoginGuru.java:60)
at guru99.LoginGuru.sendEmailId(LoginGuru.java:60)
at guru99.LoginGuru.sendEmailId(LoginGuru.java:60)
at guru99.LoginGuru.sendEmailId(LoginGuru.java:60)
at guru99.LoginGuru.sendEmailId(LoginGuru.java:60)
at guru99.LoginGuru.sendEmailId(LoginGuru.java:60)
at guru99.LoginGuru.sendEmailId(LoginGuru.java:60)
at guru99.LoginGuru.sendEmailId(LoginGuru.java:60)
at guru99.LoginGuru.sendEmailId(LoginGuru.java:60)
at guru99.LoginGuru.sendEmailId(LoginGuru.java:60)
at guru99.LoginGuru.sendEmailId(LoginGuru.java:60)
at guru99.LoginGuru.sendEmailId(LoginGuru.java:60)
at guru99.LoginGuru.sendEmailId(LoginGuru.java:60)
at guru99.LoginGuru.sendEmailId(LoginGuru.java:60)
at guru99.LoginGuru.sendEmailId(LoginGuru.java:60)
at guru99.LoginGuru.sendEmailId(LoginGuru.java:60)
at guru99.LoginGuru.sendEmailId(LoginGuru.java:60)
at guru99.LoginGuru.sendEmailId(LoginGuru.java:60)
at guru99.LoginGuru.sendEmailId(LoginGuru.java:60)
at guru99.LoginGuru.sendEmailId(LoginGuru.java:60)
at guru99.LoginGuru.sendEmailId(LoginGuru.java:60)
at guru99.LoginGuru.sendEmailId(LoginGuru.java:60)
at guru99.LoginGuru.sendEmailId(LoginGuru.java:60)
at guru99.LoginGuru.sendEmailId(LoginGuru.java:60)
at guru99.LoginGuru.sendEmailId(LoginGuru.java:60)
at guru99.LoginGuru.sendEmailId(LoginGuru.java:60)
at guru99.LoginGuru.sendEmailId(LoginGuru.java:60)
at guru99.LoginGuru.sendEmailId(LoginGuru.java:60)
at guru99.LoginGuru.sendEmailId(LoginGuru.java:60)
at guru99.LoginGuru.sendEmailId(LoginGuru.java:60)
at guru99.LoginGuru.sendEmailId(LoginGuru.java:60)
at guru99.LoginGuru.sendEmailId(LoginGuru.java:60)
at guru99.LoginGuru.sendEmailId(LoginGuru.java:60)
at guru99.LoginGuru.sendEmailId(LoginGuru.java:60)
at guru99.LoginGuru.sendEmailId(LoginGuru.java:60)
at guru99.LoginGuru.sendEmailId(LoginGuru.java:60)
at guru99.LoginGuru.sendEmailId(LoginGuru.java:60)
at guru99.LoginGuru.sendEmailId(LoginGuru.java:60)
at guru99.LoginGuru.sendEmailId(LoginGuru.java:60)
at guru99.LoginGuru.sendEmailId(LoginGuru.java:60)
at guru99.LoginGuru.sendEmailId(LoginGuru.java:60)
at guru99.LoginGuru.sendEmailId(LoginGuru.java:60)
at guru99.LoginGuru.sendEmailId(LoginGuru.java:60)
at guru99.LoginGuru.sendEmailId(LoginGuru.java:60)
at guru99.LoginGuru.sendEmailId(LoginGuru.java:60)
at guru99.LoginGuru.sendEmailId(LoginGuru.java:60)
at guru99.LoginGuru.sendEmailId(LoginGuru.java:60)
at guru99.LoginGuru.sendEmailId(LoginGuru.java:60)
at guru99.LoginGuru.sendEmailId(LoginGuru.java:60)
at guru99.LoginGuru.sendEmailId(LoginGuru.java:60)
at guru99.LoginGuru.sendEmailId(LoginGuru.java:60)
at guru99.LoginGuru.sendEmailId(LoginGuru.java:60)
at guru99.LoginGuru.sendEmailId(LoginGuru.java:60)
at guru99.LoginGuru.sendEmailId(LoginGuru.java:60)
at guru99.LoginGuru.sendEmailId(LoginGuru.java:60)
at guru99.LoginGuru.sendEmailId(LoginGuru.java:60)
at guru99.LoginGuru.sendEmailId(LoginGuru.java:60)
at guru99.LoginGuru.sendEmailId(LoginGuru.java:60)
at guru99.LoginGuru.sendEmailId(LoginGuru.java:60)
at guru99.LoginGuru.sendEmailId(LoginGuru.java:60)
at guru99.LoginGuru.sendEmailId(LoginGuru.java:60)
at guru99.LoginGuru.sendEmailId(LoginGuru.java:60)
at guru99.LoginGuru.sendEmailId(LoginGuru.java:60)
at guru99.LoginGuru.sendEmailId(LoginGuru.java:60)
at guru99.LoginGuru.sendEmailId(LoginGuru.java:60)
at guru99.LoginGuru.sendEmailId(LoginGuru.java:60)
at guru99.LoginGuru.sendEmailId(LoginGuru.java:60)
at guru99.LoginGuru.sendEmailId(LoginGuru.java:60)
at guru99.LoginGuru.sendEmailId(LoginGuru.java:60)
at guru99.LoginGuru.sendEmailId(LoginGuru.java:60)
at guru99.LoginGuru.sendEmailId(LoginGuru.java:60)
at guru99.LoginGuru.sendEmailId(LoginGuru.java:60)
at guru99.LoginGuru.sendEmailId(LoginGuru.java:60)
at guru99.LoginGuru.sendEmailId(LoginGuru.java:60)
at guru99.LoginGuru.sendEmailId(LoginGuru.java:60)
at guru99.LoginGuru.sendEmailId(LoginGuru.java:60)
at guru99.LoginGuru.sendEmailId(LoginGuru.java:60)
at guru99.LoginGuru.sendEmailId(LoginGuru.java:60)
at guru99.LoginGuru.sendEmailId(LoginGuru.java:60)
at guru99.LoginGuru.sendEmailId(LoginGuru.java:60)
at guru99.LoginGuru.sendEmailId(LoginGuru.java:60)
at guru99.LoginGuru.sendEmailId(LoginGuru.java:60)
at guru99.LoginGuru.sendEmailId(LoginGuru.java:60)
at guru99.LoginGuru.sendEmailId(LoginGuru.java:60)
at guru99.LoginGuru.sendEmailId(LoginGuru.java:60)
at guru99.LoginGuru.sendEmailId(LoginGuru.java:60)
at guru99.LoginGuru.sendEmailId(LoginGuru.java:60)
at guru99.LoginGuru.sendEmailId(LoginGuru.java:60)
at guru99.LoginGuru.sendEmailId(LoginGuru.java:60)
at guru99.LoginGuru.sendEmailId(LoginGuru.java:60)
at guru99.LoginGuru.sendEmailId(LoginGuru.java:60)
at guru99.LoginGuru.sendEmailId(LoginGuru.java:60)
at guru99.LoginGuru.sendEmailId(LoginGuru.java:60)
at guru99.LoginGuru.sendEmailId(LoginGuru.java:60)
at guru99.LoginGuru.sendEmailId(LoginGuru.java:60)
at guru99.LoginGuru.sendEmailId(LoginGuru.java:60)
at guru99.LoginGuru.sendEmailId(LoginGuru.java:60)
at guru99.LoginGuru.sendEmailId(LoginGuru.java:60)
at guru99.LoginGuru.sendEmailId(LoginGuru.java:60)
at guru99.LoginGuru.sendEmailId(LoginGuru.java:60)
at guru99.LoginGuru.sendEmailId(LoginGuru.java:60)
at guru99.LoginGuru.sendEmailId(LoginGuru.java:60)
at guru99.LoginGuru.sendEmailId(LoginGuru.java:60)
at guru99.LoginGuru.sendEmailId(LoginGuru.java:60)
at guru99.LoginGuru.sendEmailId(LoginGuru.java:60)
at guru99.LoginGuru.sendEmailId(LoginGuru.java:60)
at guru99.LoginGuru.sendEmailId(LoginGuru.java:60)
at guru99.LoginGuru.sendEmailId(LoginGuru.java:60)
at guru99.LoginGuru.sendEmailId(LoginGuru.java:60)
at guru99.LoginGuru.sendEmailId(LoginGuru.java:60)
at guru99.LoginGuru.sendEmailId(LoginGuru.java:60)
at guru99.LoginGuru.sendEmailId(LoginGuru.java:60)
at guru99.LoginGuru.sendEmailId(LoginGuru.java:60)
at guru99.LoginGuru.sendEmailId(LoginGuru.java:60)
at guru99.LoginGuru.sendEmailId(LoginGuru.java:60)
at guru99.LoginGuru.sendEmailId(LoginGuru.java:60)
at guru99.LoginGuru.sendEmailId(LoginGuru.java:60)
at guru99.LoginGuru.sendEmailId(LoginGuru.java:60)
at guru99.LoginGuru.sendEmailId(LoginGuru.java:60)
at guru99.LoginGuru.sendEmailId(LoginGuru.java:60)
at guru99.LoginGuru.sendEmailId(LoginGuru.java:60)
at guru99.LoginGuru.sendEmailId(LoginGuru.java:60)
at guru99.LoginGuru.sendEmailId(LoginGuru.java:60)
at guru99.LoginGuru.sendEmailId(LoginGuru.java:60)
at guru99.LoginGuru.sendEmailId(LoginGuru.java:60)
at guru99.LoginGuru.sendEmailId(LoginGuru.java:60)
at guru99.LoginGuru.sendEmailId(LoginGuru.java:60)
at guru99.LoginGuru.sendEmailId(LoginGuru.java:60)
at guru99.LoginGuru.sendEmailId(LoginGuru.java:60)
at guru99.LoginGuru.sendEmailId(LoginGuru.java:60)
at guru99.LoginGuru.sendEmailId(LoginGuru.java:60)
at guru99.LoginGuru.sendEmailId(LoginGuru.java:60)
at guru99.LoginGuru.sendEmailId(LoginGuru.java:60)
at guru99.LoginGuru.sendEmailId(LoginGuru.java:60)
at guru99.LoginGuru.sendEmailId(LoginGuru.java:60)
at guru99.LoginGuru.sendEmailId(LoginGuru.java:60)
at guru99.LoginGuru.sendEmailId(LoginGuru.java:60)
at guru99.LoginGuru.sendEmailId(LoginGuru.java:60)
at guru99.LoginGuru.sendEmailId(LoginGuru.java:60)
at guru99.LoginGuru.sendEmailId(LoginGuru.java:60)
at guru99.LoginGuru.sendEmailId(LoginGuru.java:60)
at guru99.LoginGuru.sendEmailId(LoginGuru.java:60)
at guru99.LoginGuru.sendEmailId(LoginGuru.java:60)
at guru99.LoginGuru.sendEmailId(LoginGuru.java:60)
at guru99.LoginGuru.sendEmailId(LoginGuru.java:60)
at guru99.LoginGuru.sendEmailId(LoginGuru.java:60)
at guru99.LoginGuru.sendEmailId(LoginGuru.java:60)
at guru99.LoginGuru.sendEmailId(LoginGuru.java:60)
at guru99.LoginGuru.sendEmailId(LoginGuru.java:60)
at guru99.LoginGuru.sendEmailId(LoginGuru.java:60)
at guru99.LoginGuru.sendEmailId(LoginGuru.java:60)
at guru99.LoginGuru.sendEmailId(LoginGuru.java:60)
at guru99.LoginGuru.sendEmailId(LoginGuru.java:60)
at guru99.LoginGuru.sendEmailId(LoginGuru.java:60)
at guru99.LoginGuru.sendEmailId(LoginGuru.java:60)
at guru99.LoginGuru.sendEmailId(LoginGuru.java:60)
at guru99.LoginGuru.sendEmailId(LoginGuru.java:60)
at guru99.LoginGuru.sendEmailId(LoginGuru.java:60)
at guru99.LoginGuru.sendEmailId(LoginGuru.java:60)
at guru99.LoginGuru.sendEmailId(LoginGuru.java:60)
at guru99.LoginGuru.sendEmailId(LoginGuru.java:60)
at guru99.LoginGuru.sendEmailId(LoginGuru.java:60)
at guru99.LoginGuru.sendEmailId(LoginGuru.java:60)
at guru99.LoginGuru.sendEmailId(LoginGuru.java:60)
at guru99.LoginGuru.sendEmailId(LoginGuru.java:60)
at guru99.LoginGuru.sendEmailId(LoginGuru.java:60)
at guru99.LoginGuru.sendEmailId(LoginGuru.java:60)
at guru99.LoginGuru.sendEmailId(LoginGuru.java:60)
at guru99.LoginGuru.sendEmailId(LoginGuru.java:60)
at guru99.LoginGuru.sendEmailId(LoginGuru.java:60)
at guru99.LoginGuru.sendEmailId(LoginGuru.java:60)
at guru99.LoginGuru.sendEmailId(LoginGuru.java:60)
at guru99.LoginGuru.sendEmailId(LoginGuru.java:60)
at guru99.LoginGuru.sendEmailId(LoginGuru.java:60)
at guru99.LoginGuru.sendEmailId(LoginGuru.java:60)
at guru99.LoginGuru.sendEmailId(LoginGuru.java:60)
at guru99.LoginGuru.sendEmailId(LoginGuru.java:60)
at guru99.LoginGuru.sendEmailId(LoginGuru.java:60)
at guru99.LoginGuru.sendEmailId(LoginGuru.java:60)
at guru99.LoginGuru.sendEmailId(LoginGuru.java:60)
at guru99.LoginGuru.sendEmailId(LoginGuru.java:60)
at guru99.LoginGuru.sendEmailId(LoginGuru.java:60)
at guru99.LoginGuru.sendEmailId(LoginGuru.java:60)
at guru99.LoginGuru.sendEmailId(LoginGuru.java:60)
at guru99.LoginGuru.sendEmailId(LoginGuru.java:60)
at guru99.LoginGuru.sendEmailId(LoginGuru.java:60)
at guru99.LoginGuru.sendEmailId(LoginGuru.java:60)
at guru99.LoginGuru.sendEmailId(LoginGuru.java:60)
at guru99.LoginGuru.sendEmailId(LoginGuru.java:60)
at guru99.LoginGuru.sendEmailId(LoginGuru.java:60)
at guru99.LoginGuru.sendEmailId(LoginGuru.java:60)
at guru99.LoginGuru.sendEmailId(LoginGuru.java:60)
at guru99.LoginGuru.sendEmailId(LoginGuru.java:60)
at guru99.LoginGuru.sendEmailId(LoginGuru.java:60)
at guru99.LoginGuru.sendEmailId(LoginGuru.java:60)
at guru99.LoginGuru.sendEmailId(LoginGuru.java:60)
at guru99.LoginGuru.sendEmailId(LoginGuru.java:60)
at guru99.LoginGuru.sendEmailId(LoginGuru.java:60)
at guru99.LoginGuru.sendEmailId(LoginGuru.java:60)
at guru99.LoginGuru.sendEmailId(LoginGuru.java:60)
at guru99.LoginGuru.sendEmailId(LoginGuru.java:60)
at guru99.LoginGuru.sendEmailId(LoginGuru.java:60)
at guru99.LoginGuru.sendEmailId(LoginGuru.java:60)
at guru99.LoginGuru.sendEmailId(LoginGuru.java:60)
at guru99.LoginGuru.sendEmailId(LoginGuru.java:60)
at guru99.LoginGuru.sendEmailId(LoginGuru.java:60)
at guru99.LoginGuru.sendEmailId(LoginGuru.java:60)
at guru99.LoginGuru.sendEmailId(LoginGuru.java:60)
at guru99.LoginGuru.sendEmailId(LoginGuru.java:60)
at guru99.LoginGuru.sendEmailId(LoginGuru.java:60)
at guru99.LoginGuru.sendEmailId(LoginGuru.java:60)
at guru99.LoginGuru.sendEmailId(LoginGuru.java:60)
at guru99.LoginGuru.sendEmailId(LoginGuru.java:60)
at guru99.LoginGuru.sendEmailId(LoginGuru.java:60)
at guru99.LoginGuru.sendEmailId(LoginGuru.java:60)
at guru99.LoginGuru.sendEmailId(LoginGuru.java:60)
at guru99.LoginGuru.sendEmailId(LoginGuru.java:60)
at guru99.LoginGuru.sendEmailId(LoginGuru.java:60)
at guru99.LoginGuru.sendEmailId(LoginGuru.java:60)
at guru99.LoginGuru.sendEmailId(LoginGuru.java:60)
at guru99.LoginGuru.sendEmailId(LoginGuru.java:60)
at guru99.LoginGuru.sendEmailId(LoginGuru.java:60)
at guru99.LoginGuru.sendEmailId(LoginGuru.java:60)
at guru99.LoginGuru.sendEmailId(LoginGuru.java:60)
at guru99.LoginGuru.sendEmailId(LoginGuru.java:60)
at guru99.LoginGuru.sendEmailId(LoginGuru.java:60)
at guru99.LoginGuru.sendEmailId(LoginGuru.java:60)
at guru99.LoginGuru.sendEmailId(LoginGuru.java:60)
at guru99.LoginGuru.sendEmailId(LoginGuru.java:60)
at guru99.LoginGuru.sendEmailId(LoginGuru.java:60)
at guru99.LoginGuru.sendEmailId(LoginGuru.java:60)
at guru99.LoginGuru.sendEmailId(LoginGuru.java:60)
at guru99.LoginGuru.sendEmailId(LoginGuru.java:60)
at guru99.LoginGuru.sendEmailId(LoginGuru.java:60)
at guru99.LoginGuru.sendEmailId(LoginGuru.java:60)
at guru99.LoginGuru.sendEmailId(LoginGuru.java:60)
at guru99.LoginGuru.sendEmailId(LoginGuru.java:60)
at guru99.LoginGuru.sendEmailId(LoginGuru.java:60)
at guru99.LoginGuru.sendEmailId(LoginGuru.java:60)
at guru99.LoginGuru.sendEmailId(LoginGuru.java:60)
at guru99.LoginGuru.sendEmailId(LoginGuru.java:60)
at guru99.LoginGuru.sendEmailId(LoginGuru.java:60)
at guru99.LoginGuru.sendEmailId(LoginGuru.java:60)
at guru99.LoginGuru.sendEmailId(LoginGuru.java:60)
at guru99.LoginGuru.sendEmailId(LoginGuru.java:60)
at guru99.LoginGuru.sendEmailId(LoginGuru.java:60)
at guru99.LoginGuru.sendEmailId(LoginGuru.java:60)
at guru99.LoginGuru.sendEmailId(LoginGuru.java:60)
at guru99.LoginGuru.sendEmailId(LoginGuru.java:60)
at guru99.LoginGuru.sendEmailId(LoginGuru.java:60)
at guru99.LoginGuru.sendEmailId(LoginGuru.java:60)
at guru99.LoginGuru.sendEmailId(LoginGuru.java:60)
at guru99.LoginGuru.sendEmailId(LoginGuru.java:60)
at guru99.LoginGuru.sendEmailId(LoginGuru.java:60)
at guru99.LoginGuru.sendEmailId(LoginGuru.java:60)
at guru99.LoginGuru.sendEmailId(LoginGuru.java:60)
at guru99.LoginGuru.sendEmailId(LoginGuru.java:60)
at guru99.LoginGuru.sendEmailId(LoginGuru.java:60)
at guru99.LoginGuru.sendEmailId(LoginGuru.java:60)
at guru99.LoginGuru.sendEmailId(LoginGuru.java:60)
at guru99.LoginGuru.sendEmailId(LoginGuru.java:60)
at guru99.LoginGuru.sendEmailId(LoginGuru.java:60)
at guru99.LoginGuru.sendEmailId(LoginGuru.java:60)
at guru99.LoginGuru.sendEmailId(LoginGuru.java:60)
at guru99.LoginGuru.sendEmailId(LoginGuru.java:60)
at guru99.LoginGuru.sendEmailId(LoginGuru.java:60)
at guru99.LoginGuru.sendEmailId(LoginGuru.java:60)
at guru99.LoginGuru.sendEmailId(LoginGuru.java:60)
at guru99.LoginGuru.sendEmailId(LoginGuru.java:60)
at guru99.LoginGuru.sendEmailId(LoginGuru.java:60)
at guru99.LoginGuru.sendEmailId(LoginGuru.java:60)
at guru99.LoginGuru.sendEmailId(LoginGuru.java:60)
at guru99.LoginGuru.sendEmailId(LoginGuru.java:60)
at guru99.LoginGuru.sendEmailId(LoginGuru.java:60)
at guru99.LoginGuru.sendEmailId(LoginGuru.java:60)
at guru99.LoginGuru.sendEmailId(LoginGuru.java:60)
at guru99.LoginGuru.sendEmailId(LoginGuru.java:60)
at guru99.LoginGuru.sendEmailId(LoginGuru.java:60)
at guru99.LoginGuru.sendEmailId(LoginGuru.java:60)
at guru99.LoginGuru.sendEmailId(LoginGuru.java:60)
at guru99.LoginGuru.sendEmailId(LoginGuru.java:60)
at guru99.LoginGuru.sendEmailId(LoginGuru.java:60)
at guru99.LoginGuru.sendEmailId(LoginGuru.java:60)
at guru99.LoginGuru.sendEmailId(LoginGuru.java:60)
at guru99.LoginGuru.sendEmailId(LoginGuru.java:60)
at guru99.LoginGuru.sendEmailId(LoginGuru.java:60)
at guru99.LoginGuru.sendEmailId(LoginGuru.java:60)
at guru99.LoginGuru.sendEmailId(LoginGuru.java:60)
at guru99.LoginGuru.sendEmailId(LoginGuru.java:60)
at guru99.LoginGuru.sendEmailId(LoginGuru.java:60)
at guru99.LoginGuru.sendEmailId(LoginGuru.java:60)
at guru99.LoginGuru.sendEmailId(LoginGuru.java:60)
at guru99.LoginGuru.sendEmailId(LoginGuru.java:60)
at guru99.LoginGuru.sendEmailId(LoginGuru.java:60)
at guru99.LoginGuru.sendEmailId(LoginGuru.java:60)
at guru99.LoginGuru.sendEmailId(LoginGuru.java:60)
at guru99.LoginGuru.sendEmailId(LoginGuru.java:60)
at guru99.LoginGuru.sendEmailId(LoginGuru.java:60)
at guru99.LoginGuru.sendEmailId(LoginGuru.java:60)
at guru99.LoginGuru.sendEmailId(LoginGuru.java:60)
at guru99.LoginGuru.sendEmailId(LoginGuru.java:60)
at guru99.LoginGuru.sendEmailId(LoginGuru.java:60)
at guru99.LoginGuru.sendEmailId(LoginGuru.java:60)
at guru99.LoginGuru.sendEmailId(LoginGuru.java:60)
at guru99.LoginGuru.sendEmailId(LoginGuru.java:60)
at guru99.LoginGuru.sendEmailId(LoginGuru.java:60)
at guru99.LoginGuru.sendEmailId(LoginGuru.java:60)
at guru99.LoginGuru.sendEmailId(LoginGuru.java:60)
at guru99.LoginGuru.sendEmailId(LoginGuru.java:60)
at guru99.LoginGuru.sendEmailId(LoginGuru.java:60)
at guru99.LoginGuru.sendEmailId(LoginGuru.java:60)
at guru99.LoginGuru.sendEmailId(LoginGuru.java:60)
at guru99.LoginGuru.sendEmailId(LoginGuru.java:60)
at guru99.LoginGuru.sendEmailId(LoginGuru.java:60)
at guru99.LoginGuru.sendEmailId(LoginGuru.java:60)
at guru99.LoginGuru.sendEmailId(LoginGuru.java:60)
at guru99.LoginGuru.sendEmailId(LoginGuru.java:60)
at guru99.LoginGuru.sendEmailId(LoginGuru.java:60)
at guru99.LoginGuru.sendEmailId(LoginGuru.java:60)
at guru99.LoginGuru.sendEmailId(LoginGuru.java:60)
at guru99.LoginGuru.sendEmailId(LoginGuru.java:60)
at guru99.LoginGuru.sendEmailId(LoginGuru.java:60)
at guru99.LoginGuru.sendEmailId(LoginGuru.java:60)
at guru99.LoginGuru.sendEmailId(LoginGuru.java:60)
at guru99.LoginGuru.sendEmailId(LoginGuru.java:60)
at guru99.LoginGuru.sendEmailId(LoginGuru.java:60)
at guru99.LoginGuru.sendEmailId(LoginGuru.java:60)
at guru99.LoginGuru.sendEmailId(LoginGuru.java:60)
at guru99.LoginGuru.sendEmailId(LoginGuru.java:60)
at guru99.LoginGuru.sendEmailId(LoginGuru.java:60)
at guru99.LoginGuru.sendEmailId(LoginGuru.java:60)
at guru99.LoginGuru.sendEmailId(LoginGuru.java:60)
at guru99.LoginGuru.sendEmailId(LoginGuru.java:60)
at guru99.LoginGuru.sendEmailId(LoginGuru.java:60)
at guru99.LoginGuru.sendEmailId(LoginGuru.java:60)
at guru99.LoginGuru.sendEmailId(LoginGuru.java:60)
at guru99.LoginGuru.sendEmailId(LoginGuru.java:60)
at guru99.LoginGuru.sendEmailId(LoginGuru.java:60)
at guru99.LoginGuru.sendEmailId(LoginGuru.java:60)
at guru99.LoginGuru.sendEmailId(LoginGuru.java:60)
at guru99.LoginGuru.sendEmailId(LoginGuru.java:60)
at guru99.LoginGuru.sendEmailId(LoginGuru.java:60)
at guru99.LoginGuru.sendEmailId(LoginGuru.java:60)
at guru99.LoginGuru.sendEmailId(LoginGuru.java:60)
at guru99.LoginGuru.sendEmailId(LoginGuru.java:60)
at guru99.LoginGuru.sendEmailId(LoginGuru.java:60)
at guru99.LoginGuru.sendEmailId(LoginGuru.java:60)
at guru99.LoginGuru.sendEmailId(LoginGuru.java:60)
at guru99.LoginGuru.sendEmailId(LoginGuru.java:60)
at guru99.LoginGuru.sendEmailId(LoginGuru.java:60)
at guru99.LoginGuru.sendEmailId(LoginGuru.java:60)
at guru99.LoginGuru.sendEmailId(LoginGuru.java:60)
at guru99.LoginGuru.sendEmailId(LoginGuru.java:60)
at guru99.LoginGuru.sendEmailId(LoginGuru.java:60)
at guru99.LoginGuru.sendEmailId(LoginGuru.java:60)
at guru99.LoginGuru.sendEmailId(LoginGuru.java:60)
at guru99.LoginGuru.sendEmailId(LoginGuru.java:60)
at guru99.LoginGuru.sendEmailId(LoginGuru.java:60)
at guru99.LoginGuru.sendEmailId(LoginGuru.java:60)
at guru99.LoginGuru.sendEmailId(LoginGuru.java:60)
at guru99.LoginGuru.sendEmailId(LoginGuru.java:60)
at guru99.LoginGuru.sendEmailId(LoginGuru.java:60)
at guru99.LoginGuru.sendEmailId(LoginGuru.java:60)
at guru99.LoginGuru.sendEmailId(LoginGuru.java:60)
at guru99.LoginGuru.sendEmailId(LoginGuru.java:60)
at guru99.LoginGuru.sendEmailId(LoginGuru.java:60)
at guru99.LoginGuru.sendEmailId(LoginGuru.java:60)
at guru99.LoginGuru.sendEmailId(LoginGuru.java:60)
at guru99.LoginGuru.sendEmailId(LoginGuru.java:60)
at guru99.LoginGuru.sendEmailId(LoginGuru.java:60)
at guru99.LoginGuru.sendEmailId(LoginGuru.java:60)
at guru99.LoginGuru.sendEmailId(LoginGuru.java:60)
at guru99.LoginGuru.sendEmailId(LoginGuru.java:60)
at guru99.LoginGuru.sendEmailId(LoginGuru.java:60)
at guru99.LoginGuru.sendEmailId(LoginGuru.java:60)
at guru99.LoginGuru.sendEmailId(LoginGuru.java:60)
at guru99.LoginGuru.sendEmailId(LoginGuru.java:60)
at guru99.LoginGuru.sendEmailId(LoginGuru.java:60)
at guru99.LoginGuru.sendEmailId(LoginGuru.java:60)
at guru99.LoginGuru.sendEmailId(LoginGuru.java:60)
at guru99.LoginGuru.sendEmailId(LoginGuru.java:60)
at guru99.LoginGuru.sendEmailId(LoginGuru.java:60)
at guru99.LoginGuru.sendEmailId(LoginGuru.java:60)
at guru99.LoginGuru.sendEmailId(LoginGuru.java:60)
at guru99.LoginGuru.sendEmailId(LoginGuru.java:60)
at guru99.LoginGuru.sendEmailId(LoginGuru.java:60)
at guru99.LoginGuru.sendEmailId(LoginGuru.java:60)
at guru99.LoginGuru.sendEmailId(LoginGuru.java:60)
at guru99.LoginGuru.sendEmailId(LoginGuru.java:60)
at guru99.LoginGuru.sendEmailId(LoginGuru.java:60)
at guru99.LoginGuru.sendEmailId(LoginGuru.java:60)
at guru99.LoginGuru.sendEmailId(LoginGuru.java:60)
at guru99.LoginGuru.sendEmailId(LoginGuru.java:60)
at guru99.LoginGuru.sendEmailId(LoginGuru.java:60)
at guru99.LoginGuru.sendEmailId(LoginGuru.java:60)
at guru99.LoginGuru.sendEmailId(LoginGuru.java:60)
at guru99.LoginGuru.sendEmailId(LoginGuru.java:60)
at guru99.LoginGuru.sendEmailId(LoginGuru.java:60)
at guru99.LoginGuru.sendEmailId(LoginGuru.java:60)
at guru99.LoginGuru.sendEmailId(LoginGuru.java:60)
at guru99.LoginGuru.sendEmailId(LoginGuru.java:60)
at guru99.LoginGuru.sendEmailId(LoginGuru.java:60)
at guru99.LoginGuru.sendEmailId(LoginGuru.java:60)
at guru99.LoginGuru.sendEmailId(LoginGuru.java:60)
at guru99.LoginGuru.sendEmailId(LoginGuru.java:60)
at guru99.LoginGuru.sendEmailId(LoginGuru.java:60)
at guru99.LoginGuru.sendEmailId(LoginGuru.java:60)
at guru99.LoginGuru.sendEmailId(LoginGuru.java:60)
at guru99.LoginGuru.sendEmailId(LoginGuru.java:60)
at guru99.LoginGuru.sendEmailId(LoginGuru.java:60)
at guru99.LoginGuru.sendEmailId(LoginGuru.java:60)
at guru99.LoginGuru.sendEmailId(LoginGuru.java:60)
at guru99.LoginGuru.sendEmailId(LoginGuru.java:60)
at guru99.LoginGuru.sendEmailId(LoginGuru.java:60)
at guru99.LoginGuru.sendEmailId(LoginGuru.java:60)
at guru99.LoginGuru.sendEmailId(LoginGuru.java:60)
at guru99.LoginGuru.sendEmailId(LoginGuru.java:60)
at guru99.LoginGuru.sendEmailId(LoginGuru.java:60)
at guru99.LoginGuru.sendEmailId(LoginGuru.java:60)
at guru99.LoginGuru.sendEmailId(LoginGuru.java:60)
at guru99.LoginGuru.sendEmailId(LoginGuru.java:60)
at guru99.LoginGuru.sendEmailId(LoginGuru.java:60)
at guru99.LoginGuru.sendEmailId(LoginGuru.java:60)
at guru99.LoginGuru.sendEmailId(LoginGuru.java:60)
at guru99.LoginGuru.sendEmailId(LoginGuru.java:60)
at guru99.LoginGuru.sendEmailId(LoginGuru.java:60)
at guru99.LoginGuru.sendEmailId(LoginGuru.java:60)
at guru99.LoginGuru.sendEmailId(LoginGuru.java:60)
at guru99.LoginGuru.sendEmailId(LoginGuru.java:60)
at guru99.LoginGuru.sendEmailId(LoginGuru.java:60)
at guru99.LoginGuru.sendEmailId(LoginGuru.java:60)
at guru99.LoginGuru.sendEmailId(LoginGuru.java:60)
at guru99.LoginGuru.sendEmailId(LoginGuru.java:60)
at guru99.LoginGuru.sendEmailId(LoginGuru.java:60)
at guru99.LoginGuru.sendEmailId(LoginGuru.java:60)
at guru99.LoginGuru.sendEmailId(LoginGuru.java:60)
at guru99.LoginGuru.sendEmailId(LoginGuru.java:60)
at guru99.LoginGuru.sendEmailId(LoginGuru.java:60)
at guru99.LoginGuru.sendEmailId(LoginGuru.java:60)
at guru99.LoginGuru.sendEmailId(LoginGuru.java:60)
at guru99.LoginGuru.sendEmailId(LoginGuru.java:60)
at guru99.LoginGuru.sendEmailId(LoginGuru.java:60)
at guru99.LoginGuru.sendEmailId(LoginGuru.java:60)
at guru99.LoginGuru.sendEmailId(LoginGuru.java:60)
at guru99.LoginGuru.sendEmailId(LoginGuru.java:60)
at guru99.LoginGuru.sendEmailId(LoginGuru.java:60)
at guru99.LoginGuru.sendEmailId(LoginGuru.java:60)
at guru99.LoginGuru.sendEmailId(LoginGuru.java:60)
at guru99.LoginGuru.sendEmailId(LoginGuru.java:60)
at guru99.LoginGuru.sendEmailId(LoginGuru.java:60)
at guru99.LoginGuru.sendEmailId(LoginGuru.java:60)
at guru99.LoginGuru.sendEmailId(LoginGuru.java:60)
at guru99.LoginGuru.sendEmailId(LoginGuru.java:60)
at guru99.LoginGuru.sendEmailId(LoginGuru.java:60)
at guru99.LoginGuru.sendEmailId(LoginGuru.java:60)
at guru99.LoginGuru.sendEmailId(LoginGuru.java:60)
at guru99.LoginGuru.sendEmailId(LoginGuru.java:60)
at guru99.LoginGuru.sendEmailId(LoginGuru.java:60)
at guru99.LoginGuru.sendEmailId(LoginGuru.java:60)
at guru99.LoginGuru.sendEmailId(LoginGuru.java:60)
at guru99.LoginGuru.sendEmailId(LoginGuru.java:60)
at guru99.LoginGuru.sendEmailId(LoginGuru.java:60)
at guru99.LoginGuru.sendEmailId(LoginGuru.java:60)
at guru99.LoginGuru.sendEmailId(LoginGuru.java:60)
at guru99.LoginGuru.sendEmailId(LoginGuru.java:60)
at guru99.LoginGuru.sendEmailId(LoginGuru.java:60)
at guru99.LoginGuru.sendEmailId(LoginGuru.java:60)
at guru99.LoginGuru.sendEmailId(LoginGuru.java:60)
at guru99.LoginGuru.sendEmailId(LoginGuru.java:60)
at guru99.LoginGuru.sendEmailId(LoginGuru.java:60)
at guru99.LoginGuru.sendEmailId(LoginGuru.java:60)
at guru99.LoginGuru.sendEmailId(LoginGuru.java:60)
at guru99.LoginGuru.sendEmailId(LoginGuru.java:60)
at guru99.LoginGuru.sendEmailId(LoginGuru.java:60)
at guru99.LoginGuru.sendEmailId(LoginGuru.java:60)
at guru99.LoginGuru.sendEmailId(LoginGuru.java:60)
at guru99.LoginGuru.sendEmailId(LoginGuru.java:60)
at guru99.LoginGuru.sendEmailId(LoginGuru.java:60)
at guru99.LoginGuru.sendEmailId(LoginGuru.java:60)
at guru99.LoginGuru.sendEmailId(LoginGuru.java:60)
at guru99.LoginGuru.sendEmailId(LoginGuru.java:60)
at guru99.LoginGuru.sendEmailId(LoginGuru.java:60)
at guru99.LoginGuru.sendEmailId(LoginGuru.java:60)
at guru99.LoginGuru.sendEmailId(LoginGuru.java:60)
at guru99.LoginGuru.sendEmailId(LoginGuru.java:60)
at guru99.LoginGuru.sendEmailId(LoginGuru.java:60)
at guru99.LoginGuru.sendEmailId(LoginGuru.java:60)
at guru99.LoginGuru.sendEmailId(LoginGuru.java:60)
at guru99.LoginGuru.sendEmailId(LoginGuru.java:60)
at guru99.LoginGuru.sendEmailId(LoginGuru.java:60)
at guru99.LoginGuru.sendEmailId(LoginGuru.java:60)
at guru99.LoginGuru.sendEmailId(LoginGuru.java:60)
at guru99.LoginGuru.sendEmailId(LoginGuru.java:60)
at guru99.LoginGuru.sendEmailId(LoginGuru.java:60)
at guru99.LoginGuru.sendEmailId(LoginGuru.java:60)
at guru99.LoginGuru.sendEmailId(LoginGuru.java:60)
at guru99.LoginGuru.sendEmailId(LoginGuru.java:60)
at guru99.LoginGuru.sendEmailId(LoginGuru.java:60)
at guru99.LoginGuru.sendEmailId(LoginGuru.java:60)
at guru99.LoginGuru.sendEmailId(LoginGuru.java:60)
at guru99.LoginGuru.sendEmailId(LoginGuru.java:60)
at guru99.LoginGuru.sendEmailId(LoginGuru.java:60)
at guru99.LoginGuru.sendEmailId(LoginGuru.java:60)
at guru99.LoginGuru.sendEmailId(LoginGuru.java:60)
at guru99.LoginGuru.sendEmailId(LoginGuru.java:60)
at guru99.LoginGuru.sendEmailId(LoginGuru.java:60)
at guru99.LoginGuru.sendEmailId(LoginGuru.java:60)
at guru99.LoginGuru.sendEmailId(LoginGuru.java:60)
at guru99.LoginGuru.sendEmailId(LoginGuru.java:60)
at guru99.LoginGuru.sendEmailId(LoginGuru.java:60)
at guru99.LoginGuru.sendEmailId(LoginGuru.java:60)
at guru99.LoginGuru.sendEmailId(LoginGuru.java:60)
at guru99.LoginGuru.sendEmailId(LoginGuru.java:60)
at guru99.LoginGuru.sendEmailId(LoginGuru.java:60)
at guru99.LoginGuru.sendEmailId(LoginGuru.java:60)
at guru99.LoginGuru.sendEmailId(LoginGuru.java:60)
at guru99.LoginGuru.sendEmailId(LoginGuru.java:60)
at guru99.LoginGuru.sendEmailId(LoginGuru.java:60)
at guru99.LoginGuru.sendEmailId(LoginGuru.java:60)
at guru99.LoginGuru.sendEmailId(LoginGuru.java:60)
at guru99.LoginGuru.sendEmailId(LoginGuru.java:60)
at guru99.LoginGuru.sendEmailId(LoginGuru.java:60)
at guru99.LoginGuru.sendEmailId(LoginGuru.java:60)
at guru99.LoginGuru.sendEmailId(LoginGuru.java:60)
at guru99.LoginGuru.sendEmailId(LoginGuru.java:60)
at guru99.LoginGuru.sendEmailId(LoginGuru.java:60)
at guru99.LoginGuru.sendEmailId(LoginGuru.java:60)
at guru99.LoginGuru.sendEmailId(LoginGuru.java:60)
at guru99.LoginGuru.sendEmailId(LoginGuru.java:60)
at guru99.LoginGuru.sendEmailId(LoginGuru.java:60)
at guru99.LoginGuru.sendEmailId(LoginGuru.java:60)
at guru99.LoginGuru.sendEmailId(LoginGuru.java:60)
at guru99.LoginGuru.sendEmailId(LoginGuru.java:60)
at guru99.LoginGuru.sendEmailId(LoginGuru.java:60)
at guru99.LoginGuru.sendEmailId(LoginGuru.java:60)
at guru99.LoginGuru.sendEmailId(LoginGuru.java:60)
at guru99.LoginGuru.sendEmailId(LoginGuru.java:60)
at guru99.LoginGuru.sendEmailId(LoginGuru.java:60)
at guru99.LoginGuru.sendEmailId(LoginGuru.java:60)
at guru99.LoginGuru.sendEmailId(LoginGuru.java:60)
at guru99.LoginGuru.sendEmailId(LoginGuru.java:60)
at guru99.LoginGuru.sendEmailId(LoginGuru.java:60)
at guru99.LoginGuru.sendEmailId(LoginGuru.java:60)
at guru99.LoginGuru.sendEmailId(LoginGuru.java:60)
at guru99.LoginGuru.sendEmailId(LoginGuru.java:60)
at guru99.LoginGuru.sendEmailId(LoginGuru.java:60)
at guru99.LoginGuru.sendEmailId(LoginGuru.java:60)
at guru99.LoginGuru.sendEmailId(LoginGuru.java:60)
at guru99.LoginGuru.sendEmailId(LoginGuru.java:60)
at guru99.LoginGuru.sendEmailId(LoginGuru.java:60)
at guru99.LoginGuru.sendEmailId(LoginGuru.java:60)
at guru99.LoginGuru.sendEmailId(LoginGuru.java:60)
at guru99.LoginGuru.sendEmailId(LoginGuru.java:60)
at guru99.LoginGuru.sendEmailId(LoginGuru.java:60)
at guru99.LoginGuru.sendEmailId(LoginGuru.java:60)
at guru99.LoginGuru.sendEmailId(LoginGuru.java:60)
at guru99.LoginGuru.sendEmailId(LoginGuru.java:60)
at guru99.LoginGuru.sendEmailId(LoginGuru.java:60)
at guru99.LoginGuru.sendEmailId(LoginGuru.java:60)
at guru99.LoginGuru.sendEmailId(LoginGuru.java:60)
at guru99.LoginGuru.sendEmailId(LoginGuru.java:60)
at guru99.LoginGuru.sendEmailId(LoginGuru.java:60)
at guru99.LoginGuru.sendEmailId(LoginGuru.java:60)
at guru99.LoginGuru.sendEmailId(LoginGuru.java:60)
at guru99.LoginGuru.sendEmailId(LoginGuru.java:60)
at guru99.LoginGuru.sendEmailId(LoginGuru.java:60)
at guru99.LoginGuru.sendEmailId(LoginGuru.java:60)
at guru99.LoginGuru.sendEmailId(LoginGuru.java:60)
at guru99.LoginGuru.sendEmailId(LoginGuru.java:60)
at guru99.LoginGuru.sendEmailId(LoginGuru.java:60)
at guru99.LoginGuru.sendEmailId(LoginGuru.java:60)
at guru99.LoginGuru.sendEmailId(LoginGuru.java:60)
at guru99.LoginGuru.sendEmailId(LoginGuru.java:60)
at guru99.LoginGuru.sendEmailId(LoginGuru.java:60)
at guru99.LoginGuru.sendEmailId(LoginGuru.java:60)
at guru99.LoginGuru.sendEmailId(LoginGuru.java:60)
at guru99.LoginGuru.sendEmailId(LoginGuru.java:60)
at guru99.LoginGuru.sendEmailId(LoginGuru.java:60)
at guru99.LoginGuru.sendEmailId(LoginGuru.java:60)
at guru99.LoginGuru.sendEmailId(LoginGuru.java:60)
at guru99.LoginGuru.sendEmailId(LoginGuru.java:60)
at guru99.LoginGuru.sendEmailId(LoginGuru.java:60)
at guru99.LoginGuru.sendEmailId(LoginGuru.java:60)
at guru99.LoginGuru.sendEmailId(LoginGuru.java:60)
at guru99.LoginGuru.sendEmailId(LoginGuru.java:60)
at guru99.LoginGuru.sendEmailId(LoginGuru.java:60)
at guru99.LoginGuru.sendEmailId(LoginGuru.java:60)
at guru99.LoginGuru.sendEmailId(LoginGuru.java:60)
at guru99.LoginGuru.sendEmailId(LoginGuru.java:60)
at guru99.LoginGuru.sendEmailId(LoginGuru.java:60)
at guru99.LoginGuru.sendEmailId(LoginGuru.java:60)
at guru99.LoginGuru.sendEmailId(LoginGuru.java:60)
at guru99.LoginGuru.sendEmailId(LoginGuru.java:60)
at guru99.LoginGuru.sendEmailId(LoginGuru.java:60)
at guru99.LoginGuru.sendEmailId(LoginGuru.java:60)
at guru99.LoginGuru.sendEmailId(LoginGuru.java:60)
at guru99.LoginGuru.sendEmailId(LoginGuru.java:60)
at guru99.LoginGuru.sendEmailId(LoginGuru.java:60)
at guru99.LoginGuru.sendEmailId(LoginGuru.java:60)
at guru99.LoginGuru.sendEmailId(LoginGuru.java:60)
at guru99.LoginGuru.sendEmailId(LoginGuru.java:60)
at guru99.LoginGuru.sendEmailId(LoginGuru.java:60)
at guru99.LoginGuru.sendEmailId(LoginGuru.java:60)
at guru99.LoginGuru.sendEmailId(LoginGuru.java:60)
at guru99.LoginGuru.sendEmailId(LoginGuru.java:60)
at guru99.LoginGuru.sendEmailId(LoginGuru.java:60)
at guru99.LoginGuru.sendEmailId(LoginGuru.java:60)
at guru99.LoginGuru.sendEmailId(LoginGuru.java:60)
at guru99.LoginGuru.sendEmailId(LoginGuru.java:60)
at guru99.LoginGuru.sendEmailId(LoginGuru.java:60)
at guru99.LoginGuru.sendEmailId(LoginGuru.java:60)
at guru99.LoginGuru.sendEmailId(LoginGuru.java:60)
at guru99.LoginGuru.sendEmailId(LoginGuru.java:60)
at guru99.LoginGuru.sendEmailId(LoginGuru.java:60)
at guru99.LoginGuru.sendEmailId(LoginGuru.java:60)
at guru99.LoginGuru.sendEmailId(LoginGuru.java:60)
at guru99.LoginGuru.sendEmailId(LoginGuru.java:60)
at guru99.LoginGuru.sendEmailId(LoginGuru.java:60)
at guru99.LoginGuru.sendEmailId(LoginGuru.java:60)
at guru99.LoginGuru.sendEmailId(LoginGuru.java:60)
at guru99.LoginGuru.sendEmailId(LoginGuru.java:60)
at guru99.LoginGuru.sendEmailId(LoginGuru.java:60)
at guru99.LoginGuru.sendEmailId(LoginGuru.java:60)
at guru99.LoginGuru.sendEmailId(LoginGuru.java:60)
at guru99.LoginGuru.sendEmailId(LoginGuru.java:60)
at guru99.LoginGuru.sendEmailId(LoginGuru.java:60)
at guru99.LoginGuru.sendEmailId(LoginGuru.java:60)
at guru99.LoginGuru.sendEmailId(LoginGuru.java:60)
at guru99.LoginGuru.sendEmailId(LoginGuru.java:60)
at guru99.LoginGuru.sendEmailId(LoginGuru.java:60)
at guru99.LoginGuru.sendEmailId(LoginGuru.java:60)
at guru99.LoginGuru.sendEmailId(LoginGuru.java:60)
at guru99.LoginGuru.sendEmailId(LoginGuru.java:60)
at guru99.LoginGuru.sendEmailId(LoginGuru.java:60)
at guru99.LoginGuru.sendEmailId(LoginGuru.java:60)
at guru99.LoginGuru.sendEmailId(LoginGuru.java:60)
at guru99.LoginGuru.sendEmailId(LoginGuru.java:60)
at guru99.LoginGuru.sendEmailId(LoginGuru.java:60)
at guru99.LoginGuru.sendEmailId(LoginGuru.java:60)
at guru99.LoginGuru.sendEmailId(LoginGuru.java:60)
at guru99.LoginGuru.sendEmailId(LoginGuru.java:60)
at guru99.LoginGuru.sendEmailId(LoginGuru.java:60)
at guru99.LoginGuru.sendEmailId(LoginGuru.java:60)
at guru99.LoginGuru.sendEmailId(LoginGuru.java:60)
at guru99.LoginGuru.sendEmailId(LoginGuru.java:60)
at guru99.LoginGuru.sendEmailId(LoginGuru.java:60)
at guru99.LoginGuru.sendEmailId(LoginGuru.java:60)
at guru99.LoginGuru.sendEmailId(LoginGuru.java:60)
at guru99.LoginGuru.sendEmailId(LoginGuru.java:60)
at guru99.LoginGuru.sendEmailId(LoginGuru.java:60)
at guru99.LoginGuru.sendEmailId(LoginGuru.java:60)
at guru99.LoginGuru.sendEmailId(LoginGuru.java:60)
at guru99.LoginGuru.sendEmailId(LoginGuru.java:60)
at guru99.LoginGuru.sendEmailId(LoginGuru.java:60)
at guru99.LoginGuru.sendEmailId(LoginGuru.java:60)
at guru99.LoginGuru.sendEmailId(LoginGuru.java:60)
at guru99.LoginGuru.sendEmailId(LoginGuru.java:60)
at guru99.LoginGuru.sendEmailId(LoginGuru.java:60)
at guru99.LoginGuru.sendEmailId(LoginGuru.java:60)
at guru99.LoginGuru.sendEmailId(LoginGuru.java:60)
at guru99.LoginGuru.sendEmailId(LoginGuru.java:60)
at guru99.LoginGuru.sendEmailId(LoginGuru.java:60)
at guru99.LoginGuru.sendEmailId(LoginGuru.java:60)
at guru99.LoginGuru.sendEmailId(LoginGuru.java:60)
at guru99.LoginGuru.sendEmailId(LoginGuru.java:60)
at guru99.LoginGuru.sendEmailId(LoginGuru.java:60)
at guru99.LoginGuru.sendEmailId(LoginGuru.java:60)
at guru99.LoginGuru.sendEmailId(LoginGuru.java:60)
at guru99.LoginGuru.sendEmailId(LoginGuru.java:60)
at guru99.LoginGuru.sendEmailId(LoginGuru.java:60)
at guru99.LoginGuru.sendEmailId(LoginGuru.java:60)
at guru99.LoginGuru.sendEmailId(LoginGuru.java:60)
at guru99.LoginGuru.sendEmailId(LoginGuru.java:60)
at guru99.LoginGuru.sendEmailId(LoginGuru.java:60)
at guru99.LoginGuru.sendEmailId(LoginGuru.java:60)
at guru99.LoginGuru.sendEmailId(LoginGuru.java:60)
at guru99.LoginGuru.sendEmailId(LoginGuru.java:60)
at guru99.LoginGuru.sendEmailId(LoginGuru.java:60)
at guru99.LoginGuru.sendEmailId(LoginGuru.java:60)
at guru99.LoginGuru.sendEmailId(LoginGuru.java:60)
at guru99.LoginGuru.sendEmailId(LoginGuru.java:60)
at guru99.LoginGuru.sendEmailId(LoginGuru.java:60)
at guru99.LoginGuru.sendEmailId(LoginGuru.java:60)
at guru99.LoginGuru.sendEmailId(LoginGuru.java:60)
at guru99.LoginGuru.sendEmailId(LoginGuru.java:60)
at guru99.LoginGuru.sendEmailId(LoginGuru.java:60)
at guru99.LoginGuru.sendEmailId(LoginGuru.java:60)
at guru99.LoginGuru.sendEmailId(LoginGuru.java:60)
at guru99.LoginGuru.sendEmailId(LoginGuru.java:60)
at guru99.LoginGuru.sendEmailId(LoginGuru.java:60)
at guru99.LoginGuru.sendEmailId(LoginGuru.java:60)
at guru99.LoginGuru.sendEmailId(LoginGuru.java:60)
at guru99.LoginGuru.sendEmailId(LoginGuru.java:60)
at guru99.LoginGuru.sendEmailId(LoginGuru.java:60)
at guru99.LoginGuru.sendEmailId(LoginGuru.java:60)
at guru99.LoginGuru.sendEmailId(LoginGuru.java:60)
at guru99.LoginGuru.sendEmailId(LoginGuru.java:60)
at guru99.LoginGuru.sendEmailId(LoginGuru.java:60)
at guru99.LoginGuru.sendEmailId(LoginGuru.java:60)
at guru99.LoginGuru.sendEmailId(LoginGuru.java:60)
at guru99.LoginGuru.sendEmailId(LoginGuru.java:60)
at guru99.LoginGuru.sendEmailId(LoginGuru.java:60)
at guru99.LoginGuru.sendEmailId(LoginGuru.java:60)
at guru99.LoginGuru.sendEmailId(LoginGuru.java:60)
at guru99.LoginGuru.sendEmailId(LoginGuru.java:60)
at guru99.LoginGuru.sendEmailId(LoginGuru.java:60)
at guru99.LoginGuru.sendEmailId(LoginGuru.java:60)
at guru99.LoginGuru.sendEmailId(LoginGuru.java:60)
at guru99.LoginGuru.sendEmailId(LoginGuru.java:60)
at guru99.LoginGuru.sendEmailId(LoginGuru.java:60)
at guru99.LoginGuru.sendEmailId(LoginGuru.java:60)
at guru99.LoginGuru.sendEmailId(LoginGuru.java:60)
at guru99.LoginGuru.sendEmailId(LoginGuru.java:60)
at guru99.LoginGuru.sendEmailId(LoginGuru.java:60)
at guru99.LoginGuru.sendEmailId(LoginGuru.java:60)
at guru99.LoginGuru.sendEmailId(LoginGuru.java:60)
at guru99.LoginGuru.sendEmailId(LoginGuru.java:60)
at guru99.LoginGuru.sendEmailId(LoginGuru.java:60)
at guru99.LoginGuru.sendEmailId(LoginGuru.java:60)
at guru99.LoginGuru.sendEmailId(LoginGuru.java:60)
at guru99.LoginGuru.sendEmailId(LoginGuru.java:60)
at guru99.LoginGuru.sendEmailId(LoginGuru.java:60)
at guru99.LoginGuru.sendEmailId(LoginGuru.java:60)
at guru99.LoginGuru.sendEmailId(LoginGuru.java:60)
at guru99.LoginGuru.sendEmailId(LoginGuru.java:60)
at guru99.LoginGuru.sendEmailId(LoginGuru.java:60)
at guru99.LoginGuru.sendEmailId(LoginGuru.java:60)
at guru99.LoginGuru.sendEmailId(LoginGuru.java:60)
at guru99.LoginGuru.sendEmailId(LoginGuru.java:60)
at guru99.LoginGuru.sendEmailId(LoginGuru.java:60)
at guru99.LoginGuru.sendEmailId(LoginGuru.java:60)
at guru99.LoginGuru.sendEmailId(LoginGuru.java:60)
at guru99.LoginGuru.sendEmailId(LoginGuru.java:60)
at guru99.LoginGuru.sendEmailId(LoginGuru.java:60)
at guru99.LoginGuru.sendEmailId(LoginGuru.java:60)
at guru99.LoginGuru.sendEmailId(LoginGuru.java:60)
at guru99.LoginGuru.sendEmailId(LoginGuru.java:60)
at guru99.LoginGuru.sendEmailId(LoginGuru.java:60)
at guru99.LoginGuru.sendEmailId(LoginGuru.java:60)
at guru99.LoginGuru.sendEmailId(LoginGuru.java:60)
at guru99.LoginGuru.sendEmailId(LoginGuru.java:60)
at guru99.LoginGuru.sendEmailId(LoginGuru.java:60)
at guru99.LoginGuru.sendEmailId(LoginGuru.java:60)
at guru99.LoginGuru.sendEmailId(LoginGuru.java:60)
at guru99.LoginGuru.sendEmailId(LoginGuru.java:60)
at guru99.LoginGuru.sendEmailId(LoginGuru.java:60)
at guru99.LoginGuru.sendEmailId(LoginGuru.java:60)
at guru99.LoginGuru.sendEmailId(LoginGuru.java:60)
at guru99.LoginGuru.sendEmailId(LoginGuru.java:60)
at guru99.LoginGuru.sendEmailId(LoginGuru.java:60)
at guru99.LoginGuru.sendEmailId(LoginGuru.java:60)
at guru99.LoginGuru.sendEmailId(LoginGuru.java:60)
at guru99.LoginGuru.sendEmailId(LoginGuru.java:60)
at guru99.LoginGuru.sendEmailId(LoginGuru.java:60)
at guru99.LoginGuru.sendEmailId(LoginGuru.java:60)
at guru99.LoginGuru.sendEmailId(LoginGuru.java:60)
at guru99.LoginGuru.sendEmailId(LoginGuru.java:60)
at guru99.LoginGuru.sendEmailId(LoginGuru.java:60)
at guru99.LoginGuru.sendEmailId(LoginGuru.java:60)
at guru99.LoginGuru.sendEmailId(LoginGuru.java:60)
at guru99.LoginGuru.sendEmailId(LoginGuru.java:60)
at guru99.LoginGuru.sendEmailId(LoginGuru.java:60)
at guru99.LoginGuru.sendEmailId(LoginGuru.java:60)
at guru99.LoginGuru.sendEmailId(LoginGuru.java:60)
at guru99.LoginGuru.sendEmailId(LoginGuru.java:60)
at guru99.LoginGuru.sendEmailId(LoginGuru.java:60)
at guru99.LoginGuru.sendEmailId(LoginGuru.java:60)
at guru99.LoginGuru.sendEmailId(LoginGuru.java:60)
at guru99.LoginGuru.sendEmailId(LoginGuru.java:60)
at guru99.LoginGuru.sendEmailId(LoginGuru.java:60)
at guru99.LoginGuru.sendEmailId(LoginGuru.java:60)
at guru99.LoginGuru.sendEmailId(LoginGuru.java:60)
at guru99.LoginGuru.sendEmailId(LoginGuru.java:60)
at guru99.LoginGuru.sendEmailId(LoginGuru.java:60)
at guru99.LoginGuru.sendEmailId(LoginGuru.java:60)
at guru99.LoginGuru.sendEmailId(LoginGuru.java:60)
at guru99.LoginGuru.sendEmailId(LoginGuru.java:60)
at guru99.LoginGuru.sendEmailId(LoginGuru.java:60)
at guru99.LoginGuru.sendEmailId(LoginGuru.java:60)
at guru99.LoginGuru.sendEmailId(LoginGuru.java:60)
at guru99.LoginGuru.sendEmailId(LoginGuru.java:60)
at guru99.LoginGuru.sendEmailId(LoginGuru.java:60)
at guru99.LoginGuru.sendEmailId(LoginGuru.java:60)
at guru99.LoginGuru.sendEmailId(LoginGuru.java:60)
at guru99.LoginGuru.sendEmailId(LoginGuru.java:60)
at guru99.LoginGuru.sendEmailId(LoginGuru.java:60)
at guru99.LoginGuru.sendEmailId(LoginGuru.java:60)
at guru99.LoginGuru.sendEmailId(LoginGuru.java:60)
at guru99.LoginGuru.sendEmailId(LoginGuru.java:60)
at guru99.LoginGuru.sendEmailId(LoginGuru.java:60)
at guru99.LoginGuru.sendEmailId(LoginGuru.java:60)
at guru99.LoginGuru.sendEmailId(LoginGuru.java:60)
at guru99.LoginGuru.sendEmailId(LoginGuru.java:60)
at guru99.LoginGuru.sendEmailId(LoginGuru.java:60)
at guru99.LoginGuru.sendEmailId(LoginGuru.java:60)
at guru99.LoginGuru.sendEmailId(LoginGuru.java:60)
at guru99.LoginGuru.sendEmailId(LoginGuru.java:60)
at guru99.LoginGuru.sendEmailId(LoginGuru.java:60)
at guru99.LoginGuru.sendEmailId(LoginGuru.java:60)
at guru99.LoginGuru.sendEmailId(LoginGuru.java:60)
at guru99.LoginGuru.sendEmailId(LoginGuru.java:60)
at guru99.LoginGuru.sendEmailId(LoginGuru.java:60)
at guru99.LoginGuru.sendEmailId(LoginGuru.java:60)
at guru99.LoginGuru.sendEmailId(LoginGuru.java:60)
at guru99.LoginGuru.sendEmailId(LoginGuru.java:60)
at guru99.LoginGuru.sendEmailId(LoginGuru.java:60)
at guru99.LoginGuru.sendEmailId(LoginGuru.java:60)
at guru99.LoginGuru.sendEmailId(LoginGuru.java:60)
at guru99.LoginGuru.sendEmailId(LoginGuru.java:60)
at guru99.LoginGuru.sendEmailId(LoginGuru.java:60)
at guru99.LoginGuru.sendEmailId(LoginGuru.java:60)
at guru99.LoginGuru.sendEmailId(LoginGuru.java:60)
at guru99.LoginGuru.sendEmailId(LoginGuru.java:60)
at guru99.LoginGuru.sendEmailId(LoginGuru.java:60)
at guru99.LoginGuru.sendEmailId(LoginGuru.java:60)
at guru99.LoginGuru.sendEmailId(LoginGuru.java:60)
at guru99.LoginGuru.sendEmailId(LoginGuru.java:60)
at guru99.LoginGuru.sendEmailId(LoginGuru.java:60)
at guru99.LoginGuru.sendEmailId(LoginGuru.java:60)
at guru99.LoginGuru.sendEmailId(LoginGuru.java:60)
at guru99.LoginGuru.sendEmailId(LoginGuru.java:60)
at guru99.LoginGuru.sendEmailId(LoginGuru.java:60)
at guru99.LoginGuru.sendEmailId(LoginGuru.java:60)
at guru99.LoginGuru.sendEmailId(LoginGuru.java:60)
at guru99.LoginGuru.sendEmailId(LoginGuru.java:60)
at guru99.LoginGuru.sendEmailId(LoginGuru.java:60)
at guru99.LoginGuru.sendEmailId(LoginGuru.java:60)
at guru99.LoginGuru.sendEmailId(LoginGuru.java:60)
at guru99.LoginGuru.sendEmailId(LoginGuru.java:60)
at guru99.LoginGuru.sendEmailId(LoginGuru.java:60)
at guru99.LoginGuru.sendEmailId(LoginGuru.java:60)
at guru99.LoginGuru.sendEmailId(LoginGuru.java:60)
at guru99.LoginGuru.sendEmailId(LoginGuru.java:60)
at guru99.LoginGuru.sendEmailId(LoginGuru.java:60)
at guru99.LoginGuru.sendEmailId(LoginGuru.java:60)
at guru99.LoginGuru.sendEmailId(LoginGuru.java:60)
at guru99.LoginGuru.sendEmailId(LoginGuru.java:60)
at guru99.LoginGuru.sendEmailId(LoginGuru.java:60)
at guru99.LoginGuru.sendEmailId(LoginGuru.java:60)
at guru99.LoginGuru.sendEmailId(LoginGuru.java:60)
at guru99.LoginGuru.sendEmailId(LoginGuru.java:60)
at guru99.LoginGuru.sendEmailId(LoginGuru.java:60)
at guru99.LoginGuru.sendEmailId(LoginGuru.java:60)
at guru99.LoginGuru.sendEmailId(LoginGuru.java:60)
at guru99.LoginGuru.sendEmailId(LoginGuru.java:60)
]]>
    </error>
  </testcase> <!-- handlingWindows -->
  <system-out/>
</testsuite> <!-- guru99.TestGuru99Alerts -->
