<?xml version="1.0" encoding="UTF-8"?>
<!-- Generated by org.testng.reporters.JUnitReportReporter -->
<testsuite hostname="EPINHYDW0D30" failures="0" tests="1" name="TestAutomation.Selenium.InvalidCredentialsTask" time="10.469" errors="0" timestamp="2022-03-06T13:10:26 IST" skipped="0">
  <testcase classname="TestAutomation.Selenium.InvalidCredentialsTask" name="testdriver" time="10.469"/>
  <system-out/>
</testsuite> <!-- TestAutomation.Selenium.InvalidCredentialsTask -->
