<?xml version="1.0" encoding="UTF-8"?>
<!-- Generated by org.testng.reporters.JUnitReportReporter -->
<testsuite hostname="EPINHYDW0D30" failures="0" tests="2" name="testcases.TestLoginPage" time="27.861" errors="0" timestamp="2022-02-23T19:05:50 IST" skipped="0">
  <testcase classname="testcases.TestLoginPage" name="testLoginWithProxy" time="12.160"/>
  <system-out/>
  <testcase classname="testcases.TestLoginPage" name="passMethod" time="15.701"/>
  <system-out/>
</testsuite> <!-- testcases.TestLoginPage -->
