<?xml version="1.0" encoding="UTF-8"?>
<!-- Generated by org.testng.reporters.JUnitReportReporter -->
<testsuite hostname="EPINHYDW0D30" failures="0" tests="8" name="TestAutomation.RestAsuured.TestPost" time="5.637" errors="0" timestamp="2022-02-11T15:25:25 IST" skipped="0">
  <testcase classname="TestAutomation.RestAsuured.TestPost" name="testPostObjectGETResponse" time="1.228"/>
  <system-out/>
  <testcase classname="TestAutomation.RestAsuured.TestPost" name="testPostObjectGETWithID" time="0.293"/>
  <system-out/>
  <testcase classname="TestAutomation.RestAsuured.TestPost" name="testPostObjectPUTResponse" time="1.080"/>
  <system-out/>
  <testcase classname="TestAutomation.RestAsuured.TestPost" name="testPostObjectPOSTResponse" time="0.646"/>
  <system-out/>
  <testcase classname="TestAutomation.RestAsuured.TestPost" name="testPostObjectGETResponseWithParamSearch" time="0.337"/>
  <system-out/>
  <testcase classname="TestAutomation.RestAsuured.TestPost" name="testPostObjectGETResponseWithParamSearch" time="0.835"/>
  <system-out/>
  <testcase classname="TestAutomation.RestAsuured.TestPost" name="testPostObjectGETWithIDQueryParam" time="0.344"/>
  <system-out/>
  <testcase classname="TestAutomation.RestAsuured.TestPost" name="testPostObjectPATCHResponse" time="0.874"/>
  <system-out/>
</testsuite> <!-- TestAutomation.RestAsuured.TestPost -->
