<?xml version="1.0" encoding="UTF-8"?>
<!-- Generated by org.testng.reporters.JUnitReportReporter -->
<testsuite hostname="EPINHYDW0D30" failures="0" tests="2" name="TestAutomation.RestAsuured.Test2" time="2.854" errors="0" timestamp="2022-02-14T23:48:43 IST" skipped="0">
  <testcase classname="TestAutomation.RestAsuured.Test2" name="testGet" time="1.797"/>
  <system-out/>
  <testcase classname="TestAutomation.RestAsuured.Test2" name="testPost" time="1.057"/>
  <system-out/>
</testsuite> <!-- TestAutomation.RestAsuured.Test2 -->
