<?xml version="1.0" encoding="UTF-8"?>
<!-- Generated by org.testng.reporters.JUnitReportReporter -->
<testsuite hostname="EPINHYDW0D30" failures="0" tests="2" name="TestAutomation.RestAsuured.TestWithObject" time="2.501" errors="0" timestamp="2022-02-15T09:16:53 IST" skipped="0">
  <testcase classname="TestAutomation.RestAsuured.TestWithObject" name="testPost" time="0.858"/>
  <system-out/>
  <testcase classname="TestAutomation.RestAsuured.TestWithObject" name="testGet" time="1.643"/>
  <system-out/>
</testsuite> <!-- TestAutomation.RestAsuured.TestWithObject -->
