<?xml version="1.0" encoding="UTF-8"?>
<!-- Generated by org.testng.reporters.JUnitReportReporter -->
<testsuite hostname="EPINHYDW0D30" failures="0" tests="8" name="TestAutomation.RestAsuured.TestPost" time="5.584" errors="0" timestamp="2022-03-05T18:40:51 IST" skipped="0">
  <testcase classname="TestAutomation.RestAsuured.TestPost" name="testPostObjectGETWithID" time="0.290"/>
  <system-out/>
  <testcase classname="TestAutomation.RestAsuured.TestPost" name="testPostObjectPUTResponse" time="0.787"/>
  <system-out/>
  <testcase classname="TestAutomation.RestAsuured.TestPost" name="testPostObjectPOSTResponse" time="0.701"/>
  <system-out/>
  <testcase classname="TestAutomation.RestAsuured.TestPost" name="testPostObjectGETResponseWithParamSearch" time="0.310"/>
  <system-out/>
  <testcase classname="TestAutomation.RestAsuured.TestPost" name="testPostObjectGETResponseWithParamSearch" time="0.810"/>
  <system-out/>
  <testcase classname="TestAutomation.RestAsuured.TestPost" name="testPostObjectGETWithIDQueryParam" time="0.291"/>
  <system-out/>
  <testcase classname="TestAutomation.RestAsuured.TestPost" name="testPostObjectGETResponse" time="1.072"/>
  <system-out/>
  <testcase classname="TestAutomation.RestAsuured.TestPost" name="testPostObjectPATCHResponse" time="1.323"/>
  <system-out/>
</testsuite> <!-- TestAutomation.RestAsuured.TestPost -->
