<?xml version="1.0" encoding="UTF-8"?>
<!-- Generated by org.testng.reporters.JUnitReportReporter -->
<testsuite hostname="EPINHYDW0D30" failures="0" tests="3" name="TestAutomation.RestAsuured.TestAssign" time="0.785" errors="0" timestamp="2022-03-05T19:04:23 IST" skipped="0">
  <testcase classname="TestAutomation.RestAsuured.TestAssign" name="testAuthenticateUsers" time="0.327"/>
  <system-out/>
  <testcase classname="TestAutomation.RestAsuured.TestAssign" name="testUnAuthenticateUsers" time="0.238"/>
  <system-out/>
  <testcase classname="TestAutomation.RestAsuured.TestAssign" name="testUnAuthenticateUsersWithoutToken" time="0.220"/>
  <system-out/>
</testsuite> <!-- TestAutomation.RestAsuured.TestAssign -->
