<?xml version="1.0" encoding="UTF-8"?>
<!-- Generated by org.testng.reporters.JUnitReportReporter -->
<testsuite hostname="EPINHYDW0D30" failures="0" tests="4" name="TestAutomation.RestAsuured.TestAssignOtherCode" time="1.053" errors="0" timestamp="2022-03-05T19:16:37 IST" skipped="0">
  <testcase classname="TestAutomation.RestAsuured.TestAssignOtherCode" name="testApiPOSTResponse" time="0.291"/>
  <system-out/>
  <testcase classname="TestAutomation.RestAsuured.TestAssignOtherCode" name="testApiGETResponse" time="0.242"/>
  <system-out/>
  <testcase classname="TestAutomation.RestAsuured.TestAssignOtherCode" name="testApiDELETEResponse" time="0.244"/>
  <system-out/>
  <testcase classname="TestAutomation.RestAsuured.TestAssignOtherCode" name="testApiPUTResponse" time="0.276"/>
  <system-out/>
</testsuite> <!-- TestAutomation.RestAsuured.TestAssignOtherCode -->
