<?xml version="1.0" encoding="UTF-8"?>
<!-- Generated by org.testng.reporters.JUnitReportReporter -->
<testsuite hostname="EPINHYDW0D30" failures="0" tests="8" name="TestAutomation.RestAsuured.TestPost" time="11.500" errors="0" timestamp="2022-02-14T20:19:32 IST" skipped="0">
  <testcase classname="TestAutomation.RestAsuured.TestPost" name="testPostObjectGETResponse" time="1.812"/>
  <system-out/>
  <testcase classname="TestAutomation.RestAsuured.TestPost" name="testPostObjectGETWithID" time="0.876"/>
  <system-out/>
  <testcase classname="TestAutomation.RestAsuured.TestPost" name="testPostObjectPUTResponse" time="1.526"/>
  <system-out/>
  <testcase classname="TestAutomation.RestAsuured.TestPost" name="testPostObjectPOSTResponse" time="1.756"/>
  <system-out/>
  <testcase classname="TestAutomation.RestAsuured.TestPost" name="testPostObjectGETResponseWithParamSearch" time="1.301"/>
  <system-out/>
  <testcase classname="TestAutomation.RestAsuured.TestPost" name="testPostObjectGETResponseWithParamSearch" time="1.334"/>
  <system-out/>
  <testcase classname="TestAutomation.RestAsuured.TestPost" name="testPostObjectGETWithIDQueryParam" time="1.062"/>
  <system-out/>
  <testcase classname="TestAutomation.RestAsuured.TestPost" name="testPostObjectPATCHResponse" time="1.833"/>
  <system-out/>
</testsuite> <!-- TestAutomation.RestAsuured.TestPost -->
