<?xml version="1.0" encoding="UTF-8"?>
<!-- Generated by org.testng.reporters.JUnitReportReporter -->
<testsuite hostname="EPINHYDW0D30" failures="0" tests="3" name="TestAutomation.RestAsuured.TestAssign" time="0.851" errors="0" timestamp="2022-02-14T12:38:07 IST" skipped="0">
  <testcase classname="TestAutomation.RestAsuured.TestAssign" name="testUnAuthenticateUsers" time="0.259"/>
  <system-out/>
  <testcase classname="TestAutomation.RestAsuured.TestAssign" name="testAuthenticateUsers" time="0.327"/>
  <system-out/>
  <testcase classname="TestAutomation.RestAsuured.TestAssign" name="testUnAuthenticateUsersWithoutToken" time="0.265"/>
  <system-out/>
</testsuite> <!-- TestAutomation.RestAsuured.TestAssign -->
