<?xml version="1.0" encoding="UTF-8"?>
<!-- Generated by org.testng.reporters.JUnitReportReporter -->
<testsuite hostname="EPINHYDW0D30" failures="0" tests="4" name="TestAutomation.RestAsuured.TestAssignOtherCode" time="1.303" errors="0" timestamp="2022-02-14T23:02:54 IST" skipped="0">
  <testcase classname="TestAutomation.RestAsuured.TestAssignOtherCode" name="testApiPUTResponse" time="0.306"/>
  <system-out/>
  <testcase classname="TestAutomation.RestAsuured.TestAssignOtherCode" name="testApiPOSTResponse" time="0.342"/>
  <system-out/>
  <testcase classname="TestAutomation.RestAsuured.TestAssignOtherCode" name="testApiGETResponse" time="0.349"/>
  <system-out/>
  <testcase classname="TestAutomation.RestAsuured.TestAssignOtherCode" name="testApiDELETEResponse" time="0.306"/>
  <system-out/>
</testsuite> <!-- TestAutomation.RestAsuured.TestAssignOtherCode -->
