<?xml version="1.0" encoding="UTF-8"?>
<!-- Generated by org.testng.reporters.JUnitReportReporter -->
<testsuite hostname="EPINHYDW0D30" failures="0" tests="4" name="TestAutomation.RestAsuured.TestAssignOtherCode" time="0.992" errors="0" timestamp="2022-02-14T12:43:30 IST" skipped="0">
  <testcase classname="TestAutomation.RestAsuured.TestAssignOtherCode" name="testApiPOSTResponse" time="0.264"/>
  <system-out/>
  <testcase classname="TestAutomation.RestAsuured.TestAssignOtherCode" name="testApiGETResponse" time="0.234"/>
  <system-out/>
  <testcase classname="TestAutomation.RestAsuured.TestAssignOtherCode" name="testApiDELETEResponse" time="0.245"/>
  <system-out/>
  <testcase classname="TestAutomation.RestAsuured.TestAssignOtherCode" name="testApiPUTResponse" time="0.249"/>
  <system-out/>
</testsuite> <!-- TestAutomation.RestAsuured.TestAssignOtherCode -->
