<?xml version="1.0" encoding="UTF-8"?>
<!-- Generated by org.testng.reporters.JUnitReportReporter -->
<testsuite hostname="EPINHYDW0D30" failures="0" tests="2" name="TestAutomation.RestAsuured.TestWithObject" time="2.818" errors="0" timestamp="2022-03-05T19:26:22 IST" skipped="0">
  <testcase classname="TestAutomation.RestAsuured.TestWithObject" name="testPost" time="0.911"/>
  <system-out/>
  <testcase classname="TestAutomation.RestAsuured.TestWithObject" name="testGet" time="1.907"/>
  <system-out/>
</testsuite> <!-- TestAutomation.RestAsuured.TestWithObject -->
