<?xml version="1.0" encoding="UTF-8"?>
<!-- Generated by org.testng.reporters.JUnitReportReporter -->
<testsuite hostname="EPINHYDW0D30" failures="0" tests="1" name="TestAutomation.RestAsuured.TestPractice" time="1.736" errors="0" timestamp="2022-03-05T18:37:42 IST" skipped="0">
  <testcase classname="TestAutomation.RestAsuured.TestPractice" name="testPostObjectGETWithIDQueryParam" time="1.736"/>
  <system-out/>
</testsuite> <!-- TestAutomation.RestAsuured.TestPractice -->
